prt-get: installing /usr/ports/contrib/atanks
prt-get: starting build Thu Dec  3 21:51:06 2020
=======> Downloading 'https://downloads.sourceforge.net/project/atanks/atanks/atanks-6.5/atanks-6.5.tar.gz'.
--2020-12-03 21:51:06--  https://downloads.sourceforge.net/project/atanks/atanks/atanks-6.5/atanks-6.5.tar.gz
Resolving downloads.sourceforge.net... 216.105.38.13
Connecting to downloads.sourceforge.net|216.105.38.13|:443... connected.
HTTP request sent, awaiting response... 302 Found
Location: https://phoenixnap.dl.sourceforge.net/project/atanks/atanks/atanks-6.5/atanks-6.5.tar.gz [following]
--2020-12-03 21:51:07--  https://phoenixnap.dl.sourceforge.net/project/atanks/atanks/atanks-6.5/atanks-6.5.tar.gz
Resolving phoenixnap.dl.sourceforge.net... 184.164.141.26
Connecting to phoenixnap.dl.sourceforge.net|184.164.141.26|:443... connected.
HTTP request sent, awaiting response... 200 OK
Length: 6059648 (5.8M) [application/x-gzip]
Saving to: '/sources/atanks-6.5.tar.gz.partial'

     0K .......... .......... .......... .......... ..........  0%  821K 7s
    50K .......... .......... .......... .......... ..........  1%  834K 7s
   100K .......... .......... .......... .......... ..........  2%  739K 7s
   150K .......... .......... .......... .......... ..........  3% 3.79M 6s
   200K .......... .......... .......... .......... ..........  4% 4.28M 5s
   250K .......... .......... .......... .......... ..........  5% 2.09M 4s
   300K .......... .......... .......... .......... ..........  5% 4.05M 4s
   350K .......... .......... .......... .......... ..........  6%  971K 4s
   400K .......... .......... .......... .......... ..........  7% 4.67M 4s
   450K .......... .......... .......... .......... ..........  8% 1.07M 4s
   500K .......... .......... .......... .......... ..........  9% 4.13M 4s
   550K .......... .......... .......... .......... .......... 10% 1.03M 4s
   600K .......... .......... .......... .......... .......... 10% 4.04M 3s
   650K .......... .......... .......... .......... .......... 11% 1.20M 3s
   700K .......... .......... .......... .......... .......... 12% 4.03M 3s
   750K .......... .......... .......... .......... .......... 13% 1.05M 3s
   800K .......... .......... .......... .......... .......... 14% 4.17M 3s
   850K .......... .......... .......... .......... .......... 15% 1.07M 3s
   900K .......... .......... .......... .......... .......... 16% 4.06M 3s
   950K .......... .......... .......... .......... .......... 16% 1.11M 3s
  1000K .......... .......... .......... .......... .......... 17% 3.87M 3s
  1050K .......... .......... .......... .......... .......... 18% 4.21M 3s
  1100K .......... .......... .......... .......... .......... 19% 1.18M 3s
  1150K .......... .......... .......... .......... .......... 20% 1013K 3s
  1200K .......... .......... .......... .......... .......... 21% 4.21M 3s
  1250K .......... .......... .......... .......... .......... 21% 4.37M 3s
  1300K .......... .......... .......... .......... .......... 22% 1.17M 3s
  1350K .......... .......... .......... .......... .......... 23% 3.70M 3s
  1400K .......... .......... .......... .......... .......... 24% 1.23M 3s
  1450K .......... .......... .......... .......... .......... 25% 4.20M 3s
  1500K .......... .......... .......... .......... .......... 26% 1.19M 3s
  1550K .......... .......... .......... .......... .......... 27% 2.57M 3s
  1600K .......... .......... .......... .......... .......... 27% 1.33M 3s
  1650K .......... .......... .......... .......... .......... 28% 2.80M 2s
  1700K .......... .......... .......... .......... .......... 29% 4.10M 2s
  1750K .......... .......... .......... .......... .......... 30% 1.39M 2s
  1800K .......... .......... .......... .......... .......... 31% 2.06M 2s
  1850K .......... .......... .......... .......... .......... 32% 1.81M 2s
  1900K .......... .......... .......... .......... .......... 32% 1.96M 2s
  1950K .......... .......... .......... .......... .......... 33% 1.70M 2s
  2000K .......... .......... .......... .......... .......... 34% 2.50M 2s
  2050K .......... .......... .......... .......... .......... 35% 2.36M 2s
  2100K .......... .......... .......... .......... .......... 36% 1.93M 2s
  2150K .......... .......... .......... .......... .......... 37% 1.85M 2s
  2200K .......... .......... .......... .......... .......... 38% 2.26M 2s
  2250K .......... .......... .......... .......... .......... 38% 1.88M 2s
  2300K .......... .......... .......... .......... .......... 39% 2.97M 2s
  2350K .......... .......... .......... .......... .......... 40% 1.76M 2s
  2400K .......... .......... .......... .......... .......... 41% 1.31M 2s
  2450K .......... .......... .......... .......... .......... 42% 3.65M 2s
  2500K .......... .......... .......... .......... .......... 43% 1.18M 2s
  2550K .......... .......... .......... .......... .......... 43% 3.72M 2s
  2600K .......... .......... .......... .......... .......... 44% 3.83M 2s
  2650K .......... .......... .......... .......... .......... 45% 1.19M 2s
  2700K .......... .......... .......... .......... .......... 46% 4.97M 2s
  2750K .......... .......... .......... .......... .......... 47%  912K 2s
  2800K .......... .......... .......... .......... .......... 48% 4.45M 2s
  2850K .......... .......... .......... .......... .......... 49% 4.62M 2s
  2900K .......... .......... .......... .......... .......... 49% 1.19M 2s
  2950K .......... .......... .......... .......... .......... 50% 3.95M 2s
  3000K .......... .......... .......... .......... .......... 51% 1.83M 2s
  3050K .......... .......... .......... .......... .......... 52% 1.99M 2s
  3100K .......... .......... .......... .......... .......... 53% 4.22M 1s
  3150K .......... .......... .......... .......... .......... 54% 1.24M 1s
  3200K .......... .......... .......... .......... .......... 54% 4.48M 1s
  3250K .......... .......... .......... .......... .......... 55% 1.40M 1s
  3300K .......... .......... .......... .......... .......... 56% 3.29M 1s
  3350K .......... .......... .......... .......... .......... 57% 4.48M 1s
  3400K .......... .......... .......... .......... .......... 58% 1.19M 1s
  3450K .......... .......... .......... .......... .......... 59% 7.60M 1s
  3500K .......... .......... .......... .......... .......... 59% 1.59M 1s
  3550K .......... .......... .......... .......... .......... 60% 2.08M 1s
  3600K .......... .......... .......... .......... .......... 61% 5.74M 1s
  3650K .......... .......... .......... .......... .......... 62% 1.20M 1s
  3700K .......... .......... .......... .......... .......... 63% 5.31M 1s
  3750K .......... .......... .......... .......... .......... 64% 1.63M 1s
  3800K .......... .......... .......... .......... .......... 65% 2.55M 1s
  3850K .......... .......... .......... .......... .......... 65% 4.23M 1s
  3900K .......... .......... .......... .......... .......... 66% 1.38M 1s
  3950K .......... .......... .......... .......... .......... 67% 3.33M 1s
  4000K .......... .......... .......... .......... .......... 68% 1.41M 1s
  4050K .......... .......... .......... .......... .......... 69% 3.15M 1s
  4100K .......... .......... .......... .......... .......... 70% 7.02M 1s
  4150K .......... .......... .......... .......... .......... 70% 1.22M 1s
  4200K .......... .......... .......... .......... .......... 71% 3.50M 1s
  4250K .......... .......... .......... .......... .......... 72% 4.58M 1s
  4300K .......... .......... .......... .......... .......... 73% 1.17M 1s
  4350K .......... .......... .......... .......... .......... 74% 4.20M 1s
  4400K .......... .......... .......... .......... .......... 75% 1.87M 1s
  4450K .......... .......... .......... .......... .......... 76% 1.63M 1s
  4500K .......... .......... .......... .......... .......... 76% 8.31M 1s
  4550K .......... .......... .......... .......... .......... 77% 1.60M 1s
  4600K .......... .......... .......... .......... .......... 78% 1.71M 1s
  4650K .......... .......... .......... .......... .......... 79% 9.22M 1s
  4700K .......... .......... .......... .......... .......... 80% 1.31M 1s
  4750K .......... .......... .......... .......... .......... 81% 2.61M 1s
  4800K .......... .......... .......... .......... .......... 81% 2.39M 1s
  4850K .......... .......... .......... .......... .......... 82% 1.67M 1s
  4900K .......... .......... .......... .......... .......... 83% 4.22M 0s
  4950K .......... .......... .......... .......... .......... 84% 1.95M 0s
  5000K .......... .......... .......... .......... .......... 85% 2.17M 0s
  5050K .......... .......... .......... .......... .......... 86% 4.65M 0s
  5100K .......... .......... .......... .......... .......... 87% 1.35M 0s
  5150K .......... .......... .......... .......... .......... 87% 2.56M 0s
  5200K .......... .......... .......... .......... .......... 88% 3.34M 0s
  5250K .......... .......... .......... .......... .......... 89% 1.66M 0s
  5300K .......... .......... .......... .......... .......... 90% 3.69M 0s
  5350K .......... .......... .......... .......... .......... 91% 1.49M 0s
  5400K .......... .......... .......... .......... .......... 92% 2.59M 0s
  5450K .......... .......... .......... .......... .......... 92% 7.35M 0s
  5500K .......... .......... .......... .......... .......... 93% 1.45M 0s
  5550K .......... .......... .......... .......... .......... 94% 2.39M 0s
  5600K .......... .......... .......... .......... .......... 95% 3.61M 0s
  5650K .......... .......... .......... .......... .......... 96% 1.33M 0s
  5700K .......... .......... .......... .......... .......... 97% 6.42M 0s
  5750K .......... .......... .......... .......... .......... 98% 1.37M 0s
  5800K .......... .......... .......... .......... .......... 98% 2.87M 0s
  5850K .......... .......... .......... .......... .......... 99% 6.22M 0s
  5900K .......... .......                                    100% 6.55M=2.9s

2020-12-03 21:51:12 (1.99 MB/s) - '/sources/atanks-6.5.tar.gz.partial' saved [6059648/6059648]

=======> Building '/usr/ports/contrib/atanks/atanks#6.5-2.pkg.tar.xz'.
bsdtar -p -o -C /usr/ports/contrib/atanks/work/src -xf /sources/atanks-6.5.tar.gz
+ build
+ cd atanks-6.5
+ sed -i -e 's|share/games/atanks|share/atanks|' Makefile
+ make
Compiling obj/aicore.o
/usr/bin/g++ -DDATA_DIR=\"/usr/share/atanks\" -DLINUX -DVERSION=\"6.5\" -DNETWORK -I/usr/include -march=native -O2 -pipe -mcpu=powerpc -mtune=750 -msecure-plt -mno-altivec -Wall -Wextra -Wpedantic -std=c++11 -pthread -O2 -o obj/aicore.o -c src/aicore.cpp
g++: error: unrecognized command line option '-march=native'; did you mean '-mcpu=native'?
make: *** [Makefile:285: obj/aicore.o] Error 1
=======> ERROR: Building '/usr/ports/contrib/atanks/atanks#6.5-2.pkg.tar.xz' failed.
