prt-get: installing /usr/ports/contrib/chmlib
prt-get: starting build Fri Dec  4 03:14:39 2020
=======> Downloading 'http://www.jedrea.com/chmlib/chmlib-0.40.tar.bz2'.
--2020-12-04 03:14:39--  http://www.jedrea.com/chmlib/chmlib-0.40.tar.bz2
Resolving www.jedrea.com... 208.94.116.72
Connecting to www.jedrea.com|208.94.116.72|:80... connected.
HTTP request sent, awaiting response... 200 OK
Length: 252036 (246K) [application/x-bzip2]
Saving to: '/sources/chmlib-0.40.tar.bz2.partial'

     0K .......... .......... .......... .......... .......... 20%  784K 0s
    50K .......... .......... .......... .......... .......... 40% 1.50M 0s
   100K .......... .......... .......... .......... .......... 60% 1.56M 0s
   150K .......... .......... .......... .......... .......... 81% 1.66M 0s
   200K .......... .......... .......... .......... ......    100% 1.59M=0.2s

2020-12-04 03:14:40 (1.30 MB/s) - '/sources/chmlib-0.40.tar.bz2.partial' saved [252036/252036]

=======> Building '/usr/ports/contrib/chmlib/chmlib#0.40-1.pkg.tar.xz'.
bsdtar -p -o -C /usr/ports/contrib/chmlib/work/src -xf /sources/chmlib-0.40.tar.bz2
+ build
+ cd chmlib-0.40
+ ./configure --prefix=/usr --enable-examples=no
checking for a BSD-compatible install... /usr/bin/install -c
checking whether build environment is sane... yes
checking for a thread-safe mkdir -p... /bin/mkdir -p
checking for gawk... gawk
checking whether make sets $(MAKE)... yes
checking whether to enable maintainer-specific portions of Makefiles... no
checking for gcc... gcc
checking for C compiler default output file name... a.out
checking whether the C compiler works... yes
checking whether we are cross compiling... no
checking for suffix of executables... 
checking for suffix of object files... o
checking whether we are using the GNU C compiler... yes
checking whether gcc accepts -g... yes
checking for gcc option to accept ISO C89... none needed
checking for style of include used by make... GNU
checking dependency style of gcc... gcc3
checking build system type... powerpc-unknown-linux-gnu
checking host system type... powerpc-unknown-linux-gnu
checking for a sed that does not truncate output... /bin/sed
checking for grep that handles long lines and -e... /usr/bin/grep
checking for egrep... /usr/bin/grep -E
checking for fgrep... /usr/bin/grep -F
checking for ld used by gcc... /usr/bin/ld
checking if the linker (/usr/bin/ld) is GNU ld... yes
checking for BSD- or MS-compatible name lister (nm)... /usr/bin/nm -B
checking the name lister (/usr/bin/nm -B) interface... BSD nm
checking whether ln -s works... yes
checking the maximum length of command line arguments... 1572864
checking whether the shell understands some XSI constructs... yes
checking whether the shell understands "+="... no
checking for /usr/bin/ld option to reload object files... -r
checking for objdump... objdump
checking how to recognize dependent libraries... pass_all
checking for ar... ar
checking for strip... strip
checking for ranlib... ranlib
checking command to parse /usr/bin/nm -B output from gcc object... ok
checking how to run the C preprocessor... gcc -E
checking for ANSI C header files... yes
checking for sys/types.h... yes
checking for sys/stat.h... yes
checking for stdlib.h... yes
checking for string.h... yes
checking for memory.h... yes
checking for strings.h... yes
checking for inttypes.h... yes
checking for stdint.h... yes
checking for unistd.h... yes
checking for dlfcn.h... yes
checking for objdir... .libs
checking if gcc supports -fno-rtti -fno-exceptions... no
checking for gcc option to produce PIC... -fPIC -DPIC
checking if gcc PIC flag -fPIC -DPIC works... yes
checking if gcc static flag -static works... yes
checking if gcc supports -c -o file.o... yes
checking if gcc supports -c -o file.o... (cached) yes
checking whether the gcc linker (/usr/bin/ld) supports shared libraries... yes
checking whether -lc should be explicitly linked in... no
checking dynamic linker characteristics... GNU/Linux ld.so
checking how to hardcode library paths into programs... immediate
checking whether stripping libraries is possible... yes
checking if libtool supports shared libraries... yes
checking whether to build shared libraries... yes
checking whether to build static libraries... yes
checking for a BSD-compatible install... /usr/bin/install -c
checking for string.h... (cached) yes
checking for strings.h... (cached) yes
checking for unistd.h... (cached) yes
checking for pthread_mutex_init in -lpthread... yes
checking for lseek64... yes
checking for pread64... yes
checking for size_t... yes
checking for stdlib.h... (cached) yes
checking for GNU libc compatible malloc... yes
configure: creating ./config.status
config.status: creating Makefile
config.status: creating src/Makefile
config.status: executing depfiles commands
config.status: executing libtool commands
+ make
Making all in src
make[1]: Entering directory '/usr/ports/contrib/chmlib/work/src/chmlib-0.40/src'
/bin/sh ../libtool --tag=CC   --mode=compile gcc -DPACKAGE_NAME=\"chmlib\" -DPACKAGE_TARNAME=\"chmlib\" -DPACKAGE_VERSION=\"0.40\" -DPACKAGE_STRING=\"chmlib\ 0.40\" -DPACKAGE_BUGREPORT=\"\" -DPACKAGE=\"chmlib\" -DVERSION=\"0.40\" -DSTDC_HEADERS=1 -DHAVE_SYS_TYPES_H=1 -DHAVE_SYS_STAT_H=1 -DHAVE_STDLIB_H=1 -DHAVE_STRING_H=1 -DHAVE_MEMORY_H=1 -DHAVE_STRINGS_H=1 -DHAVE_INTTYPES_H=1 -DHAVE_STDINT_H=1 -DHAVE_UNISTD_H=1 -DHAVE_DLFCN_H=1 -DLT_OBJDIR=\".libs/\" -DHAVE_STRING_H=1 -DHAVE_STRINGS_H=1 -DHAVE_UNISTD_H=1 -DHAVE_LIBPTHREAD=1 -DHAVE_STDLIB_H=1 -DHAVE_MALLOC=1 -I.     -O2 -pipe -mcpu=powerpc -mtune=750 -msecure-plt -mno-altivec -DCHM_MT -DCHM_USE_PREAD -DCHM_USE_IO64 -MT chm_lib.lo -MD -MP -MF .deps/chm_lib.Tpo -c -o chm_lib.lo chm_lib.c
libtool: compile:  gcc -DPACKAGE_NAME=\"chmlib\" -DPACKAGE_TARNAME=\"chmlib\" -DPACKAGE_VERSION=\"0.40\" "-DPACKAGE_STRING=\"chmlib 0.40\"" -DPACKAGE_BUGREPORT=\"\" -DPACKAGE=\"chmlib\" -DVERSION=\"0.40\" -DSTDC_HEADERS=1 -DHAVE_SYS_TYPES_H=1 -DHAVE_SYS_STAT_H=1 -DHAVE_STDLIB_H=1 -DHAVE_STRING_H=1 -DHAVE_MEMORY_H=1 -DHAVE_STRINGS_H=1 -DHAVE_INTTYPES_H=1 -DHAVE_STDINT_H=1 -DHAVE_UNISTD_H=1 -DHAVE_DLFCN_H=1 -DLT_OBJDIR=\".libs/\" -DHAVE_STRING_H=1 -DHAVE_STRINGS_H=1 -DHAVE_UNISTD_H=1 -DHAVE_LIBPTHREAD=1 -DHAVE_STDLIB_H=1 -DHAVE_MALLOC=1 -I. -O2 -pipe -mcpu=powerpc -mtune=750 -msecure-plt -mno-altivec -DCHM_MT -DCHM_USE_PREAD -DCHM_USE_IO64 -MT chm_lib.lo -MD -MP -MF .deps/chm_lib.Tpo -c chm_lib.c  -fPIC -DPIC -o .libs/chm_lib.o
chm_lib.c:179:2: error: #error "Please define the sized types for your platform in chm_lib.c"
 #error "Please define the sized types for your platform in chm_lib.c"
  ^~~~~
chm_lib.c:260:29: error: unknown type name 'Int32'; did you mean 'int32_t'?
                             Int32 *dest)
                             ^~~~~
                             int32_t
chm_lib.c:272:30: error: unknown type name 'UInt32'
                              UInt32 *dest)
                              ^~~~~~
chm_lib.c:284:29: error: unknown type name 'Int64'; did you mean 'int64_t'?
                             Int64 *dest)
                             ^~~~~
                             int64_t
chm_lib.c:304:30: error: unknown type name 'UInt64'
                              UInt64 *dest)
                              ^~~~~~
chm_lib.c:351:5: error: unknown type name 'Int32'
     Int32       version;                /*  4 */
     ^~~~~
chm_lib.c:352:5: error: unknown type name 'Int32'
     Int32       header_len;             /*  8 */
     ^~~~~
chm_lib.c:353:5: error: unknown type name 'Int32'
     Int32       unknown_000c;           /*  c */
     ^~~~~
chm_lib.c:354:5: error: unknown type name 'UInt32'
     UInt32      last_modified;          /* 10 */
     ^~~~~~
chm_lib.c:355:5: error: unknown type name 'UInt32'
     UInt32      lang_id;                /* 14 */
     ^~~~~~
chm_lib.c:356:5: error: unknown type name 'UChar'
     UChar       dir_uuid[16];           /* 18 */
     ^~~~~
chm_lib.c:357:5: error: unknown type name 'UChar'
     UChar       stream_uuid[16];        /* 28 */
     ^~~~~
chm_lib.c:358:5: error: unknown type name 'UInt64'
     UInt64      unknown_offset;         /* 38 */
     ^~~~~~
chm_lib.c:359:5: error: unknown type name 'UInt64'
     UInt64      unknown_len;            /* 40 */
     ^~~~~~
chm_lib.c:360:5: error: unknown type name 'UInt64'
     UInt64      dir_offset;             /* 48 */
     ^~~~~~
chm_lib.c:361:5: error: unknown type name 'UInt64'
     UInt64      dir_len;                /* 50 */
     ^~~~~~
chm_lib.c:362:5: error: unknown type name 'UInt64'
     UInt64      data_offset;            /* 58 (Not present before V3) */
     ^~~~~~
chm_lib.c: In function '_unmarshal_itsf_header':
chm_lib.c:375:5: warning: implicit declaration of function '_unmarshal_int32'; did you mean '_unmarshal_uuid'? [-Wimplicit-function-declaration]
     _unmarshal_int32     (pData, pDataLen, &dest->version);
     ^~~~~~~~~~~~~~~~
     _unmarshal_uuid
chm_lib.c:378:5: warning: implicit declaration of function '_unmarshal_uint32'; did you mean '_unmarshal_uuid'? [-Wimplicit-function-declaration]
     _unmarshal_uint32    (pData, pDataLen, &dest->last_modified);
     ^~~~~~~~~~~~~~~~~
     _unmarshal_uuid
chm_lib.c:380:49: warning: passing argument 3 of '_unmarshal_uuid' from incompatible pointer type [-Wincompatible-pointer-types]
     _unmarshal_uuid      (pData, pDataLen,  dest->dir_uuid);
                                             ~~~~^~~~~~~~~~
chm_lib.c:324:43: note: expected 'unsigned char *' but argument is of type 'int *'
                            unsigned char *dest)
                            ~~~~~~~~~~~~~~~^~~~
chm_lib.c:381:49: warning: passing argument 3 of '_unmarshal_uuid' from incompatible pointer type [-Wincompatible-pointer-types]
     _unmarshal_uuid      (pData, pDataLen,  dest->stream_uuid);
                                             ~~~~^~~~~~~~~~~~~
chm_lib.c:324:43: note: expected 'unsigned char *' but argument is of type 'int *'
                            unsigned char *dest)
                            ~~~~~~~~~~~~~~~^~~~
chm_lib.c:382:5: warning: implicit declaration of function '_unmarshal_uint64'; did you mean '_unmarshal_uuid'? [-Wimplicit-function-declaration]
     _unmarshal_uint64    (pData, pDataLen, &dest->unknown_offset);
     ^~~~~~~~~~~~~~~~~
     _unmarshal_uuid
chm_lib.c: At top level:
chm_lib.c:427:5: error: unknown type name 'Int32'
     Int32       version;                /*  4 */
     ^~~~~
chm_lib.c:428:5: error: unknown type name 'Int32'
     Int32       header_len;             /*  8 */
     ^~~~~
chm_lib.c:429:5: error: unknown type name 'Int32'
     Int32       unknown_000c;           /*  c */
     ^~~~~
chm_lib.c:430:5: error: unknown type name 'UInt32'
     UInt32      block_len;              /* 10 */
     ^~~~~~
chm_lib.c:431:5: error: unknown type name 'Int32'
     Int32       blockidx_intvl;         /* 14 */
     ^~~~~
chm_lib.c:432:5: error: unknown type name 'Int32'
     Int32       index_depth;            /* 18 */
     ^~~~~
chm_lib.c:433:5: error: unknown type name 'Int32'
     Int32       index_root;             /* 1c */
     ^~~~~
chm_lib.c:434:5: error: unknown type name 'Int32'
     Int32       index_head;             /* 20 */
     ^~~~~
chm_lib.c:435:5: error: unknown type name 'Int32'
     Int32       unknown_0024;           /* 24 */
     ^~~~~
chm_lib.c:436:5: error: unknown type name 'UInt32'
     UInt32      num_blocks;             /* 28 */
     ^~~~~~
chm_lib.c:437:5: error: unknown type name 'Int32'
     Int32       unknown_002c;           /* 2c */
     ^~~~~
chm_lib.c:438:5: error: unknown type name 'UInt32'
     UInt32      lang_id;                /* 30 */
     ^~~~~~
chm_lib.c:439:5: error: unknown type name 'UChar'
     UChar       system_uuid[16];        /* 34 */
     ^~~~~
chm_lib.c:440:5: error: unknown type name 'UChar'
     UChar       unknown_0044[16];       /* 44 */
     ^~~~~
chm_lib.c: In function '_unmarshal_itsp_header':
chm_lib.c:465:49: warning: passing argument 3 of '_unmarshal_uuid' from incompatible pointer type [-Wincompatible-pointer-types]
     _unmarshal_uuid      (pData, pDataLen,  dest->system_uuid);
                                             ~~~~^~~~~~~~~~~~~
chm_lib.c:324:43: note: expected 'unsigned char *' but argument is of type 'int *'
                            unsigned char *dest)
                            ~~~~~~~~~~~~~~~^~~~
chm_lib.c:466:49: warning: passing argument 3 of '_unmarshal_uchar_array' from incompatible pointer type [-Wincompatible-pointer-types]
     _unmarshal_uchar_array(pData, pDataLen, dest->unknown_0044, 16);
                                             ~~~~^~~~~~~~~~~~~~
chm_lib.c:221:50: note: expected 'unsigned char *' but argument is of type 'int *'
                                   unsigned char *dest,
                                   ~~~~~~~~~~~~~~~^~~~
chm_lib.c: At top level:
chm_lib.c:485:5: error: unknown type name 'UInt32'
     UInt32      free_space;             /*  4 */
     ^~~~~~
chm_lib.c:486:5: error: unknown type name 'UInt32'
     UInt32      unknown_0008;           /*  8 */
     ^~~~~~
chm_lib.c:487:5: error: unknown type name 'Int32'
     Int32       block_prev;             /*  c */
     ^~~~~
chm_lib.c:488:5: error: unknown type name 'Int32'
     Int32       block_next;             /* 10 */
     ^~~~~
chm_lib.c:519:5: error: unknown type name 'UInt32'
     UInt32      free_space;             /*  4 */
     ^~~~~~
chm_lib.c:545:5: error: unknown type name 'UInt32'
     UInt32      version;
     ^~~~~~
chm_lib.c:546:5: error: unknown type name 'UInt32'
     UInt32      block_count;
     ^~~~~~
chm_lib.c:547:5: error: unknown type name 'UInt32'
     UInt32      unknown;
     ^~~~~~
chm_lib.c:548:5: error: unknown type name 'UInt32'
     UInt32      table_offset;
     ^~~~~~
chm_lib.c:549:5: error: unknown type name 'UInt64'
     UInt64      uncompressed_len;
     ^~~~~~
chm_lib.c:550:5: error: unknown type name 'UInt64'
     UInt64      compressed_len;
     ^~~~~~
chm_lib.c:551:5: error: unknown type name 'UInt64'
     UInt64      block_len;
     ^~~~~~
chm_lib.c:583:5: error: unknown type name 'UInt32'
     UInt32      size;                   /*  0        */
     ^~~~~~
chm_lib.c:585:5: error: unknown type name 'UInt32'
     UInt32      version;                /*  8        */
     ^~~~~~
chm_lib.c:586:5: error: unknown type name 'UInt32'
     UInt32      resetInterval;          /*  c        */
     ^~~~~~
chm_lib.c:587:5: error: unknown type name 'UInt32'
     UInt32      windowSize;             /* 10        */
     ^~~~~~
chm_lib.c:588:5: error: unknown type name 'UInt32'
     UInt32      windowsPerReset;        /* 14        */
     ^~~~~~
chm_lib.c:589:5: error: unknown type name 'UInt32'
     UInt32      unknown_18;             /* 18        */
     ^~~~~~
chm_lib.c:655:5: error: unknown type name 'UInt64'
     UInt64              dir_offset;
     ^~~~~~
chm_lib.c:656:5: error: unknown type name 'UInt64'
     UInt64              dir_len;
     ^~~~~~
chm_lib.c:657:5: error: unknown type name 'UInt64'
     UInt64              data_offset;
     ^~~~~~
chm_lib.c:658:5: error: unknown type name 'Int32'
     Int32               index_root;
     ^~~~~
chm_lib.c:659:5: error: unknown type name 'Int32'
     Int32               index_head;
     ^~~~~
chm_lib.c:660:5: error: unknown type name 'UInt32'
     UInt32              block_len;
     ^~~~~~
chm_lib.c:662:5: error: unknown type name 'UInt64'
     UInt64              span;
     ^~~~~~
chm_lib.c:669:5: error: unknown type name 'UInt32'
     UInt32              window_size;
     ^~~~~~
chm_lib.c:670:5: error: unknown type name 'UInt32'
     UInt32              reset_interval;
     ^~~~~~
chm_lib.c:671:5: error: unknown type name 'UInt32'
     UInt32              reset_blkcount;
     ^~~~~~
chm_lib.c:678:5: error: unknown type name 'UChar'
     UChar             **cache_blocks;
     ^~~~~
chm_lib.c:679:5: error: unknown type name 'UInt64'
     UInt64             *cache_block_indices;
     ^~~~~~
chm_lib.c:680:5: error: unknown type name 'Int32'
     Int32               cache_num_blocks;
     ^~~~~
chm_lib.c:688:8: error: unknown type name 'Int64'
 static Int64 _chm_fetch_bytes(struct chmFile *h,
        ^~~~~
chm_lib.c:689:31: error: unknown type name 'UChar'; did you mean 'char'?
                               UChar *buf,
                               ^~~~~
                               char
chm_lib.c:690:31: error: unknown type name 'UInt64'
                               UInt64 os,
                               ^~~~~~
chm_lib.c:691:31: error: unknown type name 'Int64'; did you mean 'int64_t'?
                               Int64 len)
                               ^~~~~
                               int64_t
chm_lib.c: In function 'chm_open':
chm_lib.c:830:9: warning: implicit declaration of function '_chm_fetch_bytes' [-Wimplicit-function-declaration]
     if (_chm_fetch_bytes(newHandle, sbuffer, (UInt64)0, sremain) != sremain    ||
         ^~~~~~~~~~~~~~~~
chm_lib.c:830:47: error: 'UInt64' undeclared (first use in this function)
     if (_chm_fetch_bytes(newHandle, sbuffer, (UInt64)0, sremain) != sremain    ||
                                               ^~~~~~
chm_lib.c:830:47: note: each undeclared identifier is reported only once for each function it appears in
chm_lib.c:830:54: error: expected ')' before numeric constant
     if (_chm_fetch_bytes(newHandle, sbuffer, (UInt64)0, sremain) != sremain    ||
                                                      ^
                                                      )
chm_lib.c:846:34: error: expected ')' before 'itsfHeader'
                          (UInt64)itsfHeader.dir_offset, sremain) != sremain       ||
                                  ^~~~~~~~~~
                                  )
chm_lib.c: In function 'chm_set_param':
chm_lib.c:1033:17: error: unknown type name 'UChar'; did you mean 'char'?
                 UChar **newBlocks;
                 ^~~~~
                 char
chm_lib.c:1034:17: error: unknown type name 'UInt64'
                 UInt64 *newIndices;
                 ^~~~~~
chm_lib.c:1038:30: error: 'UChar' undeclared (first use in this function); did you mean 'char'?
                 newBlocks = (UChar **)malloc(paramVal * sizeof (UChar *));
                              ^~~~~
                              char
chm_lib.c:1038:38: error: expected expression before ')' token
                 newBlocks = (UChar **)malloc(paramVal * sizeof (UChar *));
                                      ^
chm_lib.c:1040:31: error: 'UInt64' undeclared (first use in this function)
                 newIndices = (UInt64 *)malloc(paramVal * sizeof (UInt64));
                               ^~~~~~
chm_lib.c:1040:39: error: expected expression before ')' token
                 newIndices = (UInt64 *)malloc(paramVal * sizeof (UInt64));
                                       ^
chm_lib.c: At top level:
chm_lib.c:1094:29: error: unknown type name 'UChar'; did you mean 'char'?
 static void _chm_skip_cword(UChar **pEntry)
                             ^~~~~
                             char
chm_lib.c:1101:39: error: unknown type name 'UChar'; did you mean 'char'?
 static void _chm_skip_PMGL_entry_data(UChar **pEntry)
                                       ^~~~~
                                       char
chm_lib.c:1109:8: error: unknown type name 'UInt64'
 static UInt64 _chm_parse_cword(UChar **pEntry)
        ^~~~~~
chm_lib.c:1109:32: error: unknown type name 'UChar'; did you mean 'char'?
 static UInt64 _chm_parse_cword(UChar **pEntry)
                                ^~~~~
                                char
chm_lib.c:1123:28: error: unknown type name 'UChar'; did you mean 'char'?
 static int _chm_parse_UTF8(UChar **pEntry, UInt64 count, char *path)
                            ^~~~~
                            char
chm_lib.c:1123:44: error: unknown type name 'UInt64'
 static int _chm_parse_UTF8(UChar **pEntry, UInt64 count, char *path)
                                            ^~~~~~
chm_lib.c:1142:34: error: unknown type name 'UChar'; did you mean 'char'?
 static int _chm_parse_PMGL_entry(UChar **pEntry, struct chmUnitInfo *ui)
                                  ^~~~~
                                  char
chm_lib.c:1163:8: error: unknown type name 'UChar'
 static UChar *_chm_find_in_PMGL(UChar *page_buf,
        ^~~~~
chm_lib.c:1163:33: error: unknown type name 'UChar'; did you mean 'char'?
 static UChar *_chm_find_in_PMGL(UChar *page_buf,
                                 ^~~~~
                                 char
chm_lib.c:1164:26: error: unknown type name 'UInt32'
                          UInt32 block_len,
                          ^~~~~~
chm_lib.c:1207:8: error: unknown type name 'Int32'
 static Int32 _chm_find_in_PMGI(UChar *page_buf,
        ^~~~~
chm_lib.c:1207:32: error: unknown type name 'UChar'; did you mean 'char'?
 static Int32 _chm_find_in_PMGI(UChar *page_buf,
                                ^~~~~
                                char
chm_lib.c:1208:25: error: unknown type name 'UInt32'
                         UInt32 block_len,
                         ^~~~~~
chm_lib.c: In function 'chm_resolve_object':
chm_lib.c:1259:5: error: unknown type name 'Int32'; did you mean 'int32_t'?
     Int32 curPage;
     ^~~~~
     int32_t
chm_lib.c:1263:5: error: unknown type name 'UChar'; did you mean 'char'?
     UChar *page_buf = malloc(h->block_len);
     ^~~~~
     char
chm_lib.c:1276:31: error: 'UInt64' undeclared (first use in this function)
                              (UInt64)h->dir_offset + (UInt64)curPage*h->block_len,
                               ^~~~~~
chm_lib.c:1276:38: error: expected ')' before 'h'
                              (UInt64)h->dir_offset + (UInt64)curPage*h->block_len,
                                      ^
                                      )
chm_lib.c:1287:13: error: unknown type name 'UChar'; did you mean 'char'?
             UChar *pEntry = _chm_find_in_PMGL(page_buf,
             ^~~~~
             char
chm_lib.c:1287:29: warning: implicit declaration of function '_chm_find_in_PMGL' [-Wimplicit-function-declaration]
             UChar *pEntry = _chm_find_in_PMGL(page_buf,
                             ^~~~~~~~~~~~~~~~~
chm_lib.c:1287:29: warning: initialization of 'int *' from 'int' makes pointer from integer without a cast [-Wint-conversion]
chm_lib.c:1297:13: warning: implicit declaration of function '_chm_parse_PMGL_entry' [-Wimplicit-function-declaration]
             _chm_parse_PMGL_entry(&pEntry, ui);
             ^~~~~~~~~~~~~~~~~~~~~
chm_lib.c:1304:23: warning: implicit declaration of function '_chm_find_in_PMGI' [-Wimplicit-function-declaration]
             curPage = _chm_find_in_PMGI(page_buf, h->block_len, objPath);
                       ^~~~~~~~~~~~~~~~~
chm_lib.c: At top level:
chm_lib.c:1325:30: error: unknown type name 'UInt64'
                              UInt64 block,
                              ^~~~~~
chm_lib.c:1326:30: error: unknown type name 'UInt64'
                              UInt64 *start,
                              ^~~~~~
chm_lib.c:1327:30: error: unknown type name 'Int64'; did you mean 'int64_t'?
                              Int64 *len)
                              ^~~~~
                              int64_t
chm_lib.c:1386:8: error: unknown type name 'Int64'
 static Int64 _chm_decompress_block(struct chmFile *h,
        ^~~~~
chm_lib.c:1387:36: error: unknown type name 'UInt64'
                                    UInt64 block,
                                    ^~~~~~
chm_lib.c:1388:36: error: unknown type name 'UChar'; did you mean 'char'?
                                    UChar **ubuffer)
                                    ^~~~~
                                    char
chm_lib.c:1507:8: error: unknown type name 'Int64'
 static Int64 _chm_decompress_region(struct chmFile *h,
        ^~~~~
chm_lib.c:1508:37: error: unknown type name 'UChar'; did you mean 'char'?
                                     UChar *buf,
                                     ^~~~~
                                     char
chm_lib.c:1509:37: error: unknown type name 'UInt64'
                                     UInt64 start,
                                     ^~~~~~
chm_lib.c:1510:37: error: unknown type name 'Int64'; did you mean 'int64_t'?
                                     Int64 len)
                                     ^~~~~
                                     int64_t
chm_lib.c: In function 'chm_retrieve_object':
chm_lib.c:1568:17: error: 'Int64' undeclared (first use in this function); did you mean 'int64_t'?
         return (Int64)0;
                 ^~~~~
                 int64_t
chm_lib.c:1568:23: error: expected ';' before numeric constant
         return (Int64)0;
                       ^
                       ;
chm_lib.c:1572:23: error: expected ';' before numeric constant
         return (Int64)0;
                       ^
                       ;
chm_lib.c:1584:34: error: 'UInt64' undeclared (first use in this function)
                                 (UInt64)h->data_offset + (UInt64)ui->start + (UInt64)addr,
                                  ^~~~~~
chm_lib.c:1584:41: error: expected ')' before 'h'
                                 (UInt64)h->data_offset + (UInt64)ui->start + (UInt64)addr,
                                         ^
                                         )
chm_lib.c:1591:14: error: expected ';' before 'swath'
         Int64 swath=0, total=0;
              ^~~~~~
              ;
chm_lib.c:1595:20: error: 'total' undeclared (first use in this function)
             return total;
                    ^~~~~
chm_lib.c:1600:13: error: 'swath' undeclared (first use in this function); did you mean 'stat'?
             swath = _chm_decompress_region(h, buf, ui->start + addr, len);
             ^~~~~
             stat
chm_lib.c:1600:21: warning: implicit declaration of function '_chm_decompress_region' [-Wimplicit-function-declaration]
             swath = _chm_decompress_region(h, buf, ui->start + addr, len);
                     ^~~~~~~~~~~~~~~~~~~~~~
chm_lib.c: In function 'chm_enumerate':
chm_lib.c:1624:5: error: unknown type name 'Int32'; did you mean 'int32_t'?
     Int32 curPage;
     ^~~~~
     int32_t
chm_lib.c:1628:5: error: unknown type name 'UChar'; did you mean 'char'?
     UChar *page_buf = malloc((unsigned int)h->block_len);
     ^~~~~
     char
chm_lib.c:1630:5: error: unknown type name 'UChar'; did you mean 'char'?
     UChar *end;
     ^~~~~
     char
chm_lib.c:1631:5: error: unknown type name 'UChar'; did you mean 'char'?
     UChar *cur;
     ^~~~~
     char
chm_lib.c:1633:5: error: unknown type name 'UInt64'
     UInt64 ui_path_len;
     ^~~~~~
chm_lib.c:1653:31: error: 'UInt64' undeclared (first use in this function)
                              (UInt64)h->dir_offset + (UInt64)curPage*h->block_len,
                               ^~~~~~
chm_lib.c:1653:38: error: expected ')' before 'h'
                              (UInt64)h->dir_offset + (UInt64)curPage*h->block_len,
                                      ^
                                      )
chm_lib.c:1663:38: warning: passing argument 1 of '_unmarshal_pmgl_header' from incompatible pointer type [-Wincompatible-pointer-types]
         if (! _unmarshal_pmgl_header(&cur, &lenRemain, &header))
                                      ^~~~
chm_lib.c:491:51: note: expected 'unsigned char **' but argument is of type 'int **'
 static int _unmarshal_pmgl_header(unsigned char **pData,
                                   ~~~~~~~~~~~~~~~~^~~~~
chm_lib.c: In function 'chm_enumerate_dir':
chm_lib.c:1748:5: error: unknown type name 'Int32'; did you mean 'int32_t'?
     Int32 curPage;
     ^~~~~
     int32_t
chm_lib.c:1752:5: error: unknown type name 'UChar'; did you mean 'char'?
     UChar *page_buf = malloc((unsigned int)h->block_len);
     ^~~~~
     char
chm_lib.c:1754:5: error: unknown type name 'UChar'; did you mean 'char'?
     UChar *end;
     ^~~~~
     char
chm_lib.c:1755:5: error: unknown type name 'UChar'; did you mean 'char'?
     UChar *cur;
     ^~~~~
     char
chm_lib.c:1765:5: error: unknown type name 'UInt64'
     UInt64 ui_path_len;
     ^~~~~~
chm_lib.c:1802:31: error: 'UInt64' undeclared (first use in this function)
                              (UInt64)h->dir_offset + (UInt64)curPage*h->block_len,
                               ^~~~~~
chm_lib.c:1802:38: error: expected ')' before 'h'
                              (UInt64)h->dir_offset + (UInt64)curPage*h->block_len,
                                      ^
                                      )
chm_lib.c:1812:38: warning: passing argument 1 of '_unmarshal_pmgl_header' from incompatible pointer type [-Wincompatible-pointer-types]
         if (! _unmarshal_pmgl_header(&cur, &lenRemain, &header))
                                      ^~~~
chm_lib.c:491:51: note: expected 'unsigned char **' but argument is of type 'int **'
 static int _unmarshal_pmgl_header(unsigned char **pData,
                                   ~~~~~~~~~~~~~~~~^~~~~
make[1]: *** [Makefile:377: chm_lib.lo] Error 1
make[1]: Leaving directory '/usr/ports/contrib/chmlib/work/src/chmlib-0.40/src'
make: *** [Makefile:248: all-recursive] Error 1
=======> ERROR: Building '/usr/ports/contrib/chmlib/chmlib#0.40-1.pkg.tar.xz' failed.
