prt-get: installing /usr/ports/contrib/freeciv
prt-get: starting build Fri Dec  4 12:27:06 2020
=======> Downloading 'http://prdownloads.sf.net/freeciv/freeciv-2.6.2.tar.bz2'.
--2020-12-04 12:27:06--  http://prdownloads.sf.net/freeciv/freeciv-2.6.2.tar.bz2
Resolving prdownloads.sf.net... 216.105.38.13
Connecting to prdownloads.sf.net|216.105.38.13|:80... connected.
HTTP request sent, awaiting response... 301 Moved Permanently
Location: https://prdownloads.sf.net/freeciv/freeciv-2.6.2.tar.bz2 [following]
--2020-12-04 12:27:08--  https://prdownloads.sf.net/freeciv/freeciv-2.6.2.tar.bz2
Connecting to prdownloads.sf.net|216.105.38.13|:443... connected.
HTTP request sent, awaiting response... 301 Moved Permanently
Location: https://prdownloads.sourceforge.net/freeciv/freeciv-2.6.2.tar.bz2 [following]
--2020-12-04 12:27:08--  https://prdownloads.sourceforge.net/freeciv/freeciv-2.6.2.tar.bz2
Resolving prdownloads.sourceforge.net... 216.105.38.13
Connecting to prdownloads.sourceforge.net|216.105.38.13|:443... connected.
HTTP request sent, awaiting response... 301 Moved Permanently
Location: https://downloads.sourceforge.net/project/freeciv/Freeciv%202.6/2.6.2/freeciv-2.6.2.tar.bz2 [following]
--2020-12-04 12:27:08--  https://downloads.sourceforge.net/project/freeciv/Freeciv%202.6/2.6.2/freeciv-2.6.2.tar.bz2
Resolving downloads.sourceforge.net... 216.105.38.13
Connecting to downloads.sourceforge.net|216.105.38.13|:443... connected.
HTTP request sent, awaiting response... 302 Found
Location: https://phoenixnap.dl.sourceforge.net/project/freeciv/Freeciv%202.6/2.6.2/freeciv-2.6.2.tar.bz2 [following]
--2020-12-04 12:27:10--  https://phoenixnap.dl.sourceforge.net/project/freeciv/Freeciv%202.6/2.6.2/freeciv-2.6.2.tar.bz2
Resolving phoenixnap.dl.sourceforge.net... 184.164.141.26
Connecting to phoenixnap.dl.sourceforge.net|184.164.141.26|:443... connected.
HTTP request sent, awaiting response... 200 OK
Length: 52139007 (50M) [application/octet-stream]
Saving to: '/sources/freeciv-2.6.2.tar.bz2.partial'

     0K .......... .......... .......... .......... ..........  0%  784K 65s
    50K .......... .......... .......... .......... ..........  0%  431K 91s
   100K .......... .......... .......... .......... ..........  0%  856K 81s
   150K .......... .......... .......... .......... ..........  0%  455K 88s
   200K .......... .......... .......... .......... ..........  0%  864K 82s
   250K .......... .......... .......... .......... ..........  0%  833K 79s
   300K .......... .......... .......... .......... ..........  0%  461K 83s
   350K .......... .......... .......... .......... ..........  0%  747K 81s
   400K .......... .......... .......... .......... ..........  0%  487K 83s
   450K .......... .......... .......... .......... ..........  0%  810K 81s
   500K .......... .......... .......... .......... ..........  1%  858K 79s
   550K .......... .......... .......... .......... ..........  1%  541K 80s
   600K .......... .......... .......... .......... ..........  1%  703K 79s
   650K .......... .......... .......... .......... ..........  1%  842K 78s
   700K .......... .......... .......... .......... ..........  1%  838K 77s
   750K .......... .......... .......... .......... ..........  1%  540K 78s
   800K .......... .......... .......... .......... ..........  1%  714K 77s
   850K .......... .......... .......... .......... ..........  1%  861K 76s
   900K .......... .......... .......... .......... ..........  1%  884K 75s
   950K .......... .......... .......... .......... ..........  1%  892K 74s
  1000K .......... .......... .......... .......... ..........  2%  865K 73s
  1050K .......... .......... .......... .......... ..........  2%  890K 72s
  1100K .......... .......... .......... .......... ..........  2%  859K 72s
  1150K .......... .......... .......... .......... ..........  2%  688K 71s
  1200K .......... .......... .......... .......... ..........  2% 1.01M 70s
  1250K .......... .......... .......... .......... ..........  2%  898K 70s
  1300K .......... .......... .......... .......... ..........  2% 1.01M 69s
  1350K .......... .......... .......... .......... ..........  2%  918K 68s
  1400K .......... .......... .......... .......... ..........  2%  898K 68s
  1450K .......... .......... .......... .......... ..........  2%  912K 67s
  1500K .......... .......... .......... .......... ..........  3%  926K 67s
  1550K .......... .......... .......... .......... ..........  3%  879K 66s
  1600K .......... .......... .......... .......... ..........  3%  805K 66s
  1650K .......... .......... .......... .......... ..........  3%  917K 66s
  1700K .......... .......... .......... .......... ..........  3%  925K 65s
  1750K .......... .......... .......... .......... ..........  3%  899K 65s
  1800K .......... .......... .......... .......... ..........  3% 1.86M 64s
  1850K .......... .......... .......... .......... ..........  3% 1.20M 63s
  1900K .......... .......... .......... .......... ..........  3%  837K 63s
  1950K .......... .......... .......... .......... ..........  3%  895K 63s
  2000K .......... .......... .......... .......... ..........  4%  743K 63s
  2050K .......... .......... .......... .......... ..........  4%  900K 62s
  2100K .......... .......... .......... .......... ..........  4% 2.38M 61s
  2150K .......... .......... .......... .......... ..........  4% 1.12M 61s
  2200K .......... .......... .......... .......... ..........  4%  830K 61s
  2250K .......... .......... .......... .......... ..........  4%  931K 61s
  2300K .......... .......... .......... .......... ..........  4% 1.84M 60s
  2350K .......... .......... .......... .......... ..........  4%  899K 60s
  2400K .......... .......... .......... .......... ..........  4% 1.32M 59s
  2450K .......... .......... .......... .......... ..........  4%  917K 59s
  2500K .......... .......... .......... .......... ..........  5%  918K 59s
  2550K .......... .......... .......... .......... ..........  5% 1.96M 58s
  2600K .......... .......... .......... .......... ..........  5% 1.33M 57s
  2650K .......... .......... .......... .......... ..........  5%  920K 57s
  2700K .......... .......... .......... .......... ..........  5%  942K 57s
  2750K .......... .......... .......... .......... ..........  5%  906K 57s
  2800K .......... .......... .......... .......... ..........  5% 5.84M 56s
  2850K .......... .......... .......... .......... ..........  5%  966K 56s
  2900K .......... .......... .......... .......... ..........  5%  960K 56s
  2950K .......... .......... .......... .......... ..........  5% 7.09M 55s
  3000K .......... .......... .......... .......... ..........  5%  937K 55s
  3050K .......... .......... .......... .......... ..........  6%  932K 55s
  3100K .......... .......... .......... .......... ..........  6% 6.19M 54s
  3150K .......... .......... .......... .......... ..........  6%  891K 54s
  3200K .......... .......... .......... .......... ..........  6%  893K 54s
  3250K .......... .......... .......... .......... ..........  6% 1.06M 54s
  3300K .......... .......... .......... .......... ..........  6% 4.02M 53s
  3350K .......... .......... .......... .......... ..........  6%  941K 53s
  3400K .......... .......... .......... .......... ..........  6%  955K 53s
  3450K .......... .......... .......... .......... ..........  6% 5.74M 52s
  3500K .......... .......... .......... .......... ..........  6%  951K 52s
  3550K .......... .......... .......... .......... ..........  7%  930K 52s
  3600K .......... .......... .......... .......... ..........  7% 4.70M 51s
  3650K .......... .......... .......... .......... ..........  7%  955K 51s
  3700K .......... .......... .......... .......... ..........  7% 2.39M 51s
  3750K .......... .......... .......... .......... ..........  7%  980K 51s
  3800K .......... .......... .......... .......... ..........  7%  965K 50s
  3850K .......... .......... .......... .......... ..........  7% 6.16M 50s
  3900K .......... .......... .......... .......... ..........  7% 1002K 50s
  3950K .......... .......... .......... .......... ..........  7%  857K 50s
  4000K .......... .......... .......... .......... ..........  7% 7.81M 49s
  4050K .......... .......... .......... .......... ..........  8%  908K 49s
  4100K .......... .......... .......... .......... ..........  8% 3.98M 49s
  4150K .......... .......... .......... .......... ..........  8% 1020K 49s
  4200K .......... .......... .......... .......... ..........  8%  956K 49s
  4250K .......... .......... .......... .......... ..........  8% 8.53M 48s
  4300K .......... .......... .......... .......... ..........  8%  761K 48s
  4350K .......... .......... .......... .......... ..........  8% 2.37M 48s
  4400K .......... .......... .......... .......... ..........  8% 1.14M 48s
  4450K .......... .......... .......... .......... ..........  8% 1021K 47s
  4500K .......... .......... .......... .......... ..........  8% 5.82M 47s
  4550K .......... .......... .......... .......... ..........  9%  837K 47s
  4600K .......... .......... .......... .......... ..........  9% 8.31M 47s
  4650K .......... .......... .......... .......... ..........  9%  951K 46s
  4700K .......... .......... .......... .......... ..........  9% 7.60M 46s
  4750K .......... .......... .......... .......... ..........  9%  844K 46s
  4800K .......... .......... .......... .......... ..........  9%  920K 46s
  4850K .......... .......... .......... .......... ..........  9% 8.28M 46s
  4900K .......... .......... .......... .......... ..........  9%  931K 46s
  4950K .......... .......... .......... .......... ..........  9% 6.80M 45s
  5000K .......... .......... .......... .......... ..........  9%  966K 45s
  5050K .......... .......... .......... .......... .......... 10% 7.84M 45s
  5100K .......... .......... .......... .......... .......... 10%  987K 45s
  5150K .......... .......... .......... .......... .......... 10%  926K 45s
  5200K .......... .......... .......... .......... .......... 10% 8.12M 44s
  5250K .......... .......... .......... .......... .......... 10%  807K 44s
  5300K .......... .......... .......... .......... .......... 10% 7.94M 44s
  5350K .......... .......... .......... .......... .......... 10%  984K 44s
  5400K .......... .......... .......... .......... .......... 10% 6.60M 43s
  5450K .......... .......... .......... .......... .......... 10%  799K 44s
  5500K .......... .......... .......... .......... .......... 10% 8.22M 43s
  5550K .......... .......... .......... .......... .......... 10%  959K 43s
  5600K .......... .......... .......... .......... .......... 11% 6.85M 43s
  5650K .......... .......... .......... .......... .......... 11% 1008K 43s
  5700K .......... .......... .......... .......... .......... 11% 6.96M 42s
  5750K .......... .......... .......... .......... .......... 11%  962K 42s
  5800K .......... .......... .......... .......... .......... 11% 6.51M 42s
  5850K .......... .......... .......... .......... .......... 11%  993K 42s
  5900K .......... .......... .......... .......... .......... 11% 3.53M 42s
  5950K .......... .......... .......... .......... .......... 11% 1.09M 42s
  6000K .......... .......... .......... .......... .......... 11% 3.49M 41s
  6050K .......... .......... .......... .......... .......... 11% 1.18M 41s
  6100K .......... .......... .......... .......... .......... 12% 2.74M 41s
  6150K .......... .......... .......... .......... .......... 12% 1.30M 41s
  6200K .......... .......... .......... .......... .......... 12% 2.82M 41s
  6250K .......... .......... .......... .......... .......... 12% 1.14M 41s
  6300K .......... .......... .......... .......... .......... 12% 4.27M 40s
  6350K .......... .......... .......... .......... .......... 12% 1.08M 40s
  6400K .......... .......... .......... .......... .......... 12% 1.45M 40s
  6450K .......... .......... .......... .......... .......... 12% 1.96M 40s
  6500K .......... .......... .......... .......... .......... 12% 1.58M 40s
  6550K .......... .......... .......... .......... .......... 12% 1.47M 40s
  6600K .......... .......... .......... .......... .......... 13% 5.36M 39s
  6650K .......... .......... .......... .......... .......... 13% 1.06M 39s
  6700K .......... .......... .......... .......... .......... 13% 4.56M 39s
  6750K .......... .......... .......... .......... .......... 13% 1.03M 39s
  6800K .......... .......... .......... .......... .......... 13% 4.31M 39s
  6850K .......... .......... .......... .......... .......... 13% 1.43M 39s
  6900K .......... .......... .......... .......... .......... 13% 2.45M 39s
  6950K .......... .......... .......... .......... .......... 13% 1.51M 38s
  7000K .......... .......... .......... .......... .......... 13% 2.18M 38s
  7050K .......... .......... .......... .......... .......... 13% 1.44M 38s
  7100K .......... .......... .......... .......... .......... 14% 2.35M 38s
  7150K .......... .......... .......... .......... .......... 14% 1.24M 38s
  7200K .......... .......... .......... .......... .......... 14% 2.74M 38s
  7250K .......... .......... .......... .......... .......... 14% 1.27M 38s
  7300K .......... .......... .......... .......... .......... 14% 3.09M 37s
  7350K .......... .......... .......... .......... .......... 14% 1.25M 37s
  7400K .......... .......... .......... .......... .......... 14% 4.78M 37s
  7450K .......... .......... .......... .......... .......... 14% 1.10M 37s
  7500K .......... .......... .......... .......... .......... 14% 4.68M 37s
  7550K .......... .......... .......... .......... .......... 14% 1.02M 37s
  7600K .......... .......... .......... .......... .......... 15% 5.41M 37s
  7650K .......... .......... .......... .......... .......... 15% 2.61M 36s
  7700K .......... .......... .......... .......... .......... 15% 1.49M 36s
  7750K .......... .......... .......... .......... .......... 15% 2.23M 36s
  7800K .......... .......... .......... .......... .......... 15% 1.47M 36s
  7850K .......... .......... .......... .......... .......... 15% 2.66M 36s
  7900K .......... .......... .......... .......... .......... 15% 1.33M 36s
  7950K .......... .......... .......... .......... .......... 15% 2.34M 36s
  8000K .......... .......... .......... .......... .......... 15% 1.20M 36s
  8050K .......... .......... .......... .......... .......... 15% 8.25M 35s
  8100K .......... .......... .......... .......... .......... 16% 1.82M 35s
  8150K .......... .......... .......... .......... .......... 16% 1.66M 35s
  8200K .......... .......... .......... .......... .......... 16% 3.43M 35s
  8250K .......... .......... .......... .......... .......... 16% 1.20M 35s
  8300K .......... .......... .......... .......... .......... 16% 4.36M 35s
  8350K .......... .......... .......... .......... .......... 16% 1.13M 35s
  8400K .......... .......... .......... .......... .......... 16% 3.82M 35s
  8450K .......... .......... .......... .......... .......... 16% 1.18M 35s
  8500K .......... .......... .......... .......... .......... 16% 6.69M 34s
  8550K .......... .......... .......... .......... .......... 16% 3.43M 34s
  8600K .......... .......... .......... .......... .......... 16% 1.26M 34s
  8650K .......... .......... .......... .......... .......... 17% 4.35M 34s
  8700K .......... .......... .......... .......... .......... 17% 1.18M 34s
  8750K .......... .......... .......... .......... .......... 17% 3.96M 34s
  8800K .......... .......... .......... .......... .......... 17% 1.14M 34s
  8850K .......... .......... .......... .......... .......... 17% 4.82M 34s
  8900K .......... .......... .......... .......... .......... 17% 2.49M 33s
  8950K .......... .......... .......... .......... .......... 17% 1.61M 33s
  9000K .......... .......... .......... .......... .......... 17% 3.89M 33s
  9050K .......... .......... .......... .......... .......... 17% 1.21M 33s
  9100K .......... .......... .......... .......... .......... 17% 5.37M 33s
  9150K .......... .......... .......... .......... .......... 18% 1.08M 33s
  9200K .......... .......... .......... .......... .......... 18% 5.18M 33s
  9250K .......... .......... .......... .......... .......... 18% 3.20M 33s
  9300K .......... .......... .......... .......... .......... 18% 1.33M 33s
  9350K .......... .......... .......... .......... .......... 18% 4.81M 32s
  9400K .......... .......... .......... .......... .......... 18% 1.22M 32s
  9450K .......... .......... .......... .......... .......... 18% 4.25M 32s
  9500K .......... .......... .......... .......... .......... 18%  735K 32s
  9550K .......... .......... .......... .......... .......... 18% 6.68M 32s
  9600K .......... .......... .......... .......... .......... 18% 8.06M 32s
  9650K .......... .......... .......... .......... .......... 19% 1.35M 32s
  9700K .......... .......... .......... .......... .......... 19% 1.37M 32s
  9750K .......... .......... .......... .......... .......... 19% 2.08M 32s
  9800K .......... .......... .......... .......... .......... 19% 1.42M 32s
  9850K .......... .......... .......... .......... .......... 19% 2.20M 32s
  9900K .......... .......... .......... .......... .......... 19% 1.21M 32s
  9950K .......... .......... .......... .......... .......... 19% 2.83M 31s
 10000K .......... .......... .......... .......... .......... 19%  994K 31s
 10050K .......... .......... .......... .......... .......... 19% 2.23M 31s
 10100K .......... .......... .......... .......... .......... 19% 1.25M 31s
 10150K .......... .......... .......... .......... .......... 20%  597K 31s
 10200K .......... .......... .......... .......... .......... 20% 15.5M 31s
 10250K .......... .......... .......... .......... .......... 20% 6.03M 31s
 10300K .......... .......... .......... .......... .......... 20% 1.71M 31s
 10350K .......... .......... .......... .......... .......... 20%  923K 31s
 10400K .......... .......... .......... .......... .......... 20%  876K 31s
 10450K .......... .......... .......... .......... .......... 20% 1.49M 31s
 10500K .......... .......... .......... .......... .......... 20% 1.78M 31s
 10550K .......... .......... .......... .......... .......... 20%  928K 31s
 10600K .......... .......... .......... .......... .......... 20% 1.53M 31s
 10650K .......... .......... .......... .......... .......... 21% 1.70M 31s
 10700K .......... .......... .......... .......... .......... 21%  939K 31s
 10750K .......... .......... .......... .......... .......... 21%  884K 31s
 10800K .......... .......... .......... .......... .......... 21% 1.60M 31s
 10850K .......... .......... .......... .......... .......... 21% 1.73M 31s
 10900K .......... .......... .......... .......... .......... 21%  937K 31s
 10950K .......... .......... .......... .......... .......... 21% 1.62M 31s
 11000K .......... .......... .......... .......... .......... 21% 1.60M 31s
 11050K .......... .......... .......... .......... .......... 21%  934K 31s
 11100K .......... .......... .......... .......... .......... 21% 1.64M 31s
 11150K .......... .......... .......... .......... .......... 21% 1.08M 31s
 11200K .......... .......... .......... .......... .......... 22% 1.22M 30s
 11250K .......... .......... .......... .......... .......... 22% 1.74M 30s
 11300K .......... .......... .......... .......... .......... 22% 1.57M 30s
 11350K .......... .......... .......... .......... .......... 22%  966K 30s
 11400K .......... .......... .......... .......... .......... 22% 1.67M 30s
 11450K .......... .......... .......... .......... .......... 22% 1.65M 30s
 11500K .......... .......... .......... .......... .......... 22% 1.26M 30s
 11550K .......... .......... .......... .......... .......... 22% 1.13M 30s
 11600K .......... .......... .......... .......... .......... 22% 1.43M 30s
 11650K .......... .......... .......... .......... .......... 22%  951K 30s
 11700K .......... .......... .......... .......... .......... 23% 2.15M 30s
 11750K .......... .......... .......... .......... .......... 23% 1.37M 30s
 11800K .......... .......... .......... .......... .......... 23% 2.00M 30s
 11850K .......... .......... .......... .......... .......... 23% 1.47M 30s
 11900K .......... .......... .......... .......... .......... 23%  947K 30s
 11950K .......... .......... .......... .......... .......... 23% 2.15M 30s
 12000K .......... .......... .......... .......... .......... 23% 1.34M 30s
 12050K .......... .......... .......... .......... .......... 23% 1.05M 30s
 12100K .......... .......... .......... .......... .......... 23% 2.46M 30s
 12150K .......... .......... .......... .......... .......... 23% 1.14M 30s
 12200K .......... .......... .......... .......... .......... 24% 3.14M 29s
 12250K .......... .......... .......... .......... .......... 24% 1.16M 29s
 12300K .......... .......... .......... .......... .......... 24% 1.63M 29s
 12350K .......... .......... .......... .......... .......... 24% 1.39M 29s
 12400K .......... .......... .......... .......... .......... 24% 1.09M 29s
 12450K .......... .......... .......... .......... .......... 24% 2.65M 29s
 12500K .......... .......... .......... .......... .......... 24% 1.26M 29s
 12550K .......... .......... .......... .......... .......... 24% 1.44M 29s
 12600K .......... .......... .......... .......... .......... 24% 2.16M 29s
 12650K .......... .......... .......... .......... .......... 24% 1.37M 29s
 12700K .......... .......... .......... .......... .......... 25% 1.67M 29s
 12750K .......... .......... .......... .......... .......... 25% 1.22M 29s
 12800K .......... .......... .......... .......... .......... 25% 1.98M 29s
 12850K .......... .......... .......... .......... .......... 25% 1.49M 29s
 12900K .......... .......... .......... .......... .......... 25% 1.44M 29s
 12950K .......... .......... .......... .......... .......... 25% 1.67M 29s
 13000K .......... .......... .......... .......... .......... 25% 1.49M 29s
 13050K .......... .......... .......... .......... .......... 25% 1.65M 29s
 13100K .......... .......... .......... .......... .......... 25% 1.51M 28s
 13150K .......... .......... .......... .......... .......... 25% 1.92M 28s
 13200K .......... .......... .......... .......... .......... 26% 1015K 28s
 13250K .......... .......... .......... .......... .......... 26% 4.72M 28s
 13300K .......... .......... .......... .......... .......... 26% 1.05M 28s
 13350K .......... .......... .......... .......... .......... 26% 4.84M 28s
 13400K .......... .......... .......... .......... .......... 26% 1.05M 28s
 13450K .......... .......... .......... .......... .......... 26% 3.82M 28s
 13500K .......... .......... .......... .......... .......... 26% 1.05M 28s
 13550K .......... .......... .......... .......... .......... 26% 1.64M 28s
 13600K .......... .......... .......... .......... .......... 26% 1.51M 28s
 13650K .......... .......... .......... .......... .......... 26% 1.78M 28s
 13700K .......... .......... .......... .......... .......... 27% 1.57M 28s
 13750K .......... .......... .......... .......... .......... 27% 2.65M 28s
 13800K .......... .......... .......... .......... .......... 27% 1.18M 28s
 13850K .......... .......... .......... .......... .......... 27% 3.84M 28s
 13900K .......... .......... .......... .......... .......... 27% 1.05M 28s
 13950K .......... .......... .......... .......... .......... 27% 1.37M 28s
 14000K .......... .......... .......... .......... .......... 27% 2.19M 27s
 14050K .......... .......... .......... .......... .......... 27%  677K 28s
 14100K .......... .......... .......... .......... .......... 27% 4.18M 27s
 14150K .......... .......... .......... .......... .......... 27% 1.72M 27s
 14200K .......... .......... .......... .......... .......... 27% 1.09M 27s
 14250K .......... .......... .......... .......... .......... 28% 1.30M 27s
 14300K .......... .......... .......... .......... .......... 28% 1.70M 27s
 14350K .......... .......... .......... .......... .......... 28%  914K 27s
 14400K .......... .......... .......... .......... .......... 28%  914K 27s
 14450K .......... .......... .......... .......... .......... 28% 3.94M 27s
 14500K .......... .......... .......... .......... .......... 28% 1.01M 27s
 14550K .......... .......... .......... .......... .......... 28% 1.28M 27s
 14600K .......... .......... .......... .......... .......... 28% 1.67M 27s
 14650K .......... .......... .......... .......... .......... 28%  996K 27s
 14700K .......... .......... .......... .......... .......... 28% 3.25M 27s
 14750K .......... .......... .......... .......... .......... 29% 1.02M 27s
 14800K .......... .......... .......... .......... .......... 29% 1.01M 27s
 14850K .......... .......... .......... .......... .......... 29% 2.65M 27s
 14900K .......... .......... .......... .......... .......... 29%  918K 27s
 14950K .......... .......... .......... .......... .......... 29%  985K 27s
 15000K .......... .......... .......... .......... .......... 29% 4.19M 27s
 15050K .......... .......... .......... .......... .......... 29%  995K 27s
 15100K .......... .......... .......... .......... .......... 29% 4.34M 27s
 15150K .......... .......... .......... .......... .......... 29%  964K 27s
 15200K .......... .......... .......... .......... .......... 29% 1.02M 27s
 15250K .......... .......... .......... .......... .......... 30% 3.93M 27s
 15300K .......... .......... .......... .......... .......... 30% 1.02M 27s
 15350K .......... .......... .......... .......... .......... 30%  668K 27s
 15400K .......... .......... .......... .......... .......... 30% 4.25M 26s
 15450K .......... .......... .......... .......... .......... 30% 1.69M 26s
 15500K .......... .......... .......... .......... .......... 30% 2.79M 26s
 15550K .......... .......... .......... .......... .......... 30%  885K 26s
 15600K .......... .......... .......... .......... .......... 30%  944K 26s
 15650K .......... .......... .......... .......... .......... 30%  899K 26s
 15700K .......... .......... .......... .......... .......... 30%  917K 26s
 15750K .......... .......... .......... .......... .......... 31% 5.56M 26s
 15800K .......... .......... .......... .......... .......... 31%  914K 26s
 15850K .......... .......... .......... .......... .......... 31%  917K 26s
 15900K .......... .......... .......... .......... .......... 31%  931K 26s
 15950K .......... .......... .......... .......... .......... 31% 2.32M 26s
 16000K .......... .......... .......... .......... .......... 31% 1.22M 26s
 16050K .......... .......... .......... .......... .......... 31%  919K 26s
 16100K .......... .......... .......... .......... .......... 31%  927K 26s
 16150K .......... .......... .......... .......... .......... 31% 5.47M 26s
 16200K .......... .......... .......... .......... .......... 31%  982K 26s
 16250K .......... .......... .......... .......... .......... 32%  936K 26s
 16300K .......... .......... .......... .......... .......... 32% 5.68M 26s
 16350K .......... .......... .......... .......... .......... 32%  928K 26s
 16400K .......... .......... .......... .......... .......... 32%  921K 26s
 16450K .......... .......... .......... .......... .......... 32%  959K 26s
 16500K .......... .......... .......... .......... .......... 32% 4.96M 26s
 16550K .......... .......... .......... .......... .......... 32%  878K 26s
 16600K .......... .......... .......... .......... .......... 32% 2.34M 26s
 16650K .......... .......... .......... .......... .......... 32% 1.28M 26s
 16700K .......... .......... .......... .......... .......... 32%  933K 26s
 16750K .......... .......... .......... .......... .......... 32%  937K 26s
 16800K .......... .......... .......... .......... .......... 33% 3.42M 26s
 16850K .......... .......... .......... .......... .......... 33%  938K 26s
 16900K .......... .......... .......... .......... .......... 33% 1.06M 26s
 16950K .......... .......... .......... .......... .......... 33%  703K 26s
 17000K .......... .......... .......... .......... .......... 33% 8.15M 26s
 17050K .......... .......... .......... .......... .......... 33% 1.22M 25s
 17100K .......... .......... .......... .......... .......... 33%  888K 25s
 17150K .......... .......... .......... .......... .......... 33%  873K 25s
 17200K .......... .......... .......... .......... .......... 33%  876K 25s
 17250K .......... .......... .......... .......... .......... 33%  696K 26s
 17300K .......... .......... .......... .......... .......... 34% 1.16M 25s
 17350K .......... .......... .......... .......... .......... 34%  774K 25s
 17400K .......... .......... .......... .......... .......... 34%  875K 25s
 17450K .......... .......... .......... .......... .......... 34%  825K 25s
 17500K .......... .......... .......... .......... .......... 34%  860K 25s
 17550K .......... .......... .......... .......... .......... 34%  493K 26s
 17600K .......... .......... .......... .......... .......... 34%  862K 26s
 17650K .......... .......... .......... .......... .......... 34%  846K 26s
 17700K .......... .......... .......... .......... .......... 34%  849K 26s
 17750K .......... .......... .......... .......... .......... 34%  487K 26s
 17800K .......... .......... .......... .......... .......... 35%  904K 26s
 17850K .......... .......... .......... .......... .......... 35%  664K 26s
 17900K .......... .......... .......... .......... .......... 35%  528K 26s
 17950K .......... .......... .......... .......... .......... 35%  646K 26s
 18000K .......... .......... .......... .......... .......... 35%  549K 26s
 18050K .......... .......... .......... .......... .......... 35%  689K 26s
 18100K .......... .......... .......... .......... .......... 35%  842K 26s
 18150K .......... .......... .......... .......... .......... 35%  530K 26s
 18200K .......... .......... .......... .......... .......... 35%  721K 26s
 18250K .......... .......... .......... .......... .......... 35%  798K 26s
 18300K .......... .......... .......... .......... .......... 36%  861K 26s
 18350K .......... .......... .......... .......... .......... 36%  518K 26s
 18400K .......... .......... .......... .......... .......... 36%  714K 26s
 18450K .......... .......... .......... .......... .......... 36%  824K 26s
 18500K .......... .......... .......... .......... .......... 36%  882K 26s
 18550K .......... .......... .......... .......... .......... 36%  822K 26s
 18600K .......... .......... .......... .......... .......... 36%  856K 26s
 18650K .......... .......... .......... .......... .......... 36%  876K 26s
 18700K .......... .......... .......... .......... .......... 36%  903K 26s
 18750K .......... .......... .......... .......... .......... 36%  817K 26s
 18800K .......... .......... .......... .......... .......... 37%  893K 26s
 18850K .......... .......... .......... .......... .......... 37%  895K 26s
 18900K .......... .......... .......... .......... .......... 37%  885K 26s
 18950K .......... .......... .......... .......... .......... 37%  888K 26s
 19000K .......... .......... .......... .......... .......... 37%  898K 26s
 19050K .......... .......... .......... .......... .......... 37%  906K 26s
 19100K .......... .......... .......... .......... .......... 37%  910K 26s
 19150K .......... .......... .......... .......... .......... 37%  854K 26s
 19200K .......... .......... .......... .......... .......... 37%  902K 26s
 19250K .......... .......... .......... .......... .......... 37% 1.10M 26s
 19300K .......... .......... .......... .......... .......... 38% 1.67M 26s
 19350K .......... .......... .......... .......... .......... 38% 1.01M 26s
 19400K .......... .......... .......... .......... .......... 38%  947K 26s
 19450K .......... .......... .......... .......... .......... 38%  948K 26s
 19500K .......... .......... .......... .......... .......... 38%  982K 26s
 19550K .......... .......... .......... .......... .......... 38%  892K 26s
 19600K .......... .......... .......... .......... .......... 38%  914K 26s
 19650K .......... .......... .......... .......... .......... 38% 1.89M 26s
 19700K .......... .......... .......... .......... .......... 38% 1.09M 25s
 19750K .......... .......... .......... .......... .......... 38% 1.02M 25s
 19800K .......... .......... .......... .......... .......... 38%  939K 25s
 19850K .......... .......... .......... .......... .......... 39% 1.78M 25s
 19900K .......... .......... .......... .......... .......... 39% 1.15M 25s
 19950K .......... .......... .......... .......... .......... 39%  856K 25s
 20000K .......... .......... .......... .......... .......... 39% 1.08M 25s
 20050K .......... .......... .......... .......... .......... 39% 1012K 25s
 20100K .......... .......... .......... .......... .......... 39% 1.79M 25s
 20150K .......... .......... .......... .......... .......... 39% 1.14M 25s
 20200K .......... .......... .......... .......... .......... 39% 1.02M 25s
 20250K .......... .......... .......... .......... .......... 39% 1.16M 25s
 20300K .......... .......... .......... .......... .......... 39% 1.82M 25s
 20350K .......... .......... .......... .......... .......... 40%  904K 25s
 20400K .......... .......... .......... .......... .......... 40% 1.19M 25s
 20450K .......... .......... .......... .......... .......... 40%  961K 25s
 20500K .......... .......... .......... .......... .......... 40% 2.52M 25s
 20550K .......... .......... .......... .......... .......... 40% 1.03M 25s
 20600K .......... .......... .......... .......... .......... 40% 1.13M 25s
 20650K .......... .......... .......... .......... .......... 40% 2.27M 25s
 20700K .......... .......... .......... .......... .......... 40% 1.08M 25s
 20750K .......... .......... .......... .......... .......... 40% 1.02M 25s
 20800K .......... .......... .......... .......... .......... 40% 1.02M 25s
 20850K .......... .......... .......... .......... .......... 41% 2.76M 25s
 20900K .......... .......... .......... .......... .......... 41% 1.06M 25s
 20950K .......... .......... .......... .......... .......... 41% 1.57M 24s
 21000K .......... .......... .......... .......... .......... 41% 1.50M 24s
 21050K .......... .......... .......... .......... .......... 41% 1.03M 24s
 21100K .......... .......... .......... .......... .......... 41% 2.21M 24s
 21150K .......... .......... .......... .......... .......... 41% 1.17M 24s
 21200K .......... .......... .......... .......... .......... 41%  939K 24s
 21250K .......... .......... .......... .......... .......... 41% 1.72M 24s
 21300K .......... .......... .......... .......... .......... 41% 1.53M 24s
 21350K .......... .......... .......... .......... .......... 42% 1.02M 24s
 21400K .......... .......... .......... .......... .......... 42% 2.05M 24s
 21450K .......... .......... .......... .......... .......... 42% 1.14M 24s
 21500K .......... .......... .......... .......... .......... 42% 1.62M 24s
 21550K .......... .......... .......... .......... .......... 42% 1.61M 24s
 21600K .......... .......... .......... .......... .......... 42%  847K 24s
 21650K .......... .......... .......... .......... .......... 42% 2.82M 24s
 21700K .......... .......... .......... .......... .......... 42% 1.17M 24s
 21750K .......... .......... .......... .......... .......... 42% 1.33M 24s
 21800K .......... .......... .......... .......... .......... 42% 2.27M 24s
 21850K .......... .......... .......... .......... .......... 43% 1.24M 24s
 21900K .......... .......... .......... .......... .......... 43% 2.17M 24s
 21950K .......... .......... .......... .......... .......... 43% 1017K 24s
 22000K .......... .......... .......... .......... .......... 43% 1.17M 23s
 22050K .......... .......... .......... .......... .......... 43% 2.91M 23s
 22100K .......... .......... .......... .......... .......... 43% 1.16M 23s
 22150K .......... .......... .......... .......... .......... 43% 2.28M 23s
 22200K .......... .......... .......... .......... .......... 43% 1.14M 23s
 22250K .......... .......... .......... .......... .......... 43% 1.64M 23s
 22300K .......... .......... .......... .......... .......... 43% 1.85M 23s
 22350K .......... .......... .......... .......... .......... 43%  999K 23s
 22400K .......... .......... .......... .......... .......... 44% 2.79M 23s
 22450K .......... .......... .......... .......... .......... 44% 1.12M 23s
 22500K .......... .......... .......... .......... .......... 44% 2.50M 23s
 22550K .......... .......... .......... .......... .......... 44% 1.26M 23s
 22600K .......... .......... .......... .......... .......... 44% 1.87M 23s
 22650K .......... .......... .......... .......... .......... 44% 1.63M 23s
 22700K .......... .......... .......... .......... .......... 44%  975K 23s
 22750K .......... .......... .......... .......... .......... 44% 4.28M 23s
 22800K .......... .......... .......... .......... .......... 44% 1023K 23s
 22850K .......... .......... .......... .......... .......... 44% 6.16M 23s
 22900K .......... .......... .......... .......... .......... 45% 1.01M 23s
 22950K .......... .......... .......... .......... .......... 45% 5.26M 22s
 23000K .......... .......... .......... .......... .......... 45% 1000K 22s
 23050K .......... .......... .......... .......... .......... 45% 6.13M 22s
 23100K .......... .......... .......... .......... .......... 45% 1.04M 22s
 23150K .......... .......... .......... .......... .......... 45%  955K 22s
 23200K .......... .......... .......... .......... .......... 45% 7.82M 22s
 23250K .......... .......... .......... .......... .......... 45%  981K 22s
 23300K .......... .......... .......... .......... .......... 45% 9.35M 22s
 23350K .......... .......... .......... .......... .......... 45%  988K 22s
 23400K .......... .......... .......... .......... .......... 46% 9.90M 22s
 23450K .......... .......... .......... .......... .......... 46%  970K 22s
 23500K .......... .......... .......... .......... .......... 46% 7.27M 22s
 23550K .......... .......... .......... .......... .......... 46%  998K 22s
 23600K .......... .......... .......... .......... .......... 46% 7.57M 22s
 23650K .......... .......... .......... .......... .......... 46% 1010K 22s
 23700K .......... .......... .......... .......... .......... 46% 6.77M 22s
 23750K .......... .......... .......... .......... .......... 46% 1005K 22s
 23800K .......... .......... .......... .......... .......... 46% 4.62M 22s
 23850K .......... .......... .......... .......... .......... 46% 1.12M 22s
 23900K .......... .......... .......... .......... .......... 47% 2.65M 21s
 23950K .......... .......... .......... .......... .......... 47% 1.02M 21s
 24000K .......... .......... .......... .......... .......... 47% 2.49M 21s
 24050K .......... .......... .......... .......... .......... 47% 1.49M 21s
 24100K .......... .......... .......... .......... .......... 47% 2.35M 21s
 24150K .......... .......... .......... .......... .......... 47% 1.45M 21s
 24200K .......... .......... .......... .......... .......... 47% 1.83M 21s
 24250K .......... .......... .......... .......... .......... 47% 1.77M 21s
 24300K .......... .......... .......... .......... .......... 47% 2.03M 21s
 24350K .......... .......... .......... .......... .......... 47% 1.20M 21s
 24400K .......... .......... .......... .......... .......... 48% 2.23M 21s
 24450K .......... .......... .......... .......... .......... 48% 1.91M 21s
 24500K .......... .......... .......... .......... .......... 48% 2.16M 21s
 24550K .......... .......... .......... .......... .......... 48% 1.74M 21s
 24600K .......... .......... .......... .......... .......... 48% 1.84M 21s
 24650K .......... .......... .......... .......... .......... 48% 1.72M 21s
 24700K .......... .......... .......... .......... .......... 48% 1.84M 21s
 24750K .......... .......... .......... .......... .......... 48% 1.59M 21s
 24800K .......... .......... .......... .......... .......... 48% 1.60M 21s
 24850K .......... .......... .......... .......... .......... 48% 1.86M 21s
 24900K .......... .......... .......... .......... .......... 49% 1.52M 20s
 24950K .......... .......... .......... .......... .......... 49% 2.13M 20s
 25000K .......... .......... .......... .......... .......... 49% 1.45M 20s
 25050K .......... .......... .......... .......... .......... 49% 3.76M 20s
 25100K .......... .......... .......... .......... .......... 49% 1.73M 20s
 25150K .......... .......... .......... .......... .......... 49% 1.53M 20s
 25200K .......... .......... .......... .......... .......... 49% 1.83M 20s
 25250K .......... .......... .......... .......... .......... 49% 1.85M 20s
 25300K .......... .......... .......... .......... .......... 49% 2.57M 20s
 25350K .......... .......... .......... .......... .......... 49% 1.34M 20s
 25400K .......... .......... .......... .......... .......... 49% 2.72M 20s
 25450K .......... .......... .......... .......... .......... 50% 1.46M 20s
 25500K .......... .......... .......... .......... .......... 50% 2.81M 20s
 25550K .......... .......... .......... .......... .......... 50% 1.16M 20s
 25600K .......... .......... .......... .......... .......... 50% 4.06M 20s
 25650K .......... .......... .......... .......... .......... 50% 1.45M 20s
 25700K .......... .......... .......... .......... .......... 50% 2.22M 20s
 25750K .......... .......... .......... .......... .......... 50% 2.11M 20s
 25800K .......... .......... .......... .......... .......... 50% 1.36M 20s
 25850K .......... .......... .......... .......... .......... 50% 4.22M 19s
 25900K .......... .......... .......... .......... .......... 50% 1.83M 19s
 25950K .......... .......... .......... .......... .......... 51% 1.65M 19s
 26000K .......... .......... .......... .......... .......... 51% 2.07M 19s
 26050K .......... .......... .......... .......... .......... 51% 1.61M 19s
 26100K .......... .......... .......... .......... .......... 51% 3.66M 19s
 26150K .......... .......... .......... .......... .......... 51% 1.38M 19s
 26200K .......... .......... .......... .......... .......... 51% 2.49M 19s
 26250K .......... .......... .......... .......... .......... 51% 1.73M 19s
 26300K .......... .......... .......... .......... .......... 51% 2.15M 19s
 26350K .......... .......... .......... .......... .......... 51% 1.79M 19s
 26400K .......... .......... .......... .......... .......... 51% 1.83M 19s
 26450K .......... .......... .......... .......... .......... 52% 2.03M 19s
 26500K .......... .......... .......... .......... .......... 52% 2.72M 19s
 26550K .......... .......... .......... .......... .......... 52% 1.32M 19s
 26600K .......... .......... .......... .......... .......... 52% 4.29M 19s
 26650K .......... .......... .......... .......... .......... 52% 1.90M 19s
 26700K .......... .......... .......... .......... .......... 52% 2.15M 19s
 26750K .......... .......... .......... .......... .......... 52% 2.24M 19s
 26800K .......... .......... .......... .......... .......... 52% 1.45M 18s
 26850K .......... .......... .......... .......... .......... 52% 3.70M 18s
 26900K .......... .......... .......... .......... .......... 52% 1.25M 18s
 26950K .......... .......... .......... .......... .......... 53% 5.71M 18s
 27000K .......... .......... .......... .......... .......... 53% 2.35M 18s
 27050K .......... .......... .......... .......... .......... 53% 1.60M 18s
 27100K .......... .......... .......... .......... .......... 53% 3.98M 18s
 27150K .......... .......... .......... .......... .......... 53% 1.17M 18s
 27200K .......... .......... .......... .......... .......... 53% 4.25M 18s
 27250K .......... .......... .......... .......... .......... 53% 1.18M 18s
 27300K .......... .......... .......... .......... .......... 53% 5.08M 18s
 27350K .......... .......... .......... .......... .......... 53% 3.31M 18s
 27400K .......... .......... .......... .......... .......... 53% 1.26M 18s
 27450K .......... .......... .......... .......... .......... 54% 5.23M 18s
 27500K .......... .......... .......... .......... .......... 54% 1.90M 18s
 27550K .......... .......... .......... .......... .......... 54% 1.66M 18s
 27600K .......... .......... .......... .......... .......... 54% 5.22M 18s
 27650K .......... .......... .......... .......... .......... 54% 1006K 18s
 27700K .......... .......... .......... .......... .......... 54% 8.24M 18s
 27750K .......... .......... .......... .......... .......... 54% 1.87M 18s
 27800K .......... .......... .......... .......... .......... 54% 1.82M 17s
 27850K .......... .......... .......... .......... .......... 54% 5.49M 17s
 27900K .......... .......... .......... .......... .......... 54% 1.05M 17s
 27950K .......... .......... .......... .......... .......... 54% 4.09M 17s
 28000K .......... .......... .......... .......... .......... 55% 1.39M 17s
 28050K .......... .......... .......... .......... .......... 55% 2.94M 17s
 28100K .......... .......... .......... .......... .......... 55% 7.41M 17s
 28150K .......... .......... .......... .......... .......... 55% 1.09M 17s
 28200K .......... .......... .......... .......... .......... 55% 3.98M 17s
 28250K .......... .......... .......... .......... .......... 55% 8.02M 17s
 28300K .......... .......... .......... .......... .......... 55% 1.23M 17s
 28350K .......... .......... .......... .......... .......... 55% 2.57M 17s
 28400K .......... .......... .......... .......... .......... 55% 1.51M 17s
 28450K .......... .......... .......... .......... .......... 55% 2.51M 17s
 28500K .......... .......... .......... .......... .......... 56% 5.48M 17s
 28550K .......... .......... .......... .......... .......... 56% 1.47M 17s
 28600K .......... .......... .......... .......... .......... 56% 2.64M 17s
 28650K .......... .......... .......... .......... .......... 56% 3.00M 17s
 28700K .......... .......... .......... .......... .......... 56% 1.95M 17s
 28750K .......... .......... .......... .......... .......... 56% 2.74M 17s
 28800K .......... .......... .......... .......... .......... 56% 1.64M 16s
 28850K .......... .......... .......... .......... .......... 56% 2.01M 16s
 28900K .......... .......... .......... .......... .......... 56% 8.37M 16s
 28950K .......... .......... .......... .......... .......... 56% 1.72M 16s
 29000K .......... .......... .......... .......... .......... 57% 1.76M 16s
 29050K .......... .......... .......... .......... .......... 57% 3.12M 16s
 29100K .......... .......... .......... .......... .......... 57% 3.27M 16s
 29150K .......... .......... .......... .......... .......... 57% 1.50M 16s
 29200K .......... .......... .......... .......... .......... 57% 2.91M 16s
 29250K .......... .......... .......... .......... .......... 57% 1.70M 16s
 29300K .......... .......... .......... .......... .......... 57% 4.77M 16s
 29350K .......... .......... .......... .......... .......... 57% 2.70M 16s
 29400K .......... .......... .......... .......... .......... 57% 1.78M 16s
 29450K .......... .......... .......... .......... .......... 57% 4.63M 16s
 29500K .......... .......... .......... .......... .......... 58% 2.68M 16s
 29550K .......... .......... .......... .......... .......... 58% 1.61M 16s
 29600K .......... .......... .......... .......... .......... 58% 4.53M 16s
 29650K .......... .......... .......... .......... .......... 58% 3.05M 16s
 29700K .......... .......... .......... .......... .......... 58% 1.89M 16s
 29750K .......... .......... .......... .......... .......... 58% 3.97M 16s
 29800K .......... .......... .......... .......... .......... 58% 2.75M 15s
 29850K .......... .......... .......... .......... .......... 58% 1.94M 15s
 29900K .......... .......... .......... .......... .......... 58% 3.77M 15s
 29950K .......... .......... .......... .......... .......... 58% 2.58M 15s
 30000K .......... .......... .......... .......... .......... 59% 1.98M 15s
 30050K .......... .......... .......... .......... .......... 59% 3.84M 15s
 30100K .......... .......... .......... .......... .......... 59% 4.35M 15s
 30150K .......... .......... .......... .......... .......... 59% 2.81M 15s
 30200K .......... .......... .......... .......... .......... 59% 1.87M 15s
 30250K .......... .......... .......... .......... .......... 59% 7.83M 15s
 30300K .......... .......... .......... .......... .......... 59% 3.66M 15s
 30350K .......... .......... .......... .......... .......... 59% 1.36M 15s
 30400K .......... .......... .......... .......... .......... 59% 7.67M 15s
 30450K .......... .......... .......... .......... .......... 59% 4.43M 15s
 30500K .......... .......... .......... .......... .......... 59% 1.66M 15s
 30550K .......... .......... .......... .......... .......... 60% 3.99M 15s
 30600K .......... .......... .......... .......... .......... 60% 7.43M 15s
 30650K .......... .......... .......... .......... .......... 60% 2.99M 15s
 30700K .......... .......... .......... .......... .......... 60% 1.83M 15s
 30750K .......... .......... .......... .......... .......... 60% 5.10M 15s
 30800K .......... .......... .......... .......... .......... 60% 5.04M 14s
 30850K .......... .......... .......... .......... .......... 60% 1.51M 14s
 30900K .......... .......... .......... .......... .......... 60% 5.23M 14s
 30950K .......... .......... .......... .......... .......... 60% 5.75M 14s
 31000K .......... .......... .......... .......... .......... 60% 2.67M 14s
 31050K .......... .......... .......... .......... .......... 61% 2.10M 14s
 31100K .......... .......... .......... .......... .......... 61% 6.08M 14s
 31150K .......... .......... .......... .......... .......... 61% 4.41M 14s
 31200K .......... .......... .......... .......... .......... 61% 1.44M 14s
 31250K .......... .......... .......... .......... .......... 61% 7.24M 14s
 31300K .......... .......... .......... .......... .......... 61% 7.72M 14s
 31350K .......... .......... .......... .......... .......... 61% 4.44M 14s
 31400K .......... .......... .......... .......... .......... 61% 1.47M 14s
 31450K .......... .......... .......... .......... .......... 61% 7.37M 14s
 31500K .......... .......... .......... .......... .......... 61% 6.84M 14s
 31550K .......... .......... .......... .......... .......... 62% 2.41M 14s
 31600K .......... .......... .......... .......... .......... 62% 2.10M 14s
 31650K .......... .......... .......... .......... .......... 62% 5.59M 14s
 31700K .......... .......... .......... .......... .......... 62%  753K 14s
 31750K .......... .......... .......... .......... .......... 62% 7.95M 14s
 31800K .......... .......... .......... .......... .......... 62% 9.46M 14s
 31850K .......... .......... .......... .......... .......... 62% 8.65M 13s
 31900K .......... .......... .......... .......... .......... 62% 9.41M 13s
 31950K .......... .......... .......... .......... .......... 62% 2.27M 13s
 32000K .......... .......... .......... .......... .......... 62% 3.65M 13s
 32050K .......... .......... .......... .......... .......... 63% 3.93M 13s
 32100K .......... .......... .......... .......... .......... 63% 1.49M 13s
 32150K .......... .......... .......... .......... .......... 63% 4.09M 13s
 32200K .......... .......... .......... .......... .......... 63% 5.71M 13s
 32250K .......... .......... .......... .......... .......... 63% 1.19M 13s
 32300K .......... .......... .......... .......... .......... 63% 5.62M 13s
 32350K .......... .......... .......... .......... .......... 63% 1.59M 13s
 32400K .......... .......... .......... .......... .......... 63% 2.24M 13s
 32450K .......... .......... .......... .......... .......... 63% 9.03M 13s
 32500K .......... .......... .......... .......... .......... 63% 1.59M 13s
 32550K .......... .......... .......... .......... .......... 64% 1.76M 13s
 32600K .......... .......... .......... .......... .......... 64% 9.19M 13s
 32650K .......... .......... .......... .......... .......... 64% 2.05M 13s
 32700K .......... .......... .......... .......... .......... 64% 2.11M 13s
 32750K .......... .......... .......... .......... .......... 64% 2.58M 13s
 32800K .......... .......... .......... .......... .......... 64% 3.37M 13s
 32850K .......... .......... .......... .......... .......... 64% 1.38M 13s
 32900K .......... .......... .......... .......... .......... 64% 4.57M 13s
 32950K .......... .......... .......... .......... .......... 64% 4.51M 13s
 33000K .......... .......... .......... .......... .......... 64% 1.96M 12s
 33050K .......... .......... .......... .......... .......... 65% 2.55M 12s
 33100K .......... .......... .......... .......... .......... 65% 4.77M 12s
 33150K .......... .......... .......... .......... .......... 65% 1.31M 12s
 33200K .......... .......... .......... .......... .......... 65% 5.27M 12s
 33250K .......... .......... .......... .......... .......... 65% 4.39M 12s
 33300K .......... .......... .......... .......... .......... 65% 2.31M 12s
 33350K .......... .......... .......... .......... .......... 65% 2.50M 12s
 33400K .......... .......... .......... .......... .......... 65% 3.32M 12s
 33450K .......... .......... .......... .......... .......... 65% 2.20M 12s
 33500K .......... .......... .......... .......... .......... 65% 2.70M 12s
 33550K .......... .......... .......... .......... .......... 65% 3.00M 12s
 33600K .......... .......... .......... .......... .......... 66% 2.02M 12s
 33650K .......... .......... .......... .......... .......... 66% 2.82M 12s
 33700K .......... .......... .......... .......... .......... 66% 3.30M 12s
 33750K .......... .......... .......... .......... .......... 66% 8.07M 12s
 33800K .......... .......... .......... .......... .......... 66% 1.54M 12s
 33850K .......... .......... .......... .......... .......... 66% 4.86M 12s
 33900K .......... .......... .......... .......... .......... 66% 3.62M 12s
 33950K .......... .......... .......... .......... .......... 66% 1.47M 12s
 34000K .......... .......... .......... .......... .......... 66% 4.86M 12s
 34050K .......... .......... .......... .......... .......... 66% 3.38M 12s
 34100K .......... .......... .......... .......... .......... 67% 2.11M 12s
 34150K .......... .......... .......... .......... .......... 67% 3.20M 11s
 34200K .......... .......... .......... .......... .......... 67% 2.73M 11s
 34250K .......... .......... .......... .......... .......... 67% 9.11M 11s
 34300K .......... .......... .......... .......... .......... 67% 1.64M 11s
 34350K .......... .......... .......... .......... .......... 67% 2.49M 11s
 34400K .......... .......... .......... .......... .......... 67% 7.30M 11s
 34450K .......... .......... .......... .......... .......... 67% 1.94M 11s
 34500K .......... .......... .......... .......... .......... 67% 3.97M 11s
 34550K .......... .......... .......... .......... .......... 67% 2.97M 11s
 34600K .......... .......... .......... .......... .......... 68% 2.16M 11s
 34650K .......... .......... .......... .......... .......... 68% 4.44M 11s
 34700K .......... .......... .......... .......... .......... 68% 2.84M 11s
 34750K .......... .......... .......... .......... .......... 68% 3.45M 11s
 34800K .......... .......... .......... .......... .......... 68% 2.06M 11s
 34850K .......... .......... .......... .......... .......... 68% 3.29M 11s
 34900K .......... .......... .......... .......... .......... 68% 4.17M 11s
 34950K .......... .......... .......... .......... .......... 68% 2.15M 11s
 35000K .......... .......... .......... .......... .......... 68% 4.55M 11s
 35050K .......... .......... .......... .......... .......... 68% 2.79M 11s
 35100K .......... .......... .......... .......... .......... 69% 5.15M 11s
 35150K .......... .......... .......... .......... .......... 69% 1.83M 11s
 35200K .......... .......... .......... .......... .......... 69% 3.07M 11s
 35250K .......... .......... .......... .......... .......... 69% 5.00M 11s
 35300K .......... .......... .......... .......... .......... 69% 2.17M 11s
 35350K .......... .......... .......... .......... .......... 69% 3.38M 10s
 35400K .......... .......... .......... .......... .......... 69% 3.24M 10s
 35450K .......... .......... .......... .......... .......... 69% 2.51M 10s
 35500K .......... .......... .......... .......... .......... 69% 2.87M 10s
 35550K .......... .......... .......... .......... .......... 69% 2.86M 10s
 35600K .......... .......... .......... .......... .......... 70% 5.50M 10s
 35650K .......... .......... .......... .......... .......... 70% 2.68M 10s
 35700K .......... .......... .......... .......... .......... 70% 3.19M 10s
 35750K .......... .......... .......... .......... .......... 70% 2.12M 10s
 35800K .......... .......... .......... .......... .......... 70% 3.83M 10s
 35850K .......... .......... .......... .......... .......... 70% 2.91M 10s
 35900K .......... .......... .......... .......... .......... 70% 7.27M 10s
 35950K .......... .......... .......... .......... .......... 70% 2.14M 10s
 36000K .......... .......... .......... .......... .......... 70% 2.78M 10s
 36050K .......... .......... .......... .......... .......... 70% 3.75M 10s
 36100K .......... .......... .......... .......... .......... 70% 2.40M 10s
 36150K .......... .......... .......... .......... .......... 71% 5.62M 10s
 36200K .......... .......... .......... .......... .......... 71% 2.42M 10s
 36250K .......... .......... .......... .......... .......... 71% 2.94M 10s
 36300K .......... .......... .......... .......... .......... 71% 3.41M 10s
 36350K .......... .......... .......... .......... .......... 71% 2.79M 10s
 36400K .......... .......... .......... .......... .......... 71% 2.27M 10s
 36450K .......... .......... .......... .......... .......... 71% 6.60M 10s
 36500K .......... .......... .......... .......... .......... 71% 3.68M 10s
 36550K .......... .......... .......... .......... .......... 71% 2.62M 9s
 36600K .......... .......... .......... .......... .......... 71% 2.45M 9s
 36650K .......... .......... .......... .......... .......... 72% 3.40M 9s
 36700K .......... .......... .......... .......... .......... 72% 8.31M 9s
 36750K .......... .......... .......... .......... .......... 72% 1.59M 9s
 36800K .......... .......... .......... .......... .......... 72% 5.32M 9s
 36850K .......... .......... .......... .......... .......... 72% 3.72M 9s
 36900K .......... .......... .......... .......... .......... 72% 3.60M 9s
 36950K .......... .......... .......... .......... .......... 72% 2.21M 9s
 37000K .......... .......... .......... .......... .......... 72% 3.91M 9s
 37050K .......... .......... .......... .......... .......... 72% 4.63M 9s
 37100K .......... .......... .......... .......... .......... 72% 3.87M 9s
 37150K .......... .......... .......... .......... .......... 73% 2.01M 9s
 37200K .......... .......... .......... .......... .......... 73% 2.76M 9s
 37250K .......... .......... .......... .......... .......... 73%  755K 9s
 37300K .......... .......... .......... .......... .......... 73% 8.84M 9s
 37350K .......... .......... .......... .......... .......... 73% 8.16M 9s
 37400K .......... .......... .......... .......... .......... 73% 9.09M 9s
 37450K .......... .......... .......... .......... .......... 73% 5.41M 9s
 37500K .......... .......... .......... .......... .......... 73% 2.71M 9s
 37550K .......... .......... .......... .......... .......... 73% 2.40M 9s
 37600K .......... .......... .......... .......... .......... 73% 1.43M 9s
 37650K .......... .......... .......... .......... .......... 74% 5.61M 9s
 37700K .......... .......... .......... .......... .......... 74% 1.94M 9s
 37750K .......... .......... .......... .......... .......... 74% 1.95M 9s
 37800K .......... .......... .......... .......... .......... 74% 6.43M 9s
 37850K .......... .......... .......... .......... .......... 74% 1.75M 8s
 37900K .......... .......... .......... .......... .......... 74% 2.05M 8s
 37950K .......... .......... .......... .......... .......... 74% 2.38M 8s
 38000K .......... .......... .......... .......... .......... 74% 1.66M 8s
 38050K .......... .......... .......... .......... .......... 74% 4.45M 8s
 38100K .......... .......... .......... .......... .......... 74% 2.32M 8s
 38150K .......... .......... .......... .......... .......... 75% 1.66M 8s
 38200K .......... .......... .......... .......... .......... 75% 4.25M 8s
 38250K .......... .......... .......... .......... .......... 75% 2.24M 8s
 38300K .......... .......... .......... .......... .......... 75% 2.03M 8s
 38350K .......... .......... .......... .......... .......... 75% 3.09M 8s
 38400K .......... .......... .......... .......... .......... 75% 1.50M 8s
 38450K .......... .......... .......... .......... .......... 75% 3.35M 8s
 38500K .......... .......... .......... .......... .......... 75% 4.62M 8s
 38550K .......... .......... .......... .......... .......... 75% 1.48M 8s
 38600K .......... .......... .......... .......... .......... 75% 2.59M 8s
 38650K .......... .......... .......... .......... .......... 76% 4.70M 8s
 38700K .......... .......... .......... .......... .......... 76% 1.86M 8s
 38750K .......... .......... .......... .......... .......... 76% 2.22M 8s
 38800K .......... .......... .......... .......... .......... 76% 2.16M 8s
 38850K .......... .......... .......... .......... .......... 76% 2.98M 8s
 38900K .......... .......... .......... .......... .......... 76% 2.84M 8s
 38950K .......... .......... .......... .......... .......... 76% 2.09M 8s
 39000K .......... .......... .......... .......... .......... 76% 2.66M 8s
 39050K .......... .......... .......... .......... .......... 76% 2.34M 8s
 39100K .......... .......... .......... .......... .......... 76% 2.78M 8s
 39150K .......... .......... .......... .......... .......... 76% 2.25M 8s
 39200K .......... .......... .......... .......... .......... 77% 2.33M 8s
 39250K .......... .......... .......... .......... .......... 77% 2.27M 7s
 39300K .......... .......... .......... .......... .......... 77% 2.77M 7s
 39350K .......... .......... .......... .......... .......... 77% 2.45M 7s
 39400K .......... .......... .......... .......... .......... 77% 2.25M 7s
 39450K .......... .......... .......... .......... .......... 77% 2.70M 7s
 39500K .......... .......... .......... .......... .......... 77% 2.85M 7s
 39550K .......... .......... .......... .......... .......... 77% 1.76M 7s
 39600K .......... .......... .......... .......... .......... 77% 3.24M 7s
 39650K .......... .......... .......... .......... .......... 77% 3.03M 7s
 39700K .......... .......... .......... .......... .......... 78% 1.93M 7s
 39750K .......... .......... .......... .......... .......... 78% 2.95M 7s
 39800K .......... .......... .......... .......... .......... 78% 2.70M 7s
 39850K .......... .......... .......... .......... .......... 78% 2.56M 7s
 39900K .......... .......... .......... .......... .......... 78% 2.54M 7s
 39950K .......... .......... .......... .......... .......... 78% 2.72M 7s
 40000K .......... .......... .......... .......... .......... 78% 2.31M 7s
 40050K .......... .......... .......... .......... .......... 78% 2.92M 7s
 40100K .......... .......... .......... .......... .......... 78% 3.41M 7s
 40150K .......... .......... .......... .......... .......... 78% 1.82M 7s
 40200K .......... .......... .......... .......... .......... 79% 3.72M 7s
 40250K .......... .......... .......... .......... .......... 79% 3.31M 7s
 40300K .......... .......... .......... .......... .......... 79% 1.55M 7s
 40350K .......... .......... .......... .......... .......... 79% 3.69M 7s
 40400K .......... .......... .......... .......... .......... 79% 2.81M 7s
 40450K .......... .......... .......... .......... .......... 79% 1.82M 7s
 40500K .......... .......... .......... .......... .......... 79% 4.49M 7s
 40550K .......... .......... .......... .......... .......... 79% 2.73M 7s
 40600K .......... .......... .......... .......... .......... 79% 1.99M 7s
 40650K .......... .......... .......... .......... .......... 79% 2.81M 6s
 40700K .......... .......... .......... .......... .......... 80% 3.44M 6s
 40750K .......... .......... .......... .......... .......... 80% 2.02M 6s
 40800K .......... .......... .......... .......... .......... 80% 2.66M 6s
 40850K .......... .......... .......... .......... .......... 80% 3.01M 6s
 40900K .......... .......... .......... .......... .......... 80% 2.43M 6s
 40950K .......... .......... .......... .......... .......... 80% 2.84M 6s
 41000K .......... .......... .......... .......... .......... 80% 2.43M 6s
 41050K .......... .......... .......... .......... .......... 80% 2.75M 6s
 41100K .......... .......... .......... .......... .......... 80% 2.44M 6s
 41150K .......... .......... .......... .......... .......... 80% 2.52M 6s
 41200K .......... .......... .......... .......... .......... 81% 2.39M 6s
 41250K .......... .......... .......... .......... .......... 81% 2.44M 6s
 41300K .......... .......... .......... .......... .......... 81% 3.61M 6s
 41350K .......... .......... .......... .......... .......... 81% 3.39M 6s
 41400K .......... .......... .......... .......... .......... 81% 1.99M 6s
 41450K .......... .......... .......... .......... .......... 81% 3.04M 6s
 41500K .......... .......... .......... .......... .......... 81% 3.68M 6s
 41550K .......... .......... .......... .......... .......... 81% 1.57M 6s
 41600K .......... .......... .......... .......... .......... 81% 3.91M 6s
 41650K .......... .......... .......... .......... .......... 81% 2.81M 6s
 41700K .......... .......... .......... .......... .......... 81% 1.99M 6s
 41750K .......... .......... .......... .......... .......... 82% 3.20M 6s
 41800K .......... .......... .......... .......... .......... 82% 3.46M 6s
 41850K .......... .......... .......... .......... .......... 82% 2.52M 6s
 41900K .......... .......... .......... .......... .......... 82% 2.43M 6s
 41950K .......... .......... .......... .......... .......... 82% 2.91M 6s
 42000K .......... .......... .......... .......... .......... 82% 2.05M 6s
 42050K .......... .......... .......... .......... .......... 82% 2.88M 6s
 42100K .......... .......... .......... .......... .......... 82% 4.13M 5s
 42150K .......... .......... .......... .......... .......... 82% 1.91M 5s
 42200K .......... .......... .......... .......... .......... 82% 2.72M 5s
 42250K .......... .......... .......... .......... .......... 83% 3.18M 5s
 42300K .......... .......... .......... .......... .......... 83% 2.73M 5s
 42350K .......... .......... .......... .......... .......... 83% 1.91M 5s
 42400K .......... .......... .......... .......... .......... 83% 3.71M 5s
 42450K .......... .......... .......... .......... .......... 83% 2.38M 5s
 42500K .......... .......... .......... .......... .......... 83% 2.37M 5s
 42550K .......... .......... .......... .......... .......... 83% 3.29M 5s
 42600K .......... .......... .......... .......... .......... 83% 3.31M 5s
 42650K .......... .......... .......... .......... .......... 83% 1.99M 5s
 42700K .......... .......... .......... .......... .......... 83% 2.63M 5s
 42750K .......... .......... .......... .......... .......... 84% 3.06M 5s
 42800K .......... .......... .......... .......... .......... 84% 2.24M 5s
 42850K .......... .......... .......... .......... .......... 84% 2.80M 5s
 42900K .......... .......... .......... .......... .......... 84% 4.20M 5s
 42950K .......... .......... .......... .......... .......... 84% 1.83M 5s
 43000K .......... .......... .......... .......... .......... 84% 3.16M 5s
 43050K .......... .......... .......... .......... .......... 84% 2.68M 5s
 43100K .......... .......... .......... .......... .......... 84% 4.70M 5s
 43150K .......... .......... .......... .......... .......... 84% 1.60M 5s
 43200K .......... .......... .......... .......... .......... 84% 2.91M 5s
 43250K .......... .......... .......... .......... .......... 85% 4.71M 5s
 43300K .......... .......... .......... .......... .......... 85% 1.66M 5s
 43350K .......... .......... .......... .......... .......... 85% 2.91M 5s
 43400K .......... .......... .......... .......... .......... 85% 3.77M 5s
 43450K .......... .......... .......... .......... .......... 85% 2.08M 5s
 43500K .......... .......... .......... .......... .......... 85% 3.35M 5s
 43550K .......... .......... .......... .......... .......... 85% 2.56M 5s
 43600K .......... .......... .......... .......... .......... 85% 1.37M 4s
 43650K .......... .......... .......... .......... .......... 85% 4.90M 4s
 43700K .......... .......... .......... .......... .......... 85% 4.50M 4s
 43750K .......... .......... .......... .......... .......... 86% 3.73M 4s
 43800K .......... .......... .......... .......... .......... 86% 1.46M 4s
 43850K .......... .......... .......... .......... .......... 86% 5.37M 4s
 43900K .......... .......... .......... .......... .......... 86% 4.58M 4s
 43950K .......... .......... .......... .......... .......... 86% 1.24M 4s
 44000K .......... .......... .......... .......... .......... 86% 4.62M 4s
 44050K .......... .......... .......... .......... .......... 86% 4.66M 4s
 44100K .......... .......... .......... .......... .......... 86% 1.63M 4s
 44150K .......... .......... .......... .......... .......... 86% 4.11M 4s
 44200K .......... .......... .......... .......... .......... 86% 4.97M 4s
 44250K .......... .......... .......... .......... .......... 87% 1.84M 4s
 44300K .......... .......... .......... .......... .......... 87% 2.59M 4s
 44350K .......... .......... .......... .......... .......... 87% 1.89M 4s
 44400K .......... .......... .......... .......... .......... 87% 3.87M 4s
 44450K .......... .......... .......... .......... .......... 87% 3.04M 4s
 44500K .......... .......... .......... .......... .......... 87% 1.61M 4s
 44550K .......... .......... .......... .......... .......... 87% 4.31M 4s
 44600K .......... .......... .......... .......... .......... 87% 4.65M 4s
 44650K .......... .......... .......... .......... .......... 87% 3.62M 4s
 44700K .......... .......... .......... .......... .......... 87% 1.55M 4s
 44750K .......... .......... .......... .......... .......... 87% 3.92M 4s
 44800K .......... .......... .......... .......... .......... 88% 3.46M 4s
 44850K .......... .......... .......... .......... .......... 88% 1.49M 4s
 44900K .......... .......... .......... .......... .......... 88% 4.59M 4s
 44950K .......... .......... .......... .......... .......... 88% 4.16M 4s
 45000K .......... .......... .......... .......... .......... 88% 1.74M 4s
 45050K .......... .......... .......... .......... .......... 88% 2.12M 4s
 45100K .......... .......... .......... .......... .......... 88% 4.75M 4s
 45150K .......... .......... .......... .......... .......... 88% 2.69M 3s
 45200K .......... .......... .......... .......... .......... 88% 1.71M 3s
 45250K .......... .......... .......... .......... .......... 88% 4.89M 3s
 45300K .......... .......... .......... .......... .......... 89% 4.69M 3s
 45350K .......... .......... .......... .......... .......... 89% 1.30M 3s
 45400K .......... .......... .......... .......... .......... 89% 4.73M 3s
 45450K .......... .......... .......... .......... .......... 89% 4.85M 3s
 45500K .......... .......... .......... .......... .......... 89% 4.62M 3s
 45550K .......... .......... .......... .......... .......... 89% 1.24M 3s
 45600K .......... .......... .......... .......... .......... 89% 5.23M 3s
 45650K .......... .......... .......... .......... .......... 89% 5.09M 3s
 45700K .......... .......... .......... .......... .......... 89% 1010K 3s
 45750K .......... .......... .......... .......... .......... 89% 4.46M 3s
 45800K .......... .......... .......... .......... .......... 90% 4.76M 3s
 45850K .......... .......... .......... .......... .......... 90%  855K 3s
 45900K .......... .......... .......... .......... .......... 90% 4.69M 3s
 45950K .......... .......... .......... .......... .......... 90% 4.04M 3s
 46000K .......... .......... .......... .......... .......... 90% 4.63M 3s
 46050K .......... .......... .......... .......... .......... 90% 3.37M 3s
 46100K .......... .......... .......... .......... .......... 90% 5.09M 3s
 46150K .......... .......... .......... .......... .......... 90% 1.28M 3s
 46200K .......... .......... .......... .......... .......... 90% 5.40M 3s
 46250K .......... .......... .......... .......... .......... 90% 1.24M 3s
 46300K .......... .......... .......... .......... .......... 91% 4.28M 3s
 46350K .......... .......... .......... .......... .......... 91% 3.17M 3s
 46400K .......... .......... .......... .......... .......... 91% 1.31M 3s
 46450K .......... .......... .......... .......... .......... 91% 3.84M 3s
 46500K .......... .......... .......... .......... .......... 91% 1.29M 3s
 46550K .......... .......... .......... .......... .......... 91% 4.99M 3s
 46600K .......... .......... .......... .......... .......... 91% 2.97M 3s
 46650K .......... .......... .......... .......... .......... 91% 1.46M 3s
 46700K .......... .......... .......... .......... .......... 91% 5.86M 3s
 46750K .......... .......... .......... .......... .......... 91% 1.09M 2s
 46800K .......... .......... .......... .......... .......... 92% 8.59M 2s
 46850K .......... .......... .......... .......... .......... 92% 3.15M 2s
 46900K .......... .......... .......... .......... .......... 92% 1.38M 2s
 46950K .......... .......... .......... .......... .......... 92% 6.59M 2s
 47000K .......... .......... .......... .......... .......... 92% 2.35M 2s
 47050K .......... .......... .......... .......... .......... 92% 1.53M 2s
 47100K .......... .......... .......... .......... .......... 92% 6.40M 2s
 47150K .......... .......... .......... .......... .......... 92% 1.13M 2s
 47200K .......... .......... .......... .......... .......... 92% 4.15M 2s
 47250K .......... .......... .......... .......... .......... 92% 4.77M 2s
 47300K .......... .......... .......... .......... .......... 92% 1.40M 2s
 47350K .......... .......... .......... .......... .......... 93% 3.81M 2s
 47400K .......... .......... .......... .......... .......... 93% 4.87M 2s
 47450K .......... .......... .......... .......... .......... 93% 1.13M 2s
 47500K .......... .......... .......... .......... .......... 93% 9.94M 2s
 47550K .......... .......... .......... .......... .......... 93% 2.22M 2s
 47600K .......... .......... .......... .......... .......... 93% 1.53M 2s
 47650K .......... .......... .......... .......... .......... 93% 9.82M 2s
 47700K .......... .......... .......... .......... .......... 93% 1.04M 2s
 47750K .......... .......... .......... .......... .......... 93% 7.69M 2s
 47800K .......... .......... .......... .......... .......... 93% 10.2M 2s
 47850K .......... .......... .......... .......... .......... 94% 1.08M 2s
 47900K .......... .......... .......... .......... .......... 94% 6.14M 2s
 47950K .......... .......... .......... .......... .......... 94% 3.74M 2s
 48000K .......... .......... .......... .......... .......... 94% 1.31M 2s
 48050K .......... .......... .......... .......... .......... 94% 3.49M 2s
 48100K .......... .......... .......... .......... .......... 94%  787K 2s
 48150K .......... .......... .......... .......... .......... 94% 15.6M 2s
 48200K .......... .......... .......... .......... .......... 94% 17.2M 2s
 48250K .......... .......... .......... .......... .......... 94% 16.5M 2s
 48300K .......... .......... .......... .......... .......... 94% 1.16M 2s
 48350K .......... .......... .......... .......... .......... 95% 1.26M 2s
 48400K .......... .......... .......... .......... .......... 95% 2.85M 1s
 48450K .......... .......... .......... .......... .......... 95% 3.94M 1s
 48500K .......... .......... .......... .......... .......... 95% 1.24M 1s
 48550K .......... .......... .......... .......... .......... 95% 3.57M 1s
 48600K .......... .......... .......... .......... .......... 95% 1.30M 1s
 48650K .......... .......... .......... .......... .......... 95% 2.27M 1s
 48700K .......... .......... .......... .......... .......... 95% 1.42M 1s
 48750K .......... .......... .......... .......... .......... 95% 2.28M 1s
 48800K .......... .......... .......... .......... .......... 95% 1.38M 1s
 48850K .......... .......... .......... .......... .......... 96% 2.58M 1s
 48900K .......... .......... .......... .......... .......... 96% 1.32M 1s
 48950K .......... .......... .......... .......... .......... 96% 3.40M 1s
 49000K .......... .......... .......... .......... .......... 96% 2.55M 1s
 49050K .......... .......... .......... .......... .......... 96% 1.68M 1s
 49100K .......... .......... .......... .......... .......... 96% 3.20M 1s
 49150K .......... .......... .......... .......... .......... 96% 1.21M 1s
 49200K .......... .......... .......... .......... .......... 96% 2.51M 1s
 49250K .......... .......... .......... .......... .......... 96% 1.43M 1s
 49300K .......... .......... .......... .......... .......... 96% 3.45M 1s
 49350K .......... .......... .......... .......... .......... 97% 1.23M 1s
 49400K .......... .......... .......... .......... .......... 97% 4.41M 1s
 49450K .......... .......... .......... .......... .......... 97% 1.32M 1s
 49500K .......... .......... .......... .......... .......... 97% 3.49M 1s
 49550K .......... .......... .......... .......... .......... 97% 1.17M 1s
 49600K .......... .......... .......... .......... .......... 97% 4.35M 1s
 49650K .......... .......... .......... .......... .......... 97% 1.99M 1s
 49700K .......... .......... .......... .......... .......... 97% 1.70M 1s
 49750K .......... .......... .......... .......... .......... 97% 3.02M 1s
 49800K .......... .......... .......... .......... .......... 97% 1.28M 1s
 49850K .......... .......... .......... .......... .......... 98% 9.92M 1s
 49900K .......... .......... .......... .......... .......... 98% 1.65M 1s
 49950K .......... .......... .......... .......... .......... 98% 1.79M 1s
 50000K .......... .......... .......... .......... .......... 98% 1.66M 1s
 50050K .......... .......... .......... .......... .......... 98% 2.09M 0s
 50100K .......... .......... .......... .......... .......... 98% 2.24M 0s
 50150K .......... .......... .......... .......... .......... 98% 1.44M 0s
 50200K .......... .......... .......... .......... .......... 98% 9.96M 0s
 50250K .......... .......... .......... .......... .......... 98% 1016K 0s
 50300K .......... .......... .......... .......... .......... 98% 10.1M 0s
 50350K .......... .......... .......... .......... .......... 98%  763K 0s
 50400K .......... .......... .......... .......... .......... 99% 16.8M 0s
 50450K .......... .......... .......... .......... .......... 99% 2.01M 0s
 50500K .......... .......... .......... .......... .......... 99% 1.84M 0s
 50550K .......... .......... .......... .......... .......... 99% 1.06M 0s
 50600K .......... .......... .......... .......... .......... 99% 3.57M 0s
 50650K .......... .......... .......... .......... .......... 99% 1.07M 0s
 50700K .......... .......... .......... .......... .......... 99% 1.53M 0s
 50750K .......... .......... .......... .......... .......... 99% 1.63M 0s
 50800K .......... .......... .......... .......... .......... 99%  930K 0s
 50850K .......... .......... .......... .......... .......... 99% 7.22M 0s
 50900K .......... ......                                     100% 3.46M=30s

2020-12-04 12:27:44 (1.65 MB/s) - '/sources/freeciv-2.6.2.tar.bz2.partial' saved [52139007/52139007]

=======> Building '/usr/ports/contrib/freeciv/freeciv#2.6.2-1.pkg.tar.xz'.
bsdtar -p -o -C /usr/ports/contrib/freeciv/work/src -xf /sources/freeciv-2.6.2.tar.bz2
+ build
+ cd freeciv-2.6.2
+ ./configure --prefix=/usr --enable-shared --enable-sys-lua --enable-client=gtk3 --enable-fcmp=gtk3 --without-ggz-client
configure: WARNING: unrecognized options: --without-ggz-client
checking build system type... powerpc-unknown-linux-gnu
checking host system type... powerpc-unknown-linux-gnu
checking for gcc... gcc
checking whether the C compiler works... yes
checking for C compiler default output file name... a.out
checking for suffix of executables... 
checking whether we are cross compiling... no
checking for suffix of object files... o
checking whether we are using the GNU C compiler... yes
checking whether gcc accepts -g... yes
checking for gcc option to accept ISO C89... none needed
checking whether gcc understands -c and -o together... yes
checking how to run the C preprocessor... gcc -E
checking for grep that handles long lines and -e... /usr/bin/grep
checking for egrep... /usr/bin/grep -E
checking for ANSI C header files... yes
checking for sys/types.h... yes
checking for sys/stat.h... yes
checking for stdlib.h... yes
checking for string.h... yes
checking for memory.h... yes
checking for strings.h... yes
checking for inttypes.h... yes
checking for stdint.h... yes
checking for unistd.h... yes
checking minix/config.h usability... no
checking minix/config.h presence... no
checking for minix/config.h... no
checking whether it is safe to define __EXTENSIONS__... yes
checking whether byte ordering is bigendian... yes
checking for a BSD-compatible install... /usr/bin/install -c
checking whether build environment is sane... yes
checking for a thread-safe mkdir -p... /bin/mkdir -p
checking for gawk... gawk
checking whether make sets $(MAKE)... yes
checking whether make supports the include directive... yes (GNU style)
checking whether make supports nested variables... yes
checking dependency style of gcc... gcc3
checking whether make supports nested variables... (cached) yes
checking for a sed that does not truncate output... /bin/sed
checking for malloc(0) return value... true
checking for sys/types.h... (cached) yes
checking sys/socket.h usability... yes
checking sys/socket.h presence... yes
checking for sys/socket.h... yes
checking for getaddrinfo... yes
checking for inet_pton... yes
checking for inet_ntop... yes
checking for getnameinfo... yes
checking for AF_INET6... yes
checking for pkg-config... /usr/bin/pkg-config
checking pkg-config is at least version 0.9.0... yes
checking for WAND... yes
checking for all development tools needed for MagickWand... no
configure: WARNING: MagickWand deactivated due to missing development packages.
checking for gawk... (cached) gawk
checking for gcc... (cached) gcc
checking whether we are using the GNU C compiler... (cached) yes
checking whether gcc accepts -g... (cached) yes
checking for gcc option to accept ISO C89... (cached) none needed
checking whether gcc understands -c and -o together... (cached) yes
checking how to run the C preprocessor... gcc -E
checking whether ln -s works... yes
checking for ar... ar
checking the archiver (ar) interface... ar
checking how to print strings... printf
checking for a sed that does not truncate output... (cached) /bin/sed
checking for fgrep... /usr/bin/grep -F
checking for ld used by gcc... /usr/bin/ld
checking if the linker (/usr/bin/ld) is GNU ld... yes
checking for BSD- or MS-compatible name lister (nm)... /usr/bin/nm -B
checking the name lister (/usr/bin/nm -B) interface... BSD nm
checking the maximum length of command line arguments... 1572864
checking how to convert powerpc-unknown-linux-gnu file names to powerpc-unknown-linux-gnu format... func_convert_file_noop
checking how to convert powerpc-unknown-linux-gnu file names to toolchain format... func_convert_file_noop
checking for /usr/bin/ld option to reload object files... -r
checking for objdump... objdump
checking how to recognize dependent libraries... pass_all
checking for dlltool... no
checking how to associate runtime and link libraries... printf %s\n
checking for archiver @FILE support... @
checking for strip... strip
checking for ranlib... ranlib
checking command to parse /usr/bin/nm -B output from gcc object... ok
checking for sysroot... no
checking for a working dd... /bin/dd
checking how to truncate binary pipes... /bin/dd bs=4096 count=1
checking for mt... no
checking if : is a manifest tool... no
checking for dlfcn.h... yes
checking for objdir... .libs
checking if gcc supports -fno-rtti -fno-exceptions... no
checking for gcc option to produce PIC... -fPIC -DPIC
checking if gcc PIC flag -fPIC -DPIC works... yes
checking if gcc static flag -static works... yes
checking if gcc supports -c -o file.o... yes
checking if gcc supports -c -o file.o... (cached) yes
checking whether the gcc linker (/usr/bin/ld) supports shared libraries... yes
checking whether -lc should be explicitly linked in... no
checking dynamic linker characteristics... GNU/Linux ld.so
checking how to hardcode library paths into programs... immediate
checking whether stripping libraries is possible... yes
checking if libtool supports shared libraries... yes
checking whether to build shared libraries... yes
checking whether to build static libraries... yes
checking for g++... g++
checking whether we are using the GNU C++ compiler... yes
checking whether g++ accepts -g... yes
checking dependency style of g++... gcc3
checking how to run the C++ preprocessor... g++ -E
checking for ld used by g++... /usr/bin/ld
checking if the linker (/usr/bin/ld) is GNU ld... yes
checking whether the g++ linker (/usr/bin/ld) supports shared libraries... yes
checking for g++ option to produce PIC... -fPIC -DPIC
checking if g++ PIC flag -fPIC -DPIC works... yes
checking if g++ static flag -static works... yes
checking if g++ supports -c -o file.o... yes
checking if g++ supports -c -o file.o... (cached) yes
checking whether the g++ linker (/usr/bin/ld) supports shared libraries... yes
checking dynamic linker characteristics... (cached) GNU/Linux ld.so
checking how to hardcode library paths into programs... immediate
checking whether C++ compiler works... yes
checking whether preprocessor token concenation works... yes
checking for uname... uname
checking size of int... 4
checking whether make sets $(MAKE)... (cached) yes
checking for ld used by gcc... /usr/bin/ld
checking if the linker (/usr/bin/ld) is GNU ld... yes
checking for shared library run path origin... done
checking for iconv... yes
checking for working iconv... yes
checking for iconv declaration... 
         extern size_t iconv (iconv_t cd, char * *inbuf, size_t *inbytesleft, char * *outbuf, size_t *outbytesleft);
checking for libcharset... no
checking for nl_langinfo and CODESET... yes
checking whether NLS is requested... yes
checking for msgfmt... /usr/bin/msgfmt
checking for gmsgfmt... /usr/bin/msgfmt
checking for xgettext... /usr/bin/xgettext
checking for msgmerge... /usr/bin/msgmerge
checking for CFPreferencesCopyAppValue... no
checking for CFLocaleCopyCurrent... no
checking for GNU gettext in libc... yes
checking whether to use NLS... yes
checking where the gettext function comes from... libc
checking for pkg-config... (cached) /usr/bin/pkg-config
checking pkg-config is at least version 0.9.0... yes
checking for CURL... yes
checking for C99 variadic macros... yes
checking for C99 variable arrays... yes
checking for C99 initializers... yes
checking for stdint.h... (cached) yes
checking for C99 stdint.h... yes
checking can struct initializers be within braces... yes
checking for C11 static assert... yes
checking for C11 at_quick_exit()... yes
checking for C++11 static assert... yes
checking cstddef usability... yes
checking cstddef presence... yes
checking for cstddef... yes
checking for C++11 nullptr... yes
checking for gzgets in -lz... yes
checking zlib.h usability... yes
checking zlib.h presence... yes
checking for zlib.h... yes
checking for gzip... /bin/gzip
checking for BZ2_bzReadOpen in -lbz2... yes
checking bzlib.h usability... yes
checking bzlib.h presence... yes
checking for bzlib.h... yes
checking for lzma_code in -llzma... yes
checking lzma.h usability... yes
checking lzma.h presence... yes
checking for lzma.h... yes
checking for threads implementation... pthreads
checking for SDL2... yes
checking for SDL2MIXER... yes
checking SDL2/SDL_mixer.h usability... yes
checking SDL2/SDL_mixer.h presence... yes
checking for SDL2/SDL_mixer.h... yes
checking for GTK3... yes
checking for X... libraries , headers 
checking for gethostbyname... yes
checking for connect... yes
checking for remove... yes
checking for shmat... yes
checking for IceConnectionNumber in -lICE... yes
checking whether Xfuncproto was supplied... no
checking for compilable FUNCPROTO definition... yes, determined: 15
checking for workable NARROWPROTO definition... no, cannot determine
checking whether Xfuncproto was determined... yes:  FUNCPROTO=15
checking for GTK3MP... yes
checking for GTHREAD_GTK3... yes
checking Qt5 headers... found
checking Qt5 libraries... found
checking for Qt >= 5.2... ok
checking the Qt 5 moc command... moc
checking for gethostbyaddr in -lbind... no
checking readline/readline.h usability... yes
checking readline/readline.h presence... yes
checking for readline/readline.h... yes
checking for rl_completion_suppress_append in -lreadline... yes
checking whether readline works at runtime... _ yes
checking for main in -lnls... no
checking for ANSI C header files... (cached) yes
checking for sys/wait.h that is POSIX.1 compatible... yes
checking fcntl.h usability... yes
checking fcntl.h presence... yes
checking for fcntl.h... yes
checking sys/utsname.h usability... yes
checking sys/utsname.h presence... yes
checking for sys/utsname.h... yes
checking sys/file.h usability... yes
checking sys/file.h presence... yes
checking for sys/file.h... yes
checking signal.h usability... yes
checking signal.h presence... yes
checking for signal.h... yes
checking for strings.h... (cached) yes
checking execinfo.h usability... yes
checking execinfo.h presence... yes
checking for execinfo.h... yes
checking libgen.h usability... yes
checking libgen.h presence... yes
checking for libgen.h... yes
checking sys/time.h usability... yes
checking sys/time.h presence... yes
checking for sys/time.h... yes
checking for unistd.h... (cached) yes
checking locale.h usability... yes
checking locale.h presence... yes
checking for locale.h... yes
checking libintl.h usability... yes
checking libintl.h presence... yes
checking for libintl.h... yes
checking for stdbool.h that conforms to C99... yes
checking for _Bool... yes
checking pwd.h usability... yes
checking pwd.h presence... yes
checking for pwd.h... yes
checking arpa/inet.h usability... yes
checking arpa/inet.h presence... yes
checking for arpa/inet.h... yes
checking netdb.h usability... yes
checking netdb.h presence... yes
checking for netdb.h... yes
checking sys/ioctl.h usability... yes
checking sys/ioctl.h presence... yes
checking for sys/ioctl.h... yes
checking sys/signal.h usability... yes
checking sys/signal.h presence... yes
checking for sys/signal.h... yes
checking sys/termio.h usability... no
checking sys/termio.h presence... no
checking for sys/termio.h... no
checking sys/uio.h usability... yes
checking sys/uio.h presence... yes
checking for sys/uio.h... yes
checking termios.h usability... yes
checking termios.h presence... yes
checking for termios.h... yes
checking sys/select.h usability... yes
checking sys/select.h presence... yes
checking for sys/select.h... yes
checking netinet/in.h usability... yes
checking netinet/in.h presence... yes
checking for netinet/in.h... yes
checking for an ANSI C-conforming const... yes
checking whether time.h and sys/time.h may both be included... yes
checking whether struct tm is in sys/time.h or time.h... time.h
checking for socklen_t... yes
checking for intptr_t... yes
checking for inttypes.h... (cached) yes
checking for stdint.h... (cached) yes
checking for pid_t... yes
checking vfork.h usability... no
checking vfork.h presence... no
checking for vfork.h... no
checking for fork... yes
checking for vfork... yes
checking for working fork... yes
checking for working vfork... (cached) yes
checking for working strcoll... yes
checking for vprintf... yes
checking for _doprnt... no
checking for _LARGEFILE_SOURCE value needed for large files... no
checking for working vsnprintf... yes
checking for vsnprintf... yes
checking for bind... yes
checking for connect... (cached) yes
checking for fileno... yes
checking for flock... yes
checking for ftime... yes
checking for gethostbyname... (cached) yes
checking for gethostname... yes
checking for getpwuid... yes
checking for inet_aton... yes
checking for select... yes
checking for snooze... no
checking for strcasecmp... yes
checking for strcasestr... yes
checking for strerror... yes
checking for strlcat... no
checking for strlcpy... no
checking for strncasecmp... yes
checking for strstr... yes
checking for uname... yes
checking for usleep... yes
checking for getline... yes
checking for _strcoll... no
checking for stricoll... no
checking for _stricoll... no
checking for strcasecoll... no
checking for backtrace... yes
checking for _mkdir... no
checking for working gettimeofday... yes
checking for fdopen... yes
checking for fcntl... yes
checking for SIGPIPE... yes
checking for LUA... no
checking for LUA... no
checking for LUA... no
configure: error: Use of included lua disabled, and no lua found from system
=======> ERROR: Building '/usr/ports/contrib/freeciv/freeciv#2.6.2-1.pkg.tar.xz' failed.
