prt-get: installing /usr/ports/contrib/libquvi
prt-get: starting build Sun Dec  6 06:08:46 2020
=======> Building '/usr/ports/contrib/libquvi/libquvi#0.9.4-1.pkg.tar.xz'.
bsdtar -p -o -C /usr/ports/contrib/libquvi/work/src -xf /sources/libquvi-0.9.4.tar.xz
+ build
+ cd libquvi-0.9.4
+ ./configure --prefix=/usr --disable-nls
checking build system type... powerpc-unknown-linux-gnu
checking host system type... powerpc-unknown-linux-gnu
checking target system type... powerpc-unknown-linux-gnu
checking for gcc... gcc
checking whether the C compiler works... yes
checking for C compiler default output file name... a.out
checking for suffix of executables... 
checking whether we are cross compiling... no
checking for suffix of object files... o
checking whether we are using the GNU C compiler... yes
checking whether gcc accepts -g... yes
checking for gcc option to accept ISO C89... none needed
checking how to run the C preprocessor... gcc -E
checking for grep that handles long lines and -e... /usr/bin/grep
checking for egrep... /usr/bin/grep -E
checking for ANSI C header files... yes
checking for sys/types.h... yes
checking for sys/stat.h... yes
checking for stdlib.h... yes
checking for string.h... yes
checking for memory.h... yes
checking for strings.h... yes
checking for inttypes.h... yes
checking for stdint.h... yes
checking for unistd.h... yes
checking minix/config.h usability... no
checking minix/config.h presence... no
checking for minix/config.h... no
checking whether it is safe to define __EXTENSIONS__... yes
checking for a BSD-compatible install... /usr/bin/install -c
checking whether build environment is sane... yes
checking for a thread-safe mkdir -p... /bin/mkdir -p
checking for gawk... gawk
checking whether make sets $(MAKE)... yes
checking for style of include used by make... GNU
checking how to create a ustar tar archive... gnutar
checking dependency style of gcc... gcc3
checking whether make supports nested variables... yes
checking for ar... ar
checking the archiver (ar) interface... ar
checking whether NLS is requested... no
checking for msgfmt... /usr/bin/msgfmt
checking for gmsgfmt... /usr/bin/msgfmt
checking for xgettext... /usr/bin/xgettext
checking for msgmerge... /usr/bin/msgmerge
checking for ld used by GCC... /usr/bin/ld
checking if the linker (/usr/bin/ld) is GNU ld... yes
checking for shared library run path origin... done
checking for CFPreferencesCopyAppValue... no
checking for CFLocaleCopyCurrent... no
checking whether to use NLS... no
checking how to print strings... printf
checking for a sed that does not truncate output... /bin/sed
checking for fgrep... /usr/bin/grep -F
checking for ld used by gcc... /usr/bin/ld
checking if the linker (/usr/bin/ld) is GNU ld... yes
checking for BSD- or MS-compatible name lister (nm)... /usr/bin/nm -B
checking the name lister (/usr/bin/nm -B) interface... BSD nm
checking whether ln -s works... yes
checking the maximum length of command line arguments... 1572864
checking whether the shell understands some XSI constructs... yes
checking whether the shell understands "+="... no
checking how to convert powerpc-unknown-linux-gnu file names to powerpc-unknown-linux-gnu format... func_convert_file_noop
checking how to convert powerpc-unknown-linux-gnu file names to toolchain format... func_convert_file_noop
checking for /usr/bin/ld option to reload object files... -r
checking for objdump... objdump
checking how to recognize dependent libraries... pass_all
checking for dlltool... no
checking how to associate runtime and link libraries... printf %s\n
checking for archiver @FILE support... @
checking for strip... strip
checking for ranlib... ranlib
checking command to parse /usr/bin/nm -B output from gcc object... ok
checking for sysroot... no
checking for mt... no
checking if : is a manifest tool... no
checking for dlfcn.h... yes
checking for objdir... .libs
checking if gcc supports -fno-rtti -fno-exceptions... no
checking for gcc option to produce PIC... -fPIC -DPIC
checking if gcc PIC flag -fPIC -DPIC works... yes
checking if gcc static flag -static works... yes
checking if gcc supports -c -o file.o... yes
checking if gcc supports -c -o file.o... (cached) yes
checking whether the gcc linker (/usr/bin/ld) supports shared libraries... yes
checking whether -lc should be explicitly linked in... no
checking dynamic linker characteristics... GNU/Linux ld.so
checking how to hardcode library paths into programs... immediate
checking whether stripping libraries is possible... yes
checking if libtool supports shared libraries... yes
checking whether to build shared libraries... yes
checking whether to build static libraries... no
checking for gcc... (cached) gcc
checking whether we are using the GNU C compiler... (cached) yes
checking whether gcc accepts -g... (cached) yes
checking for gcc option to accept ISO C89... (cached) none needed
checking whether gcc and cc understand -c and -o together... yes
checking for doxygen... /usr/bin/doxygen
checking for a2x... /usr/bin/a2x
checking for date... /bin/date
checking for valgrind... no
checking for pkg-config... /usr/bin/pkg-config
checking pkg-config is at least version 0.9.0... yes
checking for liblua... yes
checking for libproxy... yes
checking for libcurl... yes
checking for glib... yes
checking for libgcrypt-config... /usr/bin/libgcrypt-config
checking for LIBGCRYPT - version >= 1.2.0... yes (1.8.7)
checking LIBGCRYPT API version... okay
checking for libquvi_scripts... yes
checking for stdint.h... (cached) yes
checking for string.h... (cached) yes
checking locale.h usability... yes
checking locale.h presence... yes
checking for locale.h... yes
checking for uint32_t... yes
checking for uint64_t... yes
checking for uint8_t... yes
checking for strrchr... yes
checking for memset... yes
checking for setlocale... yes
configure: creating ./config.status
config.status: creating Makefile
config.status: creating doc/man3/Makefile
config.status: creating doc/man7/Makefile
config.status: creating doc/dox/Makefile
config.status: creating doc/dox/Doxyfile
config.status: creating doc/Makefile
config.status: creating examples/Makefile
config.status: creating examples/lib/Makefile
config.status: creating src/misc/Makefile
config.status: creating src/gcrypt/Makefile
config.status: creating src/curl/Makefile
config.status: creating src/net/Makefile
config.status: creating src/api/Makefile
config.status: creating src/api/doxy/main.dp
config.status: creating src/lua/Makefile
config.status: creating src/quvi-0.9/quvi/Makefile
config.status: creating src/quvi-0.9/Makefile
config.status: creating src/Makefile
config.status: creating tests/Makefile
config.status: creating tests/lib/Makefile
config.status: creating libquvi-0.9.pc
config.status: creating po/Makefile.in
config.status: creating config.h
config.status: executing depfiles commands
config.status: executing po-directories commands
config.status: creating po/POTFILES
config.status: creating po/Makefile
config.status: executing libtool commands
configure:
  version         0.9.4
  prefix          /usr
  compiler        gcc
  cflags          -O2 -pipe -mcpu=powerpc -mtune=750 -msecure-plt -mno-altivec
System types
  target          powerpc-unknown-linux-gnu
  build           powerpc-unknown-linux-gnu
  host            powerpc-unknown-linux-gnu
Install options
  with
  - manual        yes
libquvi-scripts
  .pc modversion  0.9.20131130
  versionfile     /usr/share/libquvi-scripts/0.9/version
    version       v0.9.20131130
  scriptsdir      /usr/share/libquvi-scripts
+ make
make  all-recursive
make[1]: Entering directory '/usr/ports/contrib/libquvi/work/src/libquvi-0.9.4'
Making all in po
make[2]: Entering directory '/usr/ports/contrib/libquvi/work/src/libquvi-0.9.4/po'
make[2]: Leaving directory '/usr/ports/contrib/libquvi/work/src/libquvi-0.9.4/po'
Making all in src
make[2]: Entering directory '/usr/ports/contrib/libquvi/work/src/libquvi-0.9.4/src'
Making all in quvi-0.9
make[3]: Entering directory '/usr/ports/contrib/libquvi/work/src/libquvi-0.9.4/src/quvi-0.9'
Making all in quvi
make[4]: Entering directory '/usr/ports/contrib/libquvi/work/src/libquvi-0.9.4/src/quvi-0.9/quvi'
make[4]: Nothing to be done for 'all'.
make[4]: Leaving directory '/usr/ports/contrib/libquvi/work/src/libquvi-0.9.4/src/quvi-0.9/quvi'
make[4]: Entering directory '/usr/ports/contrib/libquvi/work/src/libquvi-0.9.4/src/quvi-0.9'
make[4]: Nothing to be done for 'all-am'.
make[4]: Leaving directory '/usr/ports/contrib/libquvi/work/src/libquvi-0.9.4/src/quvi-0.9'
make[3]: Leaving directory '/usr/ports/contrib/libquvi/work/src/libquvi-0.9.4/src/quvi-0.9'
Making all in api
make[3]: Entering directory '/usr/ports/contrib/libquvi/work/src/libquvi-0.9.4/src/api'
  CC     libconvenience_api_la-errcode.lo
  CC     libconvenience_api_la-errmsg.lo
  CC     libconvenience_api_la-file_ext_free.lo
  CC     libconvenience_api_la-file_ext_get.lo
  CC     libconvenience_api_la-file_ext_new.lo
  CC     libconvenience_api_la-free.lo
  CC     libconvenience_api_la-get.lo
  CC     libconvenience_api_la-http_metainfo_free.lo
  CC     libconvenience_api_la-http_metainfo_get.lo
  CC     libconvenience_api_la-http_metainfo_new.lo
  CC     libconvenience_api_la-media_free.lo
  CC     libconvenience_api_la-media_get.lo
  CC     libconvenience_api_la-media_new.lo
  CC     libconvenience_api_la-media_stream_choose_best.lo
  CC     libconvenience_api_la-media_stream_next.lo
  CC     libconvenience_api_la-media_stream_reset.lo
  CC     libconvenience_api_la-media_stream_select.lo
  CC     libconvenience_api_la-new.lo
  CC     libconvenience_api_la-ok.lo
  CC     libconvenience_api_la-playlist_free.lo
  CC     libconvenience_api_la-playlist_get.lo
  CC     libconvenience_api_la-playlist_media_next.lo
  CC     libconvenience_api_la-playlist_media_reset.lo
  CC     libconvenience_api_la-playlist_new.lo
  CC     libconvenience_api_la-resolve_destination_url.lo
  CC     libconvenience_api_la-resolve_forwarded.lo
  CC     libconvenience_api_la-resolve_free.lo
  CC     libconvenience_api_la-resolve_new.lo
  CC     libconvenience_api_la-scan_free.lo
  CC     libconvenience_api_la-scan_new.lo
  CC     libconvenience_api_la-scan_next_media_url.lo
  CC     libconvenience_api_la-script_get.lo
  CC     libconvenience_api_la-script_next.lo
  CC     libconvenience_api_la-set.lo
  CC     libconvenience_api_la-subtitle_export_data.lo
  CC     libconvenience_api_la-subtitle_export_free.lo
  CC     libconvenience_api_la-subtitle_export_new.lo
  CC     libconvenience_api_la-subtitle_free.lo
  CC     libconvenience_api_la-subtitle_lang_get.lo
  CC     libconvenience_api_la-subtitle_lang_next.lo
  CC     libconvenience_api_la-subtitle_lang_reset.lo
  CC     libconvenience_api_la-subtitle_new.lo
  CC     libconvenience_api_la-subtitle_select.lo
  CC     libconvenience_api_la-subtitle_type_get.lo
  CC     libconvenience_api_la-subtitle_type_next.lo
  CC     libconvenience_api_la-subtitle_type_reset.lo
  CC     libconvenience_api_la-supports.lo
  CC     libconvenience_api_la-version.lo
  CCLD   libconvenience_api.la
make[3]: Leaving directory '/usr/ports/contrib/libquvi/work/src/libquvi-0.9.4/src/api'
Making all in gcrypt
make[3]: Entering directory '/usr/ports/contrib/libquvi/work/src/libquvi-0.9.4/src/gcrypt'
  CC     libconvenience_gcrypt_la-crypto.lo
  CC     libconvenience_gcrypt_la-init.lo
  CCLD   libconvenience_gcrypt.la
make[3]: Leaving directory '/usr/ports/contrib/libquvi/work/src/libquvi-0.9.4/src/gcrypt'
Making all in misc
make[3]: Entering directory '/usr/ports/contrib/libquvi/work/src/libquvi-0.9.4/src/misc'
  CC     libconvenience_misc_la-capture.lo
  CC     libconvenience_misc_la-match.lo
  CC     libconvenience_misc_la-match_media_script.lo
  CC     libconvenience_misc_la-match_playlist_script.lo
  CC     libconvenience_misc_la-match_subtitle_export_script.lo
  CC     libconvenience_misc_la-match_subtitle_script.lo
  CC     libconvenience_misc_la-media.lo
  CC     libconvenience_misc_la-playlist.lo
  CC     libconvenience_misc_la-resolve.lo
  CC     libconvenience_misc_la-scan_new.lo
  CC     libconvenience_misc_la-scan_scripts.lo
  CC     libconvenience_misc_la-script_free.lo
  CC     libconvenience_misc_la-slst.lo
  CC     libconvenience_misc_la-subtitle.lo
  CC     libconvenience_misc_la-subtitle_export.lo
  CC     libconvenience_misc_la-to_utf8.lo
  CC     libconvenience_misc_la-trim.lo
  CC     libconvenience_misc_la-url.lo
  CCLD   libconvenience_misc.la
make[3]: Leaving directory '/usr/ports/contrib/libquvi/work/src/libquvi-0.9.4/src/misc'
Making all in lua
make[3]: Entering directory '/usr/ports/contrib/libquvi/work/src/libquvi-0.9.4/src/lua'
  CC     libconvenience_lua_la-chk.lo
  CC     libconvenience_lua_la-exec_media_script_ident.lo
  CC     libconvenience_lua_la-exec_media_script_parse.lo
  CC     libconvenience_lua_la-exec_playlist_script_ident.lo
  CC     libconvenience_lua_la-exec_playlist_script_parse.lo
  CC     libconvenience_lua_la-exec_scan_script_parse.lo
  CC     libconvenience_lua_la-exec_subtitle_export_script_export.lo
  CC     libconvenience_lua_la-exec_subtitle_export_script_ident.lo
  CC     libconvenience_lua_la-exec_subtitle_script_ident.lo
  CC     libconvenience_lua_la-exec_subtitle_script_parse.lo
  CC     libconvenience_lua_la-getfield.lo
  CC     libconvenience_lua_la-init.lo
init.c: In function 'l_init':
init.c:83:3: warning: implicit declaration of function 'luaL_register'; did you mean 'lua_register'? [-Wimplicit-function-declaration]
   luaL_register(q->handle.lua, "quvi", quvi_reg_meth);
   ^~~~~~~~~~~~~
   lua_register
  CC     libconvenience_lua_la-load_util_script.lo
  CC     libconvenience_lua_la-match_url_to_media_script.lo
  CC     libconvenience_lua_la-match_url_to_playlist_script.lo
  CC     libconvenience_lua_la-match_url_to_subtitle_script.lo
  CC     libconvenience_lua_la-modify_pkgpath.lo
  CC     libconvenience_lua_la-decode.lo
  CC     libconvenience_lua_la-encode.lo
  CC     libconvenience_lua_la-copts.lo
  CC     libconvenience_lua_la-en_decrypt.lo
  CC     libconvenience_lua_la-err.lo
  CC     libconvenience_lua_la-hash.lo
  CC     libconvenience_lua_la-cookie.lo
  CC     libconvenience_lua_la-fetch.lo
  CC     libconvenience_lua_la-header.lo
  CC     libconvenience_lua_la-metainfo.lo
  CC     libconvenience_lua_la-resolve.lo
  CC     libconvenience_lua_la-opts.lo
  CC     libconvenience_lua_la-setfield.lo
  CC     libconvenience_lua_la-exec_util_convert_entities.lo
  CC     libconvenience_lua_la-exec_util_resolve_redirections.lo
  CC     libconvenience_lua_la-exec_util_to_file_ext.lo
  CCLD   libconvenience_lua.la
make[3]: Leaving directory '/usr/ports/contrib/libquvi/work/src/libquvi-0.9.4/src/lua'
Making all in curl
make[3]: Entering directory '/usr/ports/contrib/libquvi/work/src/libquvi-0.9.4/src/curl'
  CC     libconvenience_curl_la-autoproxy.lo
  CC     libconvenience_curl_la-close.lo
  CC     libconvenience_curl_la-fetch.lo
  CC     libconvenience_curl_la-http_metainfo.lo
  CC     libconvenience_curl_la-init.lo
  CC     libconvenience_curl_la-reset.lo
  CC     libconvenience_curl_la-resolve.lo
  CC     libconvenience_curl_la-temp.lo
  CCLD   libconvenience_curl.la
make[3]: Leaving directory '/usr/ports/contrib/libquvi/work/src/libquvi-0.9.4/src/curl'
Making all in net
make[3]: Entering directory '/usr/ports/contrib/libquvi/work/src/libquvi-0.9.4/src/net'
  CC     libconvenience_net_la-fetch.lo
  CC     libconvenience_net_la-handle.lo
  CC     libconvenience_net_la-http_metainfo.lo
  CC     libconvenience_net_la-resolve.lo
  CCLD   libconvenience_net.la
make[3]: Leaving directory '/usr/ports/contrib/libquvi/work/src/libquvi-0.9.4/src/net'
make[3]: Entering directory '/usr/ports/contrib/libquvi/work/src/libquvi-0.9.4/src'
  CCLD   libquvi-0.9.la
make[3]: Leaving directory '/usr/ports/contrib/libquvi/work/src/libquvi-0.9.4/src'
make[2]: Leaving directory '/usr/ports/contrib/libquvi/work/src/libquvi-0.9.4/src'
Making all in examples
make[2]: Entering directory '/usr/ports/contrib/libquvi/work/src/libquvi-0.9.4/examples'
Making all in lib
make[3]: Entering directory '/usr/ports/contrib/libquvi/work/src/libquvi-0.9.4/examples/lib'
  CC     libconvenience_example_la-chk.lo
  CC     libconvenience_example_la-cleanup.lo
  CC     libconvenience_example_la-enable_autoproxy.lo
  CC     libconvenience_example_la-enable_cookies.lo
  CC     libconvenience_example_la-enable_verbose.lo
  CC     libconvenience_example_la-exit_if_error.lo
  CC     libconvenience_example_la-status.lo
  CC     libconvenience_example_la-var.lo
  CCLD   libconvenience_example.la
make[3]: Leaving directory '/usr/ports/contrib/libquvi/work/src/libquvi-0.9.4/examples/lib'
make[3]: Entering directory '/usr/ports/contrib/libquvi/work/src/libquvi-0.9.4/examples'
  CC     supports-supports.o
  CCLD   supports
/usr/bin/ld: ../src/.libs/libquvi-0.9.so: undefined reference to `luaL_register'
collect2: error: ld returned 1 exit status
make[3]: *** [Makefile:517: supports] Error 1
make[3]: Leaving directory '/usr/ports/contrib/libquvi/work/src/libquvi-0.9.4/examples'
make[2]: *** [Makefile:713: all-recursive] Error 1
make[2]: Leaving directory '/usr/ports/contrib/libquvi/work/src/libquvi-0.9.4/examples'
make[1]: *** [Makefile:441: all-recursive] Error 1
make[1]: Leaving directory '/usr/ports/contrib/libquvi/work/src/libquvi-0.9.4'
make: *** [Makefile:347: all] Error 2
=======> ERROR: Building '/usr/ports/contrib/libquvi/libquvi#0.9.4-1.pkg.tar.xz' failed.
