prt-get: installing /usr/ports/contrib/libva-intel
prt-get: starting build Sat Dec  5 08:34:40 2020
=======> Downloading 'https://github.com/intel/intel-vaapi-driver/releases/download/2.4.1/intel-vaapi-driver-2.4.1.tar.bz2'.
--2020-12-05 08:34:41--  https://github.com/intel/intel-vaapi-driver/releases/download/2.4.1/intel-vaapi-driver-2.4.1.tar.bz2
Resolving github.com... 140.82.114.4
Connecting to github.com|140.82.114.4|:443... connected.
HTTP request sent, awaiting response... 302 Found
Location: https://github-production-release-asset-2e65be.s3.amazonaws.com/16745248/5bcfd580-a970-11ea-83e3-c004f1599101?X-Amz-Algorithm=AWS4-HMAC-SHA256&X-Amz-Credential=AKIAIWNJYAX4CSVEH53A%2F20201205%2Fus-east-1%2Fs3%2Faws4_request&X-Amz-Date=20201205T154755Z&X-Amz-Expires=300&X-Amz-Signature=a6d64e955bff7162bcdf4b3f1b9f576bbef02aaf7aa2487fed5584ce5038b8dd&X-Amz-SignedHeaders=host&actor_id=0&key_id=0&repo_id=16745248&response-content-disposition=attachment%3B%20filename%3Dintel-vaapi-driver-2.4.1.tar.bz2&response-content-type=application%2Foctet-stream [following]
--2020-12-05 08:34:41--  https://github-production-release-asset-2e65be.s3.amazonaws.com/16745248/5bcfd580-a970-11ea-83e3-c004f1599101?X-Amz-Algorithm=AWS4-HMAC-SHA256&X-Amz-Credential=AKIAIWNJYAX4CSVEH53A%2F20201205%2Fus-east-1%2Fs3%2Faws4_request&X-Amz-Date=20201205T154755Z&X-Amz-Expires=300&X-Amz-Signature=a6d64e955bff7162bcdf4b3f1b9f576bbef02aaf7aa2487fed5584ce5038b8dd&X-Amz-SignedHeaders=host&actor_id=0&key_id=0&repo_id=16745248&response-content-disposition=attachment%3B%20filename%3Dintel-vaapi-driver-2.4.1.tar.bz2&response-content-type=application%2Foctet-stream
Resolving github-production-release-asset-2e65be.s3.amazonaws.com... 52.216.84.16
Connecting to github-production-release-asset-2e65be.s3.amazonaws.com|52.216.84.16|:443... connected.
HTTP request sent, awaiting response... 200 OK
Length: 2889762 (2.8M) [application/octet-stream]
Saving to: '/sources/intel-vaapi-driver-2.4.1.tar.bz2.partial'

     0K .......... .......... .......... .......... ..........  1%  619K 4s
    50K .......... .......... .......... .......... ..........  3%  651K 4s
   100K .......... .......... .......... .......... ..........  5%  696K 4s
   150K .......... .......... .......... .......... ..........  7% 4.88M 3s
   200K .......... .......... .......... .......... ..........  8% 5.12M 3s
   250K .......... .......... .......... .......... .......... 10%  906K 3s
   300K .......... .......... .......... .......... .......... 12% 1.96M 2s
   350K .......... .......... .......... .......... .......... 14% 4.76M 2s
   400K .......... .......... .......... .......... .......... 15% 4.86M 2s
   450K .......... .......... .......... .......... .......... 17% 4.99M 2s
   500K .......... .......... .......... .......... .......... 19% 4.31M 2s
   550K .......... .......... .......... .......... .......... 21% 4.26M 1s
   600K .......... .......... .......... .......... .......... 23% 4.35M 1s
   650K .......... .......... .......... .......... .......... 24% 2.81M 1s
   700K .......... .......... .......... .......... .......... 26% 4.65M 1s
   750K .......... .......... .......... .......... .......... 28% 4.77M 1s
   800K .......... .......... .......... .......... .......... 30% 5.39M 1s
   850K .......... .......... .......... .......... .......... 31% 4.77M 1s
   900K .......... .......... .......... .......... .......... 33% 5.43M 1s
   950K .......... .......... .......... .......... .......... 35% 4.17M 1s
  1000K .......... .......... .......... .......... .......... 37% 4.17M 1s
  1050K .......... .......... .......... .......... .......... 38% 9.54M 1s
  1100K .......... .......... .......... .......... .......... 40% 13.5M 1s
  1150K .......... .......... .......... .......... .......... 42% 13.3M 1s
  1200K .......... .......... .......... .......... .......... 44% 14.5M 1s
  1250K .......... .......... .......... .......... .......... 46% 13.4M 1s
  1300K .......... .......... .......... .......... .......... 47% 13.7M 1s
  1350K .......... .......... .......... .......... .......... 49% 9.84M 1s
  1400K .......... .......... .......... .......... .......... 51% 9.44M 0s
  1450K .......... .......... .......... .......... .......... 53% 9.92M 0s
  1500K .......... .......... .......... .......... .......... 54% 9.49M 0s
  1550K .......... .......... .......... .......... .......... 56% 9.38M 0s
  1600K .......... .......... .......... .......... .......... 58%  539K 0s
  1650K .......... .......... .......... .......... .......... 60% 1.11M 0s
  1700K .......... .......... .......... .......... .......... 62% 12.0M 0s
  1750K .......... .......... .......... .......... .......... 63% 11.0M 0s
  1800K .......... .......... .......... .......... .......... 65% 9.40M 0s
  1850K .......... .......... .......... .......... .......... 67% 13.0M 0s
  1900K .......... .......... .......... .......... .......... 69% 13.5M 0s
  1950K .......... .......... .......... .......... .......... 70% 15.4M 0s
  2000K .......... .......... .......... .......... .......... 72% 18.0M 0s
  2050K .......... .......... .......... .......... .......... 74% 13.2M 0s
  2100K .......... .......... .......... .......... .......... 76% 14.4M 0s
  2150K .......... .......... .......... .......... .......... 77% 13.4M 0s
  2200K .......... .......... .......... .......... .......... 79% 14.9M 0s
  2250K .......... .......... .......... .......... .......... 81% 15.7M 0s
  2300K .......... .......... .......... .......... .......... 83% 16.3M 0s
  2350K .......... .......... .......... .......... .......... 85% 16.2M 0s
  2400K .......... .......... .......... .......... .......... 86% 16.7M 0s
  2450K .......... .......... .......... .......... .......... 88% 12.7M 0s
  2500K .......... .......... .......... .......... .......... 90% 16.6M 0s
  2550K .......... .......... .......... .......... .......... 92% 16.4M 0s
  2600K .......... .......... .......... .......... .......... 93% 16.5M 0s
  2650K .......... .......... .......... .......... .......... 95% 15.4M 0s
  2700K .......... .......... .......... .......... .......... 97% 16.8M 0s
  2750K .......... .......... .......... .......... .......... 99% 16.6M 0s
  2800K .......... .......... ..                              100% 16.5M=0.7s

2020-12-05 08:34:42 (3.70 MB/s) - '/sources/intel-vaapi-driver-2.4.1.tar.bz2.partial' saved [2889762/2889762]

=======> Building '/usr/ports/contrib/libva-intel/libva-intel#2.4.1-1.pkg.tar.xz'.
bsdtar -p -o -C /usr/ports/contrib/libva-intel/work/src -xf /sources/intel-vaapi-driver-2.4.1.tar.bz2
+ build
+ meson intel-vaapi-driver-2.4.1 build --prefix=/usr
The Meson build system
Version: 0.56.0
Source dir: /usr/ports/contrib/libva-intel/work/src/intel-vaapi-driver-2.4.1
Build dir: /usr/ports/contrib/libva-intel/work/src/build
Build type: native build
Project name: intel-vaapi-driver
Project version: 2.4.1.0
Using 'CFLAGS' from environment with value: '-O2 -pipe -mcpu=powerpc -mtune=750 -msecure-plt -mno-altivec'
C compiler for the host machine: ccache cc (gcc 8.4.0 "cc (CRUX-PPC) 8.4.0")
C linker for the host machine: cc ld.bfd 2.32
Using 'CFLAGS' from environment with value: '-O2 -pipe -mcpu=powerpc -mtune=750 -msecure-plt -mno-altivec'
Host machine cpu family: ppc
Host machine cpu: ppc
Library dl found: YES
Library m found: YES
Program git found: YES (/usr/bin/git)
Run-time dependency threads found: YES
Found pkg-config: /usr/bin/pkg-config (0.29.2)
Run-time dependency libdrm found: YES 2.4.103
Found CMake: /usr/bin/cmake (3.19.1)
Run-time dependency libdrm_intel found: NO (tried pkgconfig and cmake)

intel-vaapi-driver-2.4.1/meson.build:29:0: ERROR: Dependency "libdrm_intel" not found, tried pkgconfig and cmake

A full log can be found at /usr/ports/contrib/libva-intel/work/src/build/meson-logs/meson-log.txt
=======> ERROR: Building '/usr/ports/contrib/libva-intel/libva-intel#2.4.1-1.pkg.tar.xz' failed.
