prt-get: installing /usr/ports/contrib/rustscan
prt-get: starting build Sun Dec  6 10:23:52 2020
=======> Building '/usr/ports/contrib/rustscan/rustscan#2.0.1-1.pkg.tar.xz'.
bsdtar -p -o -C /usr/ports/contrib/rustscan/work/src -xf /sources/rustscan-2.0.1.tar.gz
+ build
+ cd RustScan-2.0.1
+ prt-get isinst sccache
package sccache is not installed
+ mkdir /sources/rust
mkdir: cannot create directory '/sources/rust': File exists
+ true
+ export CARGO_HOME=/sources/rust
+ CARGO_HOME=/sources/rust
+ cargo update
    Updating crates.io index
    Updating anyhow v1.0.34 -> v1.0.35
    Updating async-executor v1.3.0 -> v1.4.0
    Updating async-io v1.1.10 -> v1.3.1
    Updating async-trait v0.1.41 -> v0.1.42
    Updating backtrace v0.3.54 -> v0.3.55
    Updating base64 v0.12.3 -> v0.13.0
    Updating cc v1.0.61 -> v1.0.66
    Removing const_fn v0.4.3
    Removing crossbeam-utils v0.7.2
    Removing crossbeam-utils v0.8.0
      Adding crossbeam-utils v0.8.1
    Updating env_logger v0.8.1 -> v0.8.2
    Updating futures v0.3.7 -> v0.3.8
    Updating futures-channel v0.3.7 -> v0.3.8
    Updating futures-core v0.3.7 -> v0.3.8
    Updating futures-executor v0.3.7 -> v0.3.8
    Updating futures-io v0.3.7 -> v0.3.8
    Updating futures-macro v0.3.7 -> v0.3.8
    Updating futures-sink v0.3.7 -> v0.3.8
    Updating futures-task v0.3.7 -> v0.3.8
    Updating futures-util v0.3.7 -> v0.3.8
    Updating instant v0.1.8 -> v0.1.9
    Updating js-sys v0.3.45 -> v0.3.46
    Updating mio v0.6.22 -> v0.6.23
    Updating miow v0.2.1 -> v0.2.2
    Updating net2 v0.2.35 -> v0.2.36
    Updating once_cell v1.4.1 -> v1.5.2
    Updating pin-project v1.0.1 -> v1.0.2
    Updating pin-project-internal v1.0.1 -> v1.0.2
    Updating resolv-conf v0.6.3 -> v0.7.0
    Updating ring v0.16.15 -> v0.16.19
    Updating rlimit v0.5.2 -> v0.5.3
    Updating rust-argon2 v0.8.2 -> v0.8.3
    Updating serde v1.0.117 -> v1.0.118
    Updating serde_derive v1.0.117 -> v1.0.118
    Updating serde_json v1.0.59 -> v1.0.60
    Updating smallvec v1.4.2 -> v1.5.1
    Updating socket2 v0.3.15 -> v0.3.17
    Updating structopt v0.3.20 -> v0.3.21
    Updating structopt-derive v0.4.13 -> v0.4.14
    Updating syn v1.0.48 -> v1.0.53
    Updating termcolor v1.1.0 -> v1.1.2
    Updating tinyvec v0.3.4 -> v1.1.0
      Adding tinyvec_macros v0.1.0
    Updating tokio v0.2.22 -> v0.2.23
    Updating trust-dns-proto v0.19.5 -> v0.19.6
    Updating trust-dns-resolver v0.19.5 -> v0.19.6
    Updating trust-dns-rustls v0.19.5 -> v0.19.6
    Updating unicode-normalization v0.1.13 -> v0.1.16
    Updating unicode-segmentation v1.6.0 -> v1.7.1
    Updating wasm-bindgen v0.2.68 -> v0.2.69
    Updating wasm-bindgen-backend v0.2.68 -> v0.2.69
    Updating wasm-bindgen-futures v0.4.18 -> v0.4.19
    Updating wasm-bindgen-macro v0.2.68 -> v0.2.69
    Updating wasm-bindgen-macro-support v0.2.68 -> v0.2.69
    Updating wasm-bindgen-shared v0.2.68 -> v0.2.69
    Updating web-sys v0.3.45 -> v0.3.46
    Updating webpki v0.21.3 -> v0.21.4
+ cargo fetch
 Downloading crates ...
  Downloaded anyhow v1.0.35
  Downloaded async-trait v0.1.42
  Downloaded wepoll-sys v3.0.1
  Downloaded waker-fn v1.1.0
  Downloaded futures-lite v1.11.2
  Downloaded polling v2.0.2
  Downloaded hostname v0.3.1
  Downloaded env_logger v0.8.2
  Downloaded gcd v2.0.1
  Downloaded async-executor v1.4.0
  Downloaded gloo-timers v0.2.1
  Downloaded humantime v2.0.1
  Downloaded rustls v0.17.0
  Downloaded tokio-rustls v0.13.1
  Downloaded proc-macro-hack v0.5.19
  Downloaded futures-executor v0.3.8
  Downloaded trust-dns-resolver v0.19.6
  Downloaded nb-connect v1.0.2
  Downloaded vec-arena v1.0.0
  Downloaded async-channel v1.5.1
  Downloaded resolv-conf v0.7.0
  Downloaded colored v2.0.0
  Downloaded async-io v1.3.1
  Downloaded async-global-executor v1.4.3
  Downloaded rlimit v0.5.3
  Downloaded match_cfg v0.1.0
  Downloaded kv-log-macro v1.0.7
  Downloaded colorful v0.2.1
  Downloaded concurrent-queue v1.2.2
  Downloaded async-mutex v1.4.0
  Downloaded blocking v1.0.2
  Downloaded fastrand v1.4.0
  Downloaded event-listener v2.5.1
  Downloaded cache-padded v1.1.1
  Downloaded async-task v4.0.3
  Downloaded num-bigint v0.3.1
  Downloaded enum-as-inner v0.3.3
  Downloaded atomic-waker v1.0.0
  Downloaded spin v0.5.2
  Downloaded debug-helper v0.3.10
  Downloaded lru-cache v0.1.2
  Downloaded cidr-utils v0.5.0
  Downloaded trust-dns-proto v0.19.6
  Downloaded webpki-roots v0.19.0
  Downloaded futures v0.3.8
  Downloaded ipconfig v0.2.2
  Downloaded parking v2.0.0
  Downloaded widestring v0.4.3
  Downloaded proc-macro-nested v0.1.6
  Downloaded text_placeholder v0.4.0
  Downloaded futures-io v0.3.8
  Downloaded untrusted v0.7.1
  Downloaded futures-macro v0.3.8
  Downloaded sct v0.6.0
  Downloaded ring v0.16.19
  Downloaded webpki v0.21.4
  Downloaded trust-dns-rustls v0.19.6
  Downloaded subprocess v0.2.6
  Downloaded async-std v1.7.0
  Downloaded smallvec v1.5.1
+ cargo build --release --locked
   Compiling libc v0.2.80
   Compiling proc-macro2 v1.0.24
   Compiling unicode-xid v0.2.1
   Compiling syn v1.0.53
   Compiling autocfg v1.0.1
   Compiling memchr v2.3.4
   Compiling once_cell v1.5.2
   Compiling cfg-if v0.1.10
   Compiling futures-core v0.3.8
   Compiling log v0.4.11
   Compiling lazy_static v1.4.0
   Compiling futures-io v0.3.8
   Compiling pin-project-lite v0.1.11
   Compiling cc v1.0.66
   Compiling slab v0.4.2
   Compiling proc-macro-hack v0.5.19
   Compiling version_check v0.9.2
   Compiling untrusted v0.7.1
   Compiling proc-macro-nested v0.1.6
   Compiling getrandom v0.1.15
   Compiling tinyvec_macros v0.1.0
   Compiling pin-utils v0.1.0
   Compiling matches v0.1.8
   Compiling cache-padded v1.1.1
   Compiling unicode-segmentation v1.7.1
   Compiling futures-sink v0.3.8
   Compiling cfg-if v1.0.0
   Compiling waker-fn v1.1.0
   Compiling parking v2.0.0
   Compiling serde_derive v1.0.118
   Compiling fastrand v1.4.0
   Compiling gimli v0.23.0
   Compiling adler v0.2.3
   Compiling serde v1.0.118
   Compiling ppv-lite86 v0.2.10
   Compiling bytes v0.5.6
   Compiling percent-encoding v2.1.0
   Compiling object v0.22.0
   Compiling base64 v0.11.0
   Compiling async-task v4.0.3
   Compiling rustc-demangle v0.1.18
   Compiling bitflags v1.2.1
   Compiling ryu v1.0.5
   Compiling vec-arena v1.0.0
   Compiling event-listener v2.5.1
   Compiling unicode-width v0.1.8
   Compiling smallvec v1.5.1
   Compiling match_cfg v0.1.0
   Compiling regex-syntax v0.6.21
   Compiling serde_json v1.0.60
   Compiling vec_map v0.8.2
   Compiling quick-error v1.2.3
   Compiling anyhow v1.0.35
   Compiling itoa v0.4.6
   Compiling strsim v0.8.0
   Compiling atomic-waker v1.0.0
   Compiling linked-hash-map v0.5.3
   Compiling ansi_term v0.11.0
   Compiling debug-helper v0.3.10
   Compiling humantime v2.0.1
   Compiling termcolor v1.1.2
   Compiling either v1.6.1
   Compiling shell-words v1.0.0
   Compiling ansi_term v0.12.1
   Compiling gcd v2.0.1
   Compiling colorful v0.2.1
   Compiling miniz_oxide v0.4.3
   Compiling num-traits v0.2.14
   Compiling num-integer v0.1.44
   Compiling num-bigint v0.3.1
   Compiling crossbeam-utils v0.8.1
   Compiling futures-task v0.3.8
   Compiling thread_local v1.0.1
   Compiling proc-macro-error-attr v1.0.4
   Compiling proc-macro-error v1.0.4
   Compiling tinyvec v1.1.0
   Compiling unicode-bidi v0.3.4
   Compiling concurrent-queue v1.2.2
   Compiling ring v0.16.19
   Compiling futures-channel v0.3.8
   Compiling heck v0.3.1
   Compiling form_urlencoded v1.0.0
   Compiling addr2line v0.14.0
   Compiling async-mutex v1.4.0
   Compiling textwrap v0.11.0
   Compiling lru-cache v0.1.2
   Compiling itertools v0.9.0
   Compiling unicode-normalization v0.1.16
   Compiling async-channel v1.5.1
error: failed to run custom build command for `ring v0.16.19`

Caused by:
  process didn't exit successfully: `/usr/ports/contrib/rustscan/work/src/RustScan-2.0.1/target/release/build/ring-00edf9152726af18/build-script-build` (exit code: 101)
  --- stderr
  thread 'main' panicked at 'called `Option::unwrap()` on a `None` value', /sources/rust/registry/src/github.com-b420f105fcaca6de/ring-0.16.19/build.rs:375:10
  note: run with `RUST_BACKTRACE=1` environment variable to display a backtrace
warning: build failed, waiting for other jobs to finish...
error: build failed
=======> ERROR: Building '/usr/ports/contrib/rustscan/rustscan#2.0.1-1.pkg.tar.xz' failed.
