prt-get: installing /usr/ports/contrib/shaderc
prt-get: starting build Sun Dec  6 14:09:02 2020
=======> Building '/usr/ports/contrib/shaderc/shaderc#2020.3-1.pkg.tar.xz'.
bsdtar -p -o -C /usr/ports/contrib/shaderc/work/src -xf /sources/shaderc-v2020.3.tar.gz
cp glslc.1 /usr/ports/contrib/shaderc/work/src
cp spvc.1 /usr/ports/contrib/shaderc/work/src
cp glslc-asciidoc.patch /usr/ports/contrib/shaderc/work/src
cp spvc-asciidoc.patch /usr/ports/contrib/shaderc/work/src
cp 0001-Drop-third-party-code-in-CMakeLists.txt.patch /usr/ports/contrib/shaderc/work/src
cp shaderc-2020.3-system-glslang.patch /usr/ports/contrib/shaderc/work/src
cp 0001-Fix-SPIRV-includes-location.patch /usr/ports/contrib/shaderc/work/src
+ build
+ patch -d shaderc-2020.3/glslc -p0 -i /usr/ports/contrib/shaderc/work/src/glslc-asciidoc.patch
patching file README.asciidoc
+ patch -d shaderc-2020.3/spvc -p0 -i /usr/ports/contrib/shaderc/work/src/spvc-asciidoc.patch
patching file README.asciidoc
+ patch -p1 -d shaderc-2020.3 -i /usr/ports/contrib/shaderc/work/src/0001-Drop-third-party-code-in-CMakeLists.txt.patch
patching file CMakeLists.txt
Hunk #1 succeeded at 113 (offset 15 lines).
Hunk #2 succeeded at 121 (offset 15 lines).
+ patch -p1 -d shaderc-2020.3 -i /usr/ports/contrib/shaderc/work/src/0001-Fix-SPIRV-includes-location.patch
patching file libshaderc_util/src/compiler.cc
+ patch -p1 -d shaderc-2020.3 -i /usr/ports/contrib/shaderc/work/src/shaderc-2020.3-system-glslang.patch
patching file libshaderc_util/CMakeLists.txt
patching file libshaderc/CMakeLists.txt
patching file glslc/CMakeLists.txt
+ sed '/examples/d;/third_party/d' -i shaderc-2020.3/CMakeLists.txt
+ sed /build-version/d -i shaderc-2020.3/glslc/CMakeLists.txt
+ cat
++ prt-get info spirv-tools
++ awk '/^Version:/ {print $2}'
++ prt-get info glslang
++ awk '/^Version:/ {print $2}'
+ cmake -S shaderc-2020.3 -B build -G Ninja -D CMAKE_INSTALL_PREFIX=/usr -D CMAKE_INSTALL_LIBDIR=lib -D CMAKE_BUILD_TYPE=Release -D 'CMAKE_CXX_FLAGS_RELEASE=-O2 -pipe -mcpu=powerpc -mtune=750 -msecure-plt -mno-altivec -DNDEBUG' -D 'CMAKE_C_FLAGS_RELEASE=-O2 -pipe -mcpu=powerpc -mtune=750 -msecure-plt -mno-altivec -DNDEBUG' -D SHADERC_SKIP_TESTS=ON -Wno-dev
-- The C compiler identification is GNU 8.4.0
-- The CXX compiler identification is GNU 8.4.0
-- Detecting C compiler ABI info
-- Detecting C compiler ABI info - done
-- Check for working C compiler: /usr/bin/cc - skipped
-- Detecting C compile features
-- Detecting C compile features - done
-- Detecting CXX compiler ABI info
-- Detecting CXX compiler ABI info - done
-- Check for working CXX compiler: /usr/bin/c++ - skipped
-- Detecting CXX compile features
-- Detecting CXX compile features - done
-- Shaderc: build type is "Release".
-- Configuring Shaderc to avoid building tests.
-- Found PythonInterp: /usr/bin/python3 (found suitable version "3.7.9", minimum required is "3") 
-- Performing Test COMPILER_SUPPORTS_FALLTHROUGH_WARNING
-- Performing Test COMPILER_SUPPORTS_FALLTHROUGH_WARNING - Success
-- Performing Test COMPILER_SUPPORTS_EXTRA_SEMI_WARNING
-- Performing Test COMPILER_SUPPORTS_EXTRA_SEMI_WARNING - Success
-- Performing Test COMPILER_SUPPORTS_PIC
-- Performing Test COMPILER_SUPPORTS_PIC - Success
-- Looking for pthread.h
-- Looking for pthread.h - found
-- Performing Test CMAKE_HAVE_LIBC_PTHREAD
-- Performing Test CMAKE_HAVE_LIBC_PTHREAD - Failed
-- Looking for pthread_create in pthreads
-- Looking for pthread_create in pthreads - not found
-- Looking for pthread_create in pthread
-- Looking for pthread_create in pthread - found
-- Found Threads: TRUE  
-- Configuring done
-- Generating done
-- Build files have been written to: /usr/ports/contrib/shaderc/work/src/build
+ cmake --build build -j 1
[1/29] Check copyright
[2/29] cd /usr/ports/contrib/shaderc/work/src/build && /usr/bin/cmake -DCHANGES_FILE=/usr/ports/contrib/shaderc/work/src/shaderc-2020.3/CHANGES -DTEMPLATE_FILE=/usr/ports/contrib/shaderc/work/src/shaderc-2020.3/cmake/shaderc_combined.pc.in -DOUT_FILE=/usr/ports/contrib/shaderc/work/src/build/shaderc_combined.pc -DCMAKE_INSTALL_PREFIX=/usr -DCMAKE_INSTALL_LIBDIR=lib -DCMAKE_INSTALL_INCLUDEDIR=include -DLIBS=-lshaderc_combined -P /usr/ports/contrib/shaderc/work/src/shaderc-2020.3/cmake/write_pkg_config.cmake
[3/29] cd /usr/ports/contrib/shaderc/work/src/build && /usr/bin/cmake -DCHANGES_FILE=/usr/ports/contrib/shaderc/work/src/shaderc-2020.3/CHANGES -DTEMPLATE_FILE=/usr/ports/contrib/shaderc/work/src/shaderc-2020.3/cmake/shaderc.pc.in -DOUT_FILE=/usr/ports/contrib/shaderc/work/src/build/shaderc.pc -DCMAKE_INSTALL_PREFIX=/usr -DCMAKE_INSTALL_LIBDIR=lib -DCMAKE_INSTALL_INCLUDEDIR=include -DLIBS=-lshaderc_shared -P /usr/ports/contrib/shaderc/work/src/shaderc-2020.3/cmake/write_pkg_config.cmake
[4/29] cd /usr/ports/contrib/shaderc/work/src/build && /usr/bin/cmake -DCHANGES_FILE=/usr/ports/contrib/shaderc/work/src/shaderc-2020.3/CHANGES -DTEMPLATE_FILE=/usr/ports/contrib/shaderc/work/src/shaderc-2020.3/cmake/shaderc_static.pc.in -DOUT_FILE=/usr/ports/contrib/shaderc/work/src/build/shaderc_static.pc -DCMAKE_INSTALL_PREFIX=/usr -DCMAKE_INSTALL_LIBDIR=lib -DCMAKE_INSTALL_INCLUDEDIR=include -DLIBS=-lshaderc\ \ -lshaderc_util -P /usr/ports/contrib/shaderc/work/src/shaderc-2020.3/cmake/write_pkg_config.cmake
[5/29] Building CXX object libshaderc_util/CMakeFiles/shaderc_util.dir/src/args.cc.o
[6/29] Building CXX object libshaderc_util/CMakeFiles/shaderc_util.dir/src/compiler.cc.o
[7/29] Building CXX object libshaderc_util/CMakeFiles/shaderc_util.dir/src/file_finder.cc.o
[8/29] Building CXX object libshaderc_util/CMakeFiles/shaderc_util.dir/src/io.cc.o
[9/29] Building CXX object libshaderc_util/CMakeFiles/shaderc_util.dir/src/message.cc.o
[10/29] Building CXX object libshaderc_util/CMakeFiles/shaderc_util.dir/src/resources.cc.o
[11/29] Building CXX object libshaderc_util/CMakeFiles/shaderc_util.dir/src/shader_stage.cc.o
[12/29] Building CXX object libshaderc_util/CMakeFiles/shaderc_util.dir/src/spirv_tools_wrapper.cc.o
[13/29] Building CXX object libshaderc_util/CMakeFiles/shaderc_util.dir/src/version_profile.cc.o
[14/29] Linking CXX static library libshaderc_util/libshaderc_util.a
[15/29] Building CXX object libshaderc/CMakeFiles/shaderc_shared.dir/src/shaderc.cc.o
[16/29] Linking CXX shared library libshaderc/libshaderc_shared.so.1
[17/29] Creating library symlink libshaderc/libshaderc_shared.so
[18/29] Building CXX object libshaderc/CMakeFiles/shaderc.dir/src/shaderc.cc.o
[19/29] Linking CXX static library libshaderc/libshaderc.a
[20/29] Generating libshaderc_combined.a
[21/29] Building CXX object glslc/CMakeFiles/glslc_exe.dir/src/main.cc.o
[22/29] Building CXX object glslc/CMakeFiles/glslc.dir/src/file_compiler.cc.o
[23/29] Building CXX object glslc/CMakeFiles/glslc.dir/src/file.cc.o
[24/29] Building CXX object glslc/CMakeFiles/glslc.dir/src/file_includer.cc.o
[25/29] Building CXX object glslc/CMakeFiles/glslc.dir/src/resource_parse.cc.o
[26/29] Building CXX object glslc/CMakeFiles/glslc.dir/src/shader_stage.cc.o
[27/29] Building CXX object glslc/CMakeFiles/glslc.dir/src/dependency_info.cc.o
[28/29] Linking CXX static library glslc/libglslc.a
[29/29] Linking CXX executable glslc/glslc
+ DESTDIR=/usr/ports/contrib/shaderc/work/pkg
+ cmake --install build
-- Install configuration: "Release"
-- Installing: /usr/ports/contrib/shaderc/work/pkg/usr/lib/pkgconfig/shaderc.pc
-- Installing: /usr/ports/contrib/shaderc/work/pkg/usr/lib/pkgconfig/shaderc_static.pc
-- Installing: /usr/ports/contrib/shaderc/work/pkg/usr/lib/pkgconfig/shaderc_combined.pc
-- Installing: /usr/ports/contrib/shaderc/work/pkg/usr/include/shaderc/env.h
-- Installing: /usr/ports/contrib/shaderc/work/pkg/usr/include/shaderc/status.h
-- Installing: /usr/ports/contrib/shaderc/work/pkg/usr/include/shaderc/visibility.h
-- Installing: /usr/ports/contrib/shaderc/work/pkg/usr/include/shaderc/shaderc.h
-- Installing: /usr/ports/contrib/shaderc/work/pkg/usr/include/shaderc/shaderc.hpp
-- Installing: /usr/ports/contrib/shaderc/work/pkg/usr/lib/libshaderc.a
-- Installing: /usr/ports/contrib/shaderc/work/pkg/usr/lib/libshaderc_shared.so.1
-- Installing: /usr/ports/contrib/shaderc/work/pkg/usr/lib/libshaderc_shared.so
-- Installing: /usr/ports/contrib/shaderc/work/pkg/usr/lib/libshaderc_combined.a
-- Installing: /usr/ports/contrib/shaderc/work/pkg/usr/bin/glslc
+ '[' -e /usr/bin/asciidoctor ']'
+ cd ../glslc
Pkgfile: line 47: cd: ../glslc: No such file or directory
=======> ERROR: Building '/usr/ports/contrib/shaderc/shaderc#2020.3-1.pkg.tar.xz' failed.
