prt-get: installing /usr/ports/opt/wine
prt-get: starting build Sun Dec  6 20:06:56 2020
=======> Building '/usr/ports/opt/wine/wine#5.22-1.pkg.tar.xz'.
bsdtar -p -o -C /usr/ports/opt/wine/work/src -xf /sources/wine-5.22.tar.xz
cp /sources/wine-gecko-2.47.1-x86.msi /usr/ports/opt/wine/work/src
cp /sources/wine-gecko-2.47.1-x86_64.msi /usr/ports/opt/wine/work/src
cp /sources/wine-mono-5.1.1-x86.msi /usr/ports/opt/wine/work/src
+ build
+ mv wine-5.22 wine
+ export 'CFLAGS=-O2 -pipe -mcpu=powerpc -mtune=750 -msecure-plt'
+ CFLAGS='-O2 -pipe -mcpu=powerpc -mtune=750 -msecure-plt'
+ export LDFLAGS=
+ LDFLAGS=
+ install -d wine32 wine64
+ export 'CPPFLAGS= -D_FORTIFY_SOURCE=0'
+ CPPFLAGS=' -D_FORTIFY_SOURCE=0'
+ cd wine64
+ ../wine/configure --prefix=/usr --libdir=/usr/lib --enable-win64
checking build system type... powerpc-unknown-linux-gnu
checking host system type... powerpc-unknown-linux-gnu
checking whether make sets $(MAKE)... yes
checking for gcc... gcc
checking whether the C compiler works... yes
checking for C compiler default output file name... a.out
checking for suffix of executables... 
checking whether we are cross compiling... no
checking for suffix of object files... o
checking whether we are using the GNU C compiler... yes
checking whether gcc accepts -g... yes
checking for gcc option to accept ISO C89... none needed
checking for g++... g++
checking whether we are using the GNU C++ compiler... yes
checking whether g++ accepts -g... yes
checking for cpp... cpp
checking for ld... ld
checking for the directory containing the Wine tools... 
checking for flex... flex
checking whether flex is recent enough... yes
checking for bison... bison
checking whether bison is recent enough... yes
checking for ar... ar
checking for strip... strip
checking for ranlib... ranlib
checking whether ln -s works... yes
checking for grep that handles long lines and -e... /usr/bin/grep
checking for egrep... /usr/bin/grep -E
checking for ldconfig... /sbin/ldconfig
checking for msgfmt... msgfmt
checking for pkg-config... pkg-config
checking whether msgfmt supports contexts... yes
checking for i386_set_ldt in -li386... no
checking for special C compiler options needed for large files... no
checking for _FILE_OFFSET_BITS value needed for large files... 64
checking how to run the C preprocessor... gcc -E
checking for ANSI C header files... yes
checking for sys/types.h... yes
checking for sys/stat.h... yes
checking for stdlib.h... yes
checking for string.h... yes
checking for memory.h... yes
checking for strings.h... yes
checking for inttypes.h... yes
checking for stdint.h... yes
checking for unistd.h... yes
checking AL/al.h usability... yes
checking AL/al.h presence... yes
checking for AL/al.h... yes
checking ApplicationServices/ApplicationServices.h usability... no
checking ApplicationServices/ApplicationServices.h presence... no
checking for ApplicationServices/ApplicationServices.h... no
checking AudioToolbox/AudioConverter.h usability... no
checking AudioToolbox/AudioConverter.h presence... no
checking for AudioToolbox/AudioConverter.h... no
checking AudioUnit/AudioUnit.h usability... no
checking AudioUnit/AudioUnit.h presence... no
checking for AudioUnit/AudioUnit.h... no
checking AudioUnit/AudioComponent.h usability... no
checking AudioUnit/AudioComponent.h presence... no
checking for AudioUnit/AudioComponent.h... no
checking CL/cl.h usability... no
checking CL/cl.h presence... no
checking for CL/cl.h... no
checking Carbon/Carbon.h usability... no
checking Carbon/Carbon.h presence... no
checking for Carbon/Carbon.h... no
checking CommonCrypto/CommonCryptor.h usability... no
checking CommonCrypto/CommonCryptor.h presence... no
checking for CommonCrypto/CommonCryptor.h... no
checking CoreAudio/CoreAudio.h usability... no
checking CoreAudio/CoreAudio.h presence... no
checking for CoreAudio/CoreAudio.h... no
checking CoreServices/CoreServices.h usability... no
checking CoreServices/CoreServices.h presence... no
checking for CoreServices/CoreServices.h... no
checking DiskArbitration/DiskArbitration.h usability... no
checking DiskArbitration/DiskArbitration.h presence... no
checking for DiskArbitration/DiskArbitration.h... no
checking EGL/egl.h usability... yes
checking EGL/egl.h presence... yes
checking for EGL/egl.h... yes
checking IOKit/IOKitLib.h usability... no
checking IOKit/IOKitLib.h presence... no
checking for IOKit/IOKitLib.h... no
checking IOKit/hid/IOHIDLib.h usability... no
checking IOKit/hid/IOHIDLib.h presence... no
checking for IOKit/hid/IOHIDLib.h... no
checking OpenAL/al.h usability... no
checking OpenAL/al.h presence... no
checking for OpenAL/al.h... no
checking OpenCL/opencl.h usability... no
checking OpenCL/opencl.h presence... no
checking for OpenCL/opencl.h... no
checking QuickTime/ImageCompression.h usability... no
checking QuickTime/ImageCompression.h presence... no
checking for QuickTime/ImageCompression.h... no
checking Security/Security.h usability... no
checking Security/Security.h presence... no
checking for Security/Security.h... no
checking SystemConfiguration/SCDynamicStoreCopyDHCPInfo.h usability... no
checking SystemConfiguration/SCDynamicStoreCopyDHCPInfo.h presence... no
checking for SystemConfiguration/SCDynamicStoreCopyDHCPInfo.h... no
checking SystemConfiguration/SCNetworkConfiguration.h usability... no
checking SystemConfiguration/SCNetworkConfiguration.h presence... no
checking for SystemConfiguration/SCNetworkConfiguration.h... no
checking alias.h usability... no
checking alias.h presence... no
checking for alias.h... no
checking arpa/inet.h usability... yes
checking arpa/inet.h presence... yes
checking for arpa/inet.h... yes
checking arpa/nameser.h usability... yes
checking arpa/nameser.h presence... yes
checking for arpa/nameser.h... yes
checking asm/types.h usability... yes
checking asm/types.h presence... yes
checking for asm/types.h... yes
checking asm/user.h usability... no
checking asm/user.h presence... no
checking for asm/user.h... no
checking dirent.h usability... yes
checking dirent.h presence... yes
checking for dirent.h... yes
checking dlfcn.h usability... yes
checking dlfcn.h presence... yes
checking for dlfcn.h... yes
checking elf.h usability... yes
checking elf.h presence... yes
checking for elf.h... yes
checking float.h usability... yes
checking float.h presence... yes
checking for float.h... yes
checking fnmatch.h usability... yes
checking fnmatch.h presence... yes
checking for fnmatch.h... yes
checking getopt.h usability... yes
checking getopt.h presence... yes
checking for getopt.h... yes
checking gettext-po.h usability... yes
checking gettext-po.h presence... yes
checking for gettext-po.h... yes
checking grp.h usability... yes
checking grp.h presence... yes
checking for grp.h... yes
checking gsm.h usability... no
checking gsm.h presence... no
checking for gsm.h... no
checking gsm/gsm.h usability... yes
checking gsm/gsm.h presence... yes
checking for gsm/gsm.h... yes
checking ieeefp.h usability... no
checking ieeefp.h presence... no
checking for ieeefp.h... no
checking inet/mib2.h usability... no
checking inet/mib2.h presence... no
checking for inet/mib2.h... no
checking kstat.h usability... no
checking kstat.h presence... no
checking for kstat.h... no
checking libproc.h usability... no
checking libproc.h presence... no
checking for libproc.h... no
checking link.h usability... yes
checking link.h presence... yes
checking for link.h... yes
checking linux/cdrom.h usability... yes
checking linux/cdrom.h presence... yes
checking for linux/cdrom.h... yes
checking linux/compiler.h usability... no
checking linux/compiler.h presence... no
checking for linux/compiler.h... no
checking linux/filter.h usability... yes
checking linux/filter.h presence... yes
checking for linux/filter.h... yes
checking linux/hdreg.h usability... yes
checking linux/hdreg.h presence... yes
checking for linux/hdreg.h... yes
checking linux/hidraw.h usability... yes
checking linux/hidraw.h presence... yes
checking for linux/hidraw.h... yes
checking linux/input.h usability... yes
checking linux/input.h presence... yes
checking for linux/input.h... yes
checking linux/ioctl.h usability... yes
checking linux/ioctl.h presence... yes
checking for linux/ioctl.h... yes
checking linux/joystick.h usability... yes
checking linux/joystick.h presence... yes
checking for linux/joystick.h... yes
checking linux/major.h usability... yes
checking linux/major.h presence... yes
checking for linux/major.h... yes
checking linux/param.h usability... yes
checking linux/param.h presence... yes
checking for linux/param.h... yes
checking linux/serial.h usability... yes
checking linux/serial.h presence... yes
checking for linux/serial.h... yes
checking linux/types.h usability... yes
checking linux/types.h presence... yes
checking for linux/types.h... yes
checking linux/ucdrom.h usability... no
checking linux/ucdrom.h presence... no
checking for linux/ucdrom.h... no
checking lwp.h usability... no
checking lwp.h presence... no
checking for lwp.h... no
checking mach-o/nlist.h usability... no
checking mach-o/nlist.h presence... no
checking for mach-o/nlist.h... no
checking mach-o/loader.h usability... no
checking mach-o/loader.h presence... no
checking for mach-o/loader.h... no
checking mach/mach.h usability... no
checking mach/mach.h presence... no
checking for mach/mach.h... no
checking mach/machine.h usability... no
checking mach/machine.h presence... no
checking for mach/machine.h... no
checking machine/cpu.h usability... no
checking machine/cpu.h presence... no
checking for machine/cpu.h... no
checking machine/sysarch.h usability... no
checking machine/sysarch.h presence... no
checking for machine/sysarch.h... no
checking mntent.h usability... yes
checking mntent.h presence... yes
checking for mntent.h... yes
checking netdb.h usability... yes
checking netdb.h presence... yes
checking for netdb.h... yes
checking netinet/in.h usability... yes
checking netinet/in.h presence... yes
checking for netinet/in.h... yes
checking netinet/in_systm.h usability... yes
checking netinet/in_systm.h presence... yes
checking for netinet/in_systm.h... yes
checking netinet/tcp.h usability... yes
checking netinet/tcp.h presence... yes
checking for netinet/tcp.h... yes
checking netinet/tcp_fsm.h usability... no
checking netinet/tcp_fsm.h presence... no
checking for netinet/tcp_fsm.h... no
checking pcap/pcap.h usability... yes
checking pcap/pcap.h presence... yes
checking for pcap/pcap.h... yes
checking poll.h usability... yes
checking poll.h presence... yes
checking for poll.h... yes
checking port.h usability... no
checking port.h presence... no
checking for port.h... no
checking pthread.h usability... yes
checking pthread.h presence... yes
checking for pthread.h... yes
checking pwd.h usability... yes
checking pwd.h presence... yes
checking for pwd.h... yes
checking sasl/sasl.h usability... yes
checking sasl/sasl.h presence... yes
checking for sasl/sasl.h... yes
checking sched.h usability... yes
checking sched.h presence... yes
checking for sched.h... yes
checking scsi/scsi.h usability... yes
checking scsi/scsi.h presence... yes
checking for scsi/scsi.h... yes
checking scsi/scsi_ioctl.h usability... yes
checking scsi/scsi_ioctl.h presence... yes
checking for scsi/scsi_ioctl.h... yes
checking scsi/sg.h usability... yes
checking scsi/sg.h presence... yes
checking for scsi/sg.h... yes
checking stdbool.h usability... yes
checking stdbool.h presence... yes
checking for stdbool.h... yes
checking for stdint.h... (cached) yes
checking stropts.h usability... yes
checking stropts.h presence... yes
checking for stropts.h... yes
checking sys/attr.h usability... no
checking sys/attr.h presence... no
checking for sys/attr.h... no
checking sys/auxv.h usability... yes
checking sys/auxv.h presence... yes
checking for sys/auxv.h... yes
checking sys/cdio.h usability... no
checking sys/cdio.h presence... no
checking for sys/cdio.h... no
checking sys/epoll.h usability... yes
checking sys/epoll.h presence... yes
checking for sys/epoll.h... yes
checking sys/event.h usability... no
checking sys/event.h presence... no
checking for sys/event.h... no
checking sys/filio.h usability... no
checking sys/filio.h presence... no
checking for sys/filio.h... no
checking sys/ioctl.h usability... yes
checking sys/ioctl.h presence... yes
checking for sys/ioctl.h... yes
checking sys/ipc.h usability... yes
checking sys/ipc.h presence... yes
checking for sys/ipc.h... yes
checking sys/link.h usability... no
checking sys/link.h presence... no
checking for sys/link.h... no
checking sys/mman.h usability... yes
checking sys/mman.h presence... yes
checking for sys/mman.h... yes
checking sys/modem.h usability... no
checking sys/modem.h presence... no
checking for sys/modem.h... no
checking sys/msg.h usability... yes
checking sys/msg.h presence... yes
checking for sys/msg.h... yes
checking sys/mtio.h usability... yes
checking sys/mtio.h presence... yes
checking for sys/mtio.h... yes
checking sys/param.h usability... yes
checking sys/param.h presence... yes
checking for sys/param.h... yes
checking sys/poll.h usability... yes
checking sys/poll.h presence... yes
checking for sys/poll.h... yes
checking sys/prctl.h usability... yes
checking sys/prctl.h presence... yes
checking for sys/prctl.h... yes
checking sys/protosw.h usability... no
checking sys/protosw.h presence... no
checking for sys/protosw.h... no
checking sys/ptrace.h usability... yes
checking sys/ptrace.h presence... yes
checking for sys/ptrace.h... yes
checking sys/queue.h usability... yes
checking sys/queue.h presence... yes
checking for sys/queue.h... yes
checking sys/random.h usability... yes
checking sys/random.h presence... yes
checking for sys/random.h... yes
checking sys/resource.h usability... yes
checking sys/resource.h presence... yes
checking for sys/resource.h... yes
checking sys/scsiio.h usability... no
checking sys/scsiio.h presence... no
checking for sys/scsiio.h... no
checking sys/shm.h usability... yes
checking sys/shm.h presence... yes
checking for sys/shm.h... yes
checking sys/signal.h usability... yes
checking sys/signal.h presence... yes
checking for sys/signal.h... yes
checking sys/socket.h usability... yes
checking sys/socket.h presence... yes
checking for sys/socket.h... yes
checking sys/socketvar.h usability... yes
checking sys/socketvar.h presence... yes
checking for sys/socketvar.h... yes
checking sys/sockio.h usability... no
checking sys/sockio.h presence... no
checking for sys/sockio.h... no
checking sys/statvfs.h usability... yes
checking sys/statvfs.h presence... yes
checking for sys/statvfs.h... yes
checking sys/strtio.h usability... no
checking sys/strtio.h presence... no
checking for sys/strtio.h... no
checking sys/syscall.h usability... yes
checking sys/syscall.h presence... yes
checking for sys/syscall.h... yes
checking sys/sysinfo.h usability... yes
checking sys/sysinfo.h presence... yes
checking for sys/sysinfo.h... yes
checking sys/tihdr.h usability... no
checking sys/tihdr.h presence... no
checking for sys/tihdr.h... no
checking sys/time.h usability... yes
checking sys/time.h presence... yes
checking for sys/time.h... yes
checking sys/timeout.h usability... no
checking sys/timeout.h presence... no
checking for sys/timeout.h... no
checking sys/times.h usability... yes
checking sys/times.h presence... yes
checking for sys/times.h... yes
checking sys/uio.h usability... yes
checking sys/uio.h presence... yes
checking for sys/uio.h... yes
checking sys/user.h usability... yes
checking sys/user.h presence... yes
checking for sys/user.h... yes
checking sys/utsname.h usability... yes
checking sys/utsname.h presence... yes
checking for sys/utsname.h... yes
checking sys/vnode.h usability... no
checking sys/vnode.h presence... no
checking for sys/vnode.h... no
checking sys/wait.h usability... yes
checking sys/wait.h presence... yes
checking for sys/wait.h... yes
checking syscall.h usability... yes
checking syscall.h presence... yes
checking for syscall.h... yes
checking termios.h usability... yes
checking termios.h presence... yes
checking for termios.h... yes
checking for unistd.h... (cached) yes
checking utime.h usability... yes
checking utime.h presence... yes
checking for utime.h... yes
checking valgrind/memcheck.h usability... no
checking valgrind/memcheck.h presence... no
checking for valgrind/memcheck.h... no
checking valgrind/valgrind.h usability... no
checking valgrind/valgrind.h presence... no
checking for valgrind/valgrind.h... no
checking sys/mkdev.h usability... no
checking sys/mkdev.h presence... no
checking for sys/mkdev.h... no
checking sys/sysmacros.h usability... yes
checking sys/sysmacros.h presence... yes
checking for sys/sysmacros.h... yes
checking whether stat file-mode macros are broken... no
checking for sys/conf.h... no
checking for sys/mount.h... yes
checking for sys/statfs.h... yes
checking for sys/user.h... (cached) yes
checking for sys/vfs.h... yes
checking for sys/sysctl.h... yes
checking for netinet/ip.h... yes
checking for net/if.h... yes
checking for net/if_arp.h... yes
checking for net/if_dl.h... no
checking for net/if_types.h... no
checking for net/route.h... yes
checking for netinet/if_ether.h... yes
checking for netinet/if_inarp.h... no
checking for netinet/in_pcb.h... no
checking for netinet/ip_icmp.h... yes
checking for netinet/ip_var.h... no
checking for netinet/udp.h... yes
checking for netipx/ipx.h... yes
checking for sys/un.h... yes
checking for netinet/tcp_timer.h... no
checking for netinet/udp_var.h... no
checking for netinet/icmp_var.h... no
checking for netinet/tcp_var.h... no
checking for linux/ipx.h... yes
checking for linux/irda.h... no
checking for linux/rtnetlink.h... yes
checking for resolv.h... yes
checking for ifaddrs.h... yes
checking for sys/ucontext.h... yes
checking for sys/thr.h... no
checking for pthread_np.h... no
checking for linux/videodev2.h... yes
checking for libprocstat.h... no
checking for ldd... /usr/bin/ldd
checking for otool... no
checking for readelf... readelf
checking whether we can build a GNU style ELF dll... yes
checking whether the compiler supports -shared -Wl,-soname,confest.so.1... yes
checking whether the compiler supports -shared -Wl,--version-script=conftest.map... yes
checking whether the compiler supports -Wl,--export-dynamic... yes
checking for pthread_create... no
checking for pthread_create in -lpthread... yes
checking for X... libraries , headers 
checking for gethostbyname... yes
checking for connect... yes
checking for remove... yes
checking for shmat... yes
checking for IceConnectionNumber in -lICE... yes
checking for -lX11... libX11.so.6
checking for -lXext... libXext.so.6
checking for X11/Xlib.h... yes
checking for X11/XKBlib.h... yes
checking for X11/Xutil.h... yes
checking for X11/Xcursor/Xcursor.h... yes
checking for X11/extensions/shape.h... yes
checking for X11/extensions/XInput.h... yes
checking for X11/extensions/XInput2.h... yes
checking for X11/extensions/XShm.h... yes
checking for X11/extensions/Xcomposite.h... yes
checking for X11/extensions/Xfixes.h... yes
checking for X11/extensions/Xinerama.h... yes
checking for X11/extensions/Xrandr.h... yes
checking for X11/extensions/Xrender.h... yes
checking for X11/extensions/xf86vmode.h... yes
checking for X11/extensions/xf86vmproto.h... yes
checking for XkbQueryExtension in -lX11... yes
checking for -lXcursor... libXcursor.so.1
checking for -lXi... libXi.so.6
checking for XShmQueryExtension in -lXext... yes
checking for XShapeQueryExtension in -lXext... yes
checking for -lXxf86vm... libXxf86vm.so.1
checking for -lXrender... libXrender.so.1
checking for XRenderSetPictureTransform in -lXrender... yes
checking for XRenderCreateLinearGradient in -lXrender... yes
checking for -lXrandr... libXrandr.so.2
checking for -lXfixes... libXfixes.so.3
checking for -lXinerama... libXinerama.so.1
checking for -lXcomposite... libXcomposite.so.1
checking for XICCallback.callback... yes
checking for XEvent.xcookie... yes
checking for -lGL... libGL.so.1
checking for -lOSMesa... libOSMesa.so.8
checking for pcap_create in -lpcap... yes
checking libxml/parser.h usability... yes
checking libxml/parser.h presence... yes
checking for libxml/parser.h... yes
checking libxml/xmlsave.h usability... yes
checking libxml/xmlsave.h presence... yes
checking for libxml/xmlsave.h... yes
checking libxml/SAX2.h usability... yes
checking libxml/SAX2.h presence... yes
checking for libxml/SAX2.h... yes
checking for xmlParseMemory in -lxml2... yes
checking for xmlReadMemory in -lxml2... yes
checking for xmlNewDocPI in -lxml2... yes
checking for xmlSchemaSetParserStructuredErrors in -lxml2... yes
checking for xmlSchemaSetValidStructuredErrors in -lxml2... yes
checking for xmlFirstElementChild in -lxml2... yes
checking for xmlDocProperties... yes
checking for libxslt/pattern.h... yes
checking for libxslt/transform.h... yes
checking for -lxslt... libxslt.so.1
checking sys/inotify.h usability... yes
checking sys/inotify.h presence... yes
checking for sys/inotify.h... yes
checking for inotify_add_watch in -linotify... no
checking dbus/dbus.h usability... yes
checking dbus/dbus.h presence... yes
checking for dbus/dbus.h... yes
checking for -ldbus-1... libdbus-1.so.3
checking hal/libhal.h usability... no
checking hal/libhal.h presence... no
checking for hal/libhal.h... no
checking gnutls/gnutls.h usability... yes
checking gnutls/gnutls.h presence... yes
checking for gnutls/gnutls.h... yes
checking for -lgnutls... libgnutls.so.30
checking for gnutls_cipher_init... yes
checking sane/sane.h usability... no
checking sane/sane.h presence... no
checking for sane/sane.h... no
checking libusb.h usability... yes
checking libusb.h presence... yes
checking for libusb.h... yes
checking for libusb_interrupt_event_handler in -lusb-1.0... yes
checking for -lv4l2... libv4l2.so.0
checking gphoto2-camera.h usability... no
checking gphoto2-camera.h presence... no
checking for gphoto2-camera.h... no
checking gphoto2-port.h usability... no
checking gphoto2-port.h presence... no
checking for gphoto2-port.h... no
checking for resolver library... none required
checking for res_getservers... no
checking lcms2.h usability... yes
checking lcms2.h presence... yes
checking for lcms2.h... yes
checking for cmsOpenProfileFromFile in -llcms2... yes
checking ft2build.h usability... yes
checking ft2build.h presence... yes
checking for ft2build.h... yes
checking for -lfreetype... libfreetype.so.6
checking for FT_TrueTypeEngineType... yes
checking for pthread_getthreadid_np... no
checking pulse/pulseaudio.h usability... no
checking pulse/pulseaudio.h presence... no
checking for pulse/pulseaudio.h... no
checking gst/gst.h usability... yes
checking gst/gst.h presence... yes
checking for gst/gst.h... yes
checking whether gint64 defined by gst/gst.h is indeed 64-bit... yes
checking for gst_pad_new in -lgstreamer-1.0... yes
checking for snd_pcm_hw_params_get_access_mask in -lasound... yes
checking sys/soundcard.h usability... yes
checking sys/soundcard.h presence... yes
checking for sys/soundcard.h... yes
checking for oss_sysinfo.numaudioengines... no
checking libudev.h usability... yes
checking libudev.h presence... yes
checking for libudev.h... yes
checking for udev_new in -ludev... yes
checking for unw_step... no
checking for unw_step in libunwind... no
checking SDL2/SDL.h usability... yes
checking SDL2/SDL.h presence... yes
checking for SDL2/SDL.h... yes
checking for -lSDL2... libSDL2-2.0.so.0
checking FAudio.h usability... no
checking FAudio.h presence... no
checking for FAudio.h... no
checking for FAudio_CommitOperationSet... no
checking for F3DAudioInitialize8... no
checking for FAudioLinkedVersion... no
checking for FAudioCreateReverb9WithCustomAllocatorEXT... no
checking for capi20.h... no
checking for linux/capi.h... yes
checking cups/cups.h usability... yes
checking cups/cups.h presence... yes
checking for cups/cups.h... yes
checking cups/ppd.h usability... yes
checking cups/ppd.h presence... yes
checking for cups/ppd.h... yes
checking for -lcups... libcups.so.2
checking fontconfig/fontconfig.h usability... yes
checking fontconfig/fontconfig.h presence... yes
checking for fontconfig/fontconfig.h... yes
checking for -lfontconfig... libfontconfig.so.1
checking for -lgsm... libgsm.so.1
checking krb5/krb5.h usability... yes
checking krb5/krb5.h presence... yes
checking for krb5/krb5.h... yes
checking for -lkrb5... libkrb5.so.3
checking gssapi/gssapi.h usability... yes
checking gssapi/gssapi.h presence... yes
checking for gssapi/gssapi.h... yes
checking gssapi/gssapi_ext.h usability... yes
checking gssapi/gssapi_ext.h presence... yes
checking for gssapi/gssapi_ext.h... yes
checking for -lgssapi_krb5... libgssapi_krb5.so.2
checking jpeglib.h usability... yes
checking jpeglib.h presence... yes
checking for jpeglib.h... yes
checking for -ljpeg... libjpeg.so.8
checking png.h usability... yes
checking png.h presence... yes
checking for png.h... yes
checking for -lpng... libpng16.so.16
checking tiffio.h usability... yes
checking tiffio.h presence... yes
checking for tiffio.h... yes
checking for -ltiff... libtiff.so.5
checking mpg123.h usability... yes
checking mpg123.h presence... yes
checking for mpg123.h... yes
checking for mpg123_feed in -lmpg123... yes
checking for -lopenal... libopenal.so.1
checking for -lodbc... libodbc.so.2
checking for -lnetapi... libnetapi.so.0
checking for -lvulkan... libvulkan.so.1
checking for -lvkd3d... not found
checking for -lvkd3d-shader... not found
checking whether the compiler supports -Werror=unknown-warning-option... no
checking whether the compiler supports -Werror=unused-command-line-argument... no
checking whether the compiler supports -Werror=ignored-optimization-argument... no
checking whether the compiler supports -fcf-protection=none... yes
checking whether the compiler supports -fno-stack-protector... yes
checking whether the compiler supports -fno-strict-aliasing... yes
checking whether the compiler supports -Wdeclaration-after-statement... yes
checking whether the compiler supports -Wempty-body... yes
checking whether the compiler supports -Wignored-qualifiers... yes
checking whether the compiler supports -Wpacked-not-aligned... yes
checking whether the compiler supports -Wpragma-pack... no
checking whether the compiler supports -Wshift-overflow=2... yes
checking whether the compiler supports -Wstrict-prototypes... yes
checking whether the compiler supports -Wtype-limits... yes
checking whether the compiler supports -Wunused-but-set-parameter... yes
checking whether the compiler supports -Wvla... yes
checking whether the compiler supports -Wwrite-strings... yes
checking whether the compiler supports -fexcess-precision=standard... yes
checking whether the compiler supports -Wpointer-arith... yes
checking for broken string.h that generates warnings with -Wpointer-arith... no
checking whether the compiler supports -Wlogical-op... yes
checking for broken string.h that generates warnings with -Wlogical-op... no
checking for flags needed for 64-bit compare-and-swap support... unknown
configure: error: gcc doesn't support 64-bit compare-and-swap on this platform
=======> ERROR: Building '/usr/ports/opt/wine/wine#5.22-1.pkg.tar.xz' failed.
